{"H:\\HPX Eigen Reborn\\hpx-eigen-s1-foundation\\src\\app.ts": {"path":"H:\\HPX Eigen Reborn\\hpx-eigen-s1-foundation\\src\\app.ts","statementMap":{"0":{"start":{"line":154,"column":0},"end":{"line":154,"column":15}},"1":{"start":{"line":1,"column":7},"end":{"line":1,"column":null}},"2":{"start":{"line":2,"column":57},"end":{"line":2,"column":null}},"3":{"start":{"line":3,"column":17},"end":{"line":3,"column":null}},"4":{"start":{"line":4,"column":23},"end":{"line":4,"column":null}},"5":{"start":{"line":5,"column":29},"end":{"line":5,"column":null}},"6":{"start":{"line":6,"column":38},"end":{"line":6,"column":null}},"7":{"start":{"line":7,"column":23},"end":{"line":7,"column":null}},"8":{"start":{"line":8,"column":33},"end":{"line":8,"column":null}},"9":{"start":{"line":10,"column":33},"end":{"line":10,"column":null}},"10":{"start":{"line":11,"column":34},"end":{"line":11,"column":null}},"11":{"start":{"line":12,"column":34},"end":{"line":12,"column":null}},"12":{"start":{"line":13,"column":37},"end":{"line":13,"column":null}},"13":{"start":{"line":14,"column":34},"end":{"line":14,"column":null}},"14":{"start":{"line":17,"column":34},"end":{"line":17,"column":null}},"15":{"start":{"line":18,"column":37},"end":{"line":18,"column":null}},"16":{"start":{"line":19,"column":42},"end":{"line":19,"column":null}},"17":{"start":{"line":20,"column":39},"end":{"line":20,"column":null}},"18":{"start":{"line":21,"column":37},"end":{"line":21,"column":null}},"19":{"start":{"line":24,"column":37},"end":{"line":24,"column":null}},"20":{"start":{"line":25,"column":37},"end":{"line":25,"column":null}},"21":{"start":{"line":26,"column":45},"end":{"line":26,"column":null}},"22":{"start":{"line":29,"column":40},"end":{"line":29,"column":null}},"23":{"start":{"line":30,"column":34},"end":{"line":30,"column":null}},"24":{"start":{"line":33,"column":53},"end":{"line":33,"column":null}},"25":{"start":{"line":34,"column":34},"end":{"line":34,"column":null}},"26":{"start":{"line":36,"column":12},"end":{"line":36,"column":null}},"27":{"start":{"line":39,"column":0},"end":{"line":39,"column":null}},"28":{"start":{"line":43,"column":23},"end":{"line":49,"column":null}},"29":{"start":{"line":51,"column":0},"end":{"line":63,"column":null}},"30":{"start":{"line":54,"column":4},"end":{"line":58,"column":null}},"31":{"start":{"line":55,"column":6},"end":{"line":55,"column":null}},"32":{"start":{"line":57,"column":6},"end":{"line":57,"column":null}},"33":{"start":{"line":65,"column":0},"end":{"line":65,"column":null}},"34":{"start":{"line":68,"column":0},"end":{"line":70,"column":null}},"35":{"start":{"line":69,"column":2},"end":{"line":69,"column":null}},"36":{"start":{"line":73,"column":0},"end":{"line":73,"column":null}},"37":{"start":{"line":74,"column":0},"end":{"line":74,"column":null}},"38":{"start":{"line":75,"column":0},"end":{"line":75,"column":null}},"39":{"start":{"line":76,"column":0},"end":{"line":76,"column":null}},"40":{"start":{"line":77,"column":0},"end":{"line":77,"column":null}},"41":{"start":{"line":80,"column":0},"end":{"line":80,"column":null}},"42":{"start":{"line":81,"column":0},"end":{"line":81,"column":null}},"43":{"start":{"line":82,"column":0},"end":{"line":82,"column":null}},"44":{"start":{"line":83,"column":0},"end":{"line":83,"column":null}},"45":{"start":{"line":84,"column":0},"end":{"line":84,"column":null}},"46":{"start":{"line":87,"column":0},"end":{"line":87,"column":null}},"47":{"start":{"line":88,"column":0},"end":{"line":88,"column":null}},"48":{"start":{"line":91,"column":0},"end":{"line":91,"column":null}},"49":{"start":{"line":94,"column":0},"end":{"line":94,"column":null}},"50":{"start":{"line":95,"column":0},"end":{"line":95,"column":null}},"51":{"start":{"line":100,"column":26},"end":{"line":100,"column":null}},"52":{"start":{"line":103,"column":0},"end":{"line":113,"column":null}},"53":{"start":{"line":104,"column":2},"end":{"line":112,"column":null}},"54":{"start":{"line":105,"column":33},"end":{"line":105,"column":67}},"55":{"start":{"line":106,"column":30},"end":{"line":106,"column":38}},"56":{"start":{"line":108,"column":23},"end":{"line":108,"column":null}},"57":{"start":{"line":109,"column":4},"end":{"line":109,"column":null}},"58":{"start":{"line":111,"column":4},"end":{"line":111,"column":null}},"59":{"start":{"line":116,"column":0},"end":{"line":126,"column":null}},"60":{"start":{"line":117,"column":2},"end":{"line":125,"column":null}},"61":{"start":{"line":118,"column":33},"end":{"line":118,"column":67}},"62":{"start":{"line":119,"column":22},"end":{"line":119,"column":30}},"63":{"start":{"line":121,"column":19},"end":{"line":121,"column":null}},"64":{"start":{"line":122,"column":4},"end":{"line":122,"column":null}},"65":{"start":{"line":124,"column":4},"end":{"line":124,"column":null}},"66":{"start":{"line":129,"column":0},"end":{"line":152,"column":null}},"67":{"start":{"line":130,"column":24},"end":{"line":130,"column":null}},"68":{"start":{"line":132,"column":2},"end":{"line":142,"column":null}},"69":{"start":{"line":134,"column":4},"end":{"line":134,"column":null}},"70":{"start":{"line":135,"column":4},"end":{"line":140,"column":null}},"71":{"start":{"line":141,"column":4},"end":{"line":141,"column":null}},"72":{"start":{"line":145,"column":2},"end":{"line":145,"column":null}},"73":{"start":{"line":147,"column":2},"end":{"line":151,"column":null}},"74":{"start":{"line":154,"column":15},"end":{"line":154,"column":null}}},"fnMap":{"0":{"name":"(anonymous_2)","decl":{"start":{"line":52,"column":10},"end":{"line":52,"column":11}},"loc":{"start":{"line":52,"column":19},"end":{"line":59,"column":null}}},"1":{"name":"(anonymous_3)","decl":{"start":{"line":68,"column":19},"end":{"line":68,"column":20}},"loc":{"start":{"line":68,"column":35},"end":{"line":70,"column":null}}},"2":{"name":"(anonymous_4)","decl":{"start":{"line":103,"column":45},"end":{"line":103,"column":52}},"loc":{"start":{"line":103,"column":81},"end":{"line":113,"column":null}}},"3":{"name":"(anonymous_5)","decl":{"start":{"line":116,"column":52},"end":{"line":116,"column":59}},"loc":{"start":{"line":116,"column":88},"end":{"line":126,"column":null}}},"4":{"name":"(anonymous_6)","decl":{"start":{"line":129,"column":8},"end":{"line":129,"column":9}},"loc":{"start":{"line":129,"column":53},"end":{"line":152,"column":null}}}},"branchMap":{"0":{"loc":{"start":{"line":54,"column":4},"end":{"line":58,"column":null}},"type":"if","locations":[{"start":{"line":54,"column":4},"end":{"line":58,"column":null}},{"start":{"line":56,"column":11},"end":{"line":58,"column":null}}]},"1":{"loc":{"start":{"line":54,"column":8},"end":{"line":54,"column":52}},"type":"binary-expr","locations":[{"start":{"line":54,"column":8},"end":{"line":54,"column":19}},{"start":{"line":54,"column":19},"end":{"line":54,"column":52}}]},"2":{"loc":{"start":{"line":130,"column":24},"end":{"line":130,"column":null}},"type":"binary-expr","locations":[{"start":{"line":130,"column":24},"end":{"line":130,"column":46}},{"start":{"line":130,"column":46},"end":{"line":130,"column":null}}]},"3":{"loc":{"start":{"line":132,"column":2},"end":{"line":142,"column":null}},"type":"if","locations":[{"start":{"line":132,"column":2},"end":{"line":142,"column":null}}]}},"s":{"0":7,"1":1,"2":1,"3":1,"4":1,"5":1,"6":1,"7":1,"8":1,"9":1,"10":1,"11":1,"12":1,"13":1,"14":1,"15":1,"16":1,"17":1,"18":1,"19":1,"20":1,"21":1,"22":1,"23":1,"24":1,"25":1,"26":1,"27":1,"28":1,"29":1,"30":7,"31":7,"32":0,"33":1,"34":1,"35":0,"36":1,"37":1,"38":1,"39":1,"40":1,"41":1,"42":1,"43":1,"44":1,"45":1,"46":1,"47":1,"48":1,"49":1,"50":1,"51":1,"52":1,"53":0,"54":0,"55":0,"56":0,"57":0,"58":0,"59":1,"60":0,"61":0,"62":0,"63":0,"64":0,"65":0,"66":1,"67":1,"68":1,"69":1,"70":1,"71":1,"72":0,"73":0,"74":1},"f":{"0":7,"1":0,"2":0,"3":0,"4":1},"b":{"0":[7,0],"1":[7,0],"2":[1,0],"3":[1]}}
,"H:\\HPX Eigen Reborn\\hpx-eigen-s1-foundation\\src\\db.ts": {"path":"H:\\HPX Eigen Reborn\\hpx-eigen-s1-foundation\\src\\db.ts","statementMap":{"0":{"start":{"line":38,"column":13},"end":{"line":38,"column":22}},"1":{"start":{"line":1,"column":37},"end":{"line":1,"column":null}},"2":{"start":{"line":2,"column":34},"end":{"line":2,"column":null}},"3":{"start":{"line":11,"column":2},"end":{"line":14,"column":null}},"4":{"start":{"line":16,"column":0},"end":{"line":18,"column":null}},"5":{"start":{"line":17,"column":2},"end":{"line":17,"column":null}},"6":{"start":{"line":21,"column":27},"end":{"line":34,"column":null}},"7":{"start":{"line":38,"column":22},"end":{"line":93,"column":null}},"8":{"start":{"line":42,"column":27},"end":{"line":42,"column":null}},"9":{"start":{"line":43,"column":8},"end":{"line":45,"column":null}},"10":{"start":{"line":44,"column":10},"end":{"line":44,"column":null}},"11":{"start":{"line":48,"column":8},"end":{"line":53,"column":null}},"12":{"start":{"line":49,"column":10},"end":{"line":49,"column":null}},"13":{"start":{"line":52,"column":10},"end":{"line":52,"column":null}},"14":{"start":{"line":55,"column":8},"end":{"line":87,"column":null}},"15":{"start":{"line":64,"column":10},"end":{"line":68,"column":null}},"16":{"start":{"line":69,"column":15},"end":{"line":87,"column":null}},"17":{"start":{"line":70,"column":10},"end":{"line":73,"column":null}},"18":{"start":{"line":74,"column":15},"end":{"line":87,"column":null}},"19":{"start":{"line":75,"column":10},"end":{"line":78,"column":null}},"20":{"start":{"line":79,"column":10},"end":{"line":82,"column":null}},"21":{"start":{"line":83,"column":10},"end":{"line":86,"column":null}},"22":{"start":{"line":89,"column":8},"end":{"line":89,"column":null}}},"fnMap":{"0":{"name":"(anonymous_1)","decl":{"start":{"line":41,"column":6},"end":{"line":41,"column":12}},"loc":{"start":{"line":41,"column":60},"end":{"line":90,"column":null}}}},"branchMap":{"0":{"loc":{"start":{"line":11,"column":2},"end":{"line":14,"column":null}},"type":"binary-expr","locations":[{"start":{"line":11,"column":2},"end":{"line":11,"column":17}},{"start":{"line":12,"column":2},"end":{"line":14,"column":null}}]},"1":{"loc":{"start":{"line":13,"column":9},"end":{"line":13,"column":null}},"type":"cond-expr","locations":[{"start":{"line":13,"column":50},"end":{"line":13,"column":79}},{"start":{"line":13,"column":79},"end":{"line":13,"column":null}}]},"2":{"loc":{"start":{"line":16,"column":0},"end":{"line":18,"column":null}},"type":"if","locations":[{"start":{"line":16,"column":0},"end":{"line":18,"column":null}}]},"3":{"loc":{"start":{"line":42,"column":27},"end":{"line":42,"column":null}},"type":"binary-expr","locations":[{"start":{"line":42,"column":27},"end":{"line":42,"column":35}},{"start":{"line":42,"column":35},"end":{"line":42,"column":null}}]},"4":{"loc":{"start":{"line":43,"column":8},"end":{"line":45,"column":null}},"type":"if","locations":[{"start":{"line":43,"column":8},"end":{"line":45,"column":null}}]},"5":{"loc":{"start":{"line":55,"column":8},"end":{"line":87,"column":null}},"type":"if","locations":[{"start":{"line":55,"column":8},"end":{"line":87,"column":null}},{"start":{"line":69,"column":15},"end":{"line":87,"column":null}}]},"6":{"loc":{"start":{"line":56,"column":10},"end":{"line":62,"column":null}},"type":"binary-expr","locations":[{"start":{"line":56,"column":10},"end":{"line":56,"column":null}},{"start":{"line":57,"column":10},"end":{"line":57,"column":null}},{"start":{"line":58,"column":10},"end":{"line":58,"column":null}},{"start":{"line":59,"column":10},"end":{"line":59,"column":null}},{"start":{"line":60,"column":10},"end":{"line":60,"column":null}},{"start":{"line":61,"column":10},"end":{"line":61,"column":null}},{"start":{"line":62,"column":10},"end":{"line":62,"column":null}}]},"7":{"loc":{"start":{"line":65,"column":16},"end":{"line":65,"column":47}},"type":"binary-expr","locations":[{"start":{"line":65,"column":16},"end":{"line":65,"column":31}},{"start":{"line":65,"column":45},"end":{"line":65,"column":47}}]},"8":{"loc":{"start":{"line":69,"column":15},"end":{"line":87,"column":null}},"type":"if","locations":[{"start":{"line":69,"column":15},"end":{"line":87,"column":null}},{"start":{"line":74,"column":15},"end":{"line":87,"column":null}}]},"9":{"loc":{"start":{"line":71,"column":16},"end":{"line":71,"column":46}},"type":"binary-expr","locations":[{"start":{"line":71,"column":16},"end":{"line":71,"column":30}},{"start":{"line":71,"column":44},"end":{"line":71,"column":46}}]},"10":{"loc":{"start":{"line":74,"column":15},"end":{"line":87,"column":null}},"type":"if","locations":[{"start":{"line":74,"column":15},"end":{"line":87,"column":null}}]},"11":{"loc":{"start":{"line":76,"column":16},"end":{"line":76,"column":47}},"type":"binary-expr","locations":[{"start":{"line":76,"column":16},"end":{"line":76,"column":31}},{"start":{"line":76,"column":45},"end":{"line":76,"column":47}}]},"12":{"loc":{"start":{"line":80,"column":16},"end":{"line":80,"column":48}},"type":"binary-expr","locations":[{"start":{"line":80,"column":16},"end":{"line":80,"column":32}},{"start":{"line":80,"column":46},"end":{"line":80,"column":48}}]},"13":{"loc":{"start":{"line":84,"column":16},"end":{"line":84,"column":48}},"type":"binary-expr","locations":[{"start":{"line":84,"column":16},"end":{"line":84,"column":32}},{"start":{"line":84,"column":46},"end":{"line":84,"column":48}}]}},"s":{"0":23,"1":1,"2":1,"3":1,"4":1,"5":1,"6":1,"7":1,"8":30,"9":30,"10":19,"11":11,"12":11,"13":11,"14":0,"15":0,"16":0,"17":0,"18":0,"19":0,"20":0,"21":0,"22":0},"f":{"0":30},"b":{"0":[1,1],"1":[0,1],"2":[1],"3":[30,0],"4":[19],"5":[0,0],"6":[0,0,0,0,0,0,0],"7":[0,0],"8":[0,0],"9":[0,0],"10":[0],"11":[0,0],"12":[0,0],"13":[0,0]}}
,"H:\\HPX Eigen Reborn\\hpx-eigen-s1-foundation\\src\\redis.ts": {"path":"H:\\HPX Eigen Reborn\\hpx-eigen-s1-foundation\\src\\redis.ts","statementMap":{"0":{"start":{"line":184,"column":22},"end":{"line":184,"column":null}},"1":{"start":{"line":135,"column":22},"end":{"line":135,"column":31}},"2":{"start":{"line":103,"column":22},"end":{"line":103,"column":31}},"3":{"start":{"line":150,"column":22},"end":{"line":150,"column":32}},"4":{"start":{"line":172,"column":13},"end":{"line":172,"column":25}},"5":{"start":{"line":118,"column":22},"end":{"line":118,"column":31}},"6":{"start":{"line":7,"column":18},"end":{"line":7,"column":null}},"7":{"start":{"line":9,"column":28},"end":{"line":9,"column":null}},"8":{"start":{"line":10,"column":19},"end":{"line":10,"column":null}},"9":{"start":{"line":12,"column":0},"end":{"line":12,"column":null}},"10":{"start":{"line":12,"column":5},"end":{"line":12,"column":null}},"11":{"start":{"line":18,"column":4},"end":{"line":18,"column":null}},"12":{"start":{"line":19,"column":30},"end":{"line":19,"column":null}},"13":{"start":{"line":20,"column":22},"end":{"line":20,"column":null}},"14":{"start":{"line":21,"column":29},"end":{"line":21,"column":null}},"15":{"start":{"line":23,"column":26},"end":{"line":23,"column":null}},"16":{"start":{"line":24,"column":17},"end":{"line":24,"column":null}},"17":{"start":{"line":27,"column":2},"end":{"line":27,"column":null}},"18":{"start":{"line":27,"column":44},"end":{"line":27,"column":null}},"19":{"start":{"line":29,"column":2},"end":{"line":36,"column":null}},"20":{"start":{"line":30,"column":4},"end":{"line":34,"column":null}},"21":{"start":{"line":31,"column":6},"end":{"line":31,"column":null}},"22":{"start":{"line":32,"column":6},"end":{"line":32,"column":null}},"23":{"start":{"line":33,"column":6},"end":{"line":33,"column":null}},"24":{"start":{"line":35,"column":4},"end":{"line":35,"column":null}},"25":{"start":{"line":38,"column":2},"end":{"line":44,"column":null}},"26":{"start":{"line":39,"column":4},"end":{"line":41,"column":null}},"27":{"start":{"line":40,"column":6},"end":{"line":40,"column":20}},"28":{"start":{"line":42,"column":4},"end":{"line":42,"column":null}},"29":{"start":{"line":43,"column":4},"end":{"line":43,"column":null}},"30":{"start":{"line":46,"column":2},"end":{"line":46,"column":null}},"31":{"start":{"line":50,"column":2},"end":{"line":50,"column":null}},"32":{"start":{"line":51,"column":2},"end":{"line":55,"column":null}},"33":{"start":{"line":52,"column":4},"end":{"line":52,"column":null}},"34":{"start":{"line":53,"column":4},"end":{"line":53,"column":null}},"35":{"start":{"line":54,"column":4},"end":{"line":54,"column":null}},"36":{"start":{"line":59,"column":2},"end":{"line":59,"column":null}},"37":{"start":{"line":60,"column":2},"end":{"line":60,"column":null}},"38":{"start":{"line":62,"column":2},"end":{"line":69,"column":null}},"39":{"start":{"line":63,"column":4},"end":{"line":63,"column":null}},"40":{"start":{"line":64,"column":4},"end":{"line":64,"column":null}},"41":{"start":{"line":65,"column":4},"end":{"line":65,"column":null}},"42":{"start":{"line":66,"column":9},"end":{"line":69,"column":null}},"43":{"start":{"line":67,"column":4},"end":{"line":67,"column":null}},"44":{"start":{"line":68,"column":4},"end":{"line":68,"column":null}},"45":{"start":{"line":73,"column":2},"end":{"line":73,"column":null}},"46":{"start":{"line":73,"column":20},"end":{"line":73,"column":null}},"47":{"start":{"line":74,"column":2},"end":{"line":74,"column":null}},"48":{"start":{"line":74,"column":15},"end":{"line":74,"column":null}},"49":{"start":{"line":76,"column":14},"end":{"line":76,"column":35}},"50":{"start":{"line":77,"column":2},"end":{"line":81,"column":null}},"51":{"start":{"line":78,"column":4},"end":{"line":78,"column":null}},"52":{"start":{"line":79,"column":4},"end":{"line":79,"column":null}},"53":{"start":{"line":80,"column":4},"end":{"line":80,"column":null}},"54":{"start":{"line":83,"column":2},"end":{"line":99,"column":null}},"55":{"start":{"line":84,"column":4},"end":{"line":88,"column":null}},"56":{"start":{"line":90,"column":4},"end":{"line":92,"column":null}},"57":{"start":{"line":91,"column":6},"end":{"line":91,"column":null}},"58":{"start":{"line":94,"column":4},"end":{"line":94,"column":null}},"59":{"start":{"line":96,"column":4},"end":{"line":96,"column":null}},"60":{"start":{"line":97,"column":4},"end":{"line":97,"column":null}},"61":{"start":{"line":98,"column":4},"end":{"line":98,"column":null}},"62":{"start":{"line":104,"column":2},"end":{"line":104,"column":null}},"63":{"start":{"line":104,"column":23},"end":{"line":104,"column":null}},"64":{"start":{"line":105,"column":2},"end":{"line":114,"column":null}},"65":{"start":{"line":106,"column":19},"end":{"line":106,"column":null}},"66":{"start":{"line":107,"column":4},"end":{"line":107,"column":null}},"67":{"start":{"line":107,"column":17},"end":{"line":107,"column":null}},"68":{"start":{"line":108,"column":19},"end":{"line":108,"column":null}},"69":{"start":{"line":109,"column":4},"end":{"line":109,"column":null}},"70":{"start":{"line":110,"column":4},"end":{"line":110,"column":null}},"71":{"start":{"line":112,"column":4},"end":{"line":112,"column":null}},"72":{"start":{"line":113,"column":4},"end":{"line":113,"column":null}},"73":{"start":{"line":119,"column":2},"end":{"line":119,"column":null}},"74":{"start":{"line":119,"column":23},"end":{"line":119,"column":null}},"75":{"start":{"line":120,"column":2},"end":{"line":131,"column":null}},"76":{"start":{"line":121,"column":19},"end":{"line":121,"column":null}},"77":{"start":{"line":122,"column":4},"end":{"line":122,"column":null}},"78":{"start":{"line":122,"column":17},"end":{"line":122,"column":null}},"79":{"start":{"line":123,"column":4},"end":{"line":127,"column":null}},"80":{"start":{"line":124,"column":6},"end":{"line":124,"column":null}},"81":{"start":{"line":126,"column":6},"end":{"line":126,"column":null}},"82":{"start":{"line":128,"column":4},"end":{"line":128,"column":null}},"83":{"start":{"line":130,"column":4},"end":{"line":130,"column":null}},"84":{"start":{"line":136,"column":2},"end":{"line":136,"column":null}},"85":{"start":{"line":136,"column":23},"end":{"line":136,"column":null}},"86":{"start":{"line":137,"column":2},"end":{"line":146,"column":null}},"87":{"start":{"line":138,"column":19},"end":{"line":138,"column":null}},"88":{"start":{"line":139,"column":4},"end":{"line":139,"column":null}},"89":{"start":{"line":139,"column":17},"end":{"line":139,"column":null}},"90":{"start":{"line":140,"column":19},"end":{"line":140,"column":null}},"91":{"start":{"line":141,"column":4},"end":{"line":141,"column":null}},"92":{"start":{"line":142,"column":4},"end":{"line":142,"column":null}},"93":{"start":{"line":144,"column":4},"end":{"line":144,"column":null}},"94":{"start":{"line":145,"column":4},"end":{"line":145,"column":null}},"95":{"start":{"line":151,"column":2},"end":{"line":151,"column":null}},"96":{"start":{"line":151,"column":23},"end":{"line":151,"column":null}},"97":{"start":{"line":152,"column":2},"end":{"line":161,"column":null}},"98":{"start":{"line":153,"column":19},"end":{"line":153,"column":null}},"99":{"start":{"line":154,"column":4},"end":{"line":154,"column":null}},"100":{"start":{"line":154,"column":17},"end":{"line":154,"column":null}},"101":{"start":{"line":155,"column":19},"end":{"line":155,"column":null}},"102":{"start":{"line":156,"column":4},"end":{"line":156,"column":null}},"103":{"start":{"line":157,"column":4},"end":{"line":157,"column":null}},"104":{"start":{"line":159,"column":4},"end":{"line":159,"column":null}},"105":{"start":{"line":160,"column":4},"end":{"line":160,"column":null}},"106":{"start":{"line":172,"column":25},"end":{"line":182,"column":null}},"107":{"start":{"line":175,"column":4},"end":{"line":175,"column":29}},"108":{"start":{"line":177,"column":4},"end":{"line":177,"column":37}},"109":{"start":{"line":179,"column":4},"end":{"line":179,"column":57}},"110":{"start":{"line":181,"column":4},"end":{"line":181,"column":33}},"111":{"start":{"line":185,"column":2},"end":{"line":188,"column":null}},"112":{"start":{"line":186,"column":4},"end":{"line":186,"column":null}},"113":{"start":{"line":187,"column":4},"end":{"line":187,"column":null}}},"fnMap":{"0":{"name":"(anonymous_8)","decl":{"start":{"line":12,"column":0},"end":{"line":12,"column":5}},"loc":{"start":{"line":12,"column":5},"end":{"line":12,"column":null}}},"1":{"name":"checkCircuit","decl":{"start":{"line":26,"column":9},"end":{"line":26,"column":null}},"loc":{"start":{"line":26,"column":9},"end":{"line":47,"column":null}}},"2":{"name":"recordSuccess","decl":{"start":{"line":49,"column":9},"end":{"line":49,"column":null}},"loc":{"start":{"line":49,"column":9},"end":{"line":56,"column":null}}},"3":{"name":"recordFailure","decl":{"start":{"line":58,"column":9},"end":{"line":58,"column":23}},"loc":{"start":{"line":58,"column":35},"end":{"line":70,"column":null}}},"4":{"name":"getClient","decl":{"start":{"line":72,"column":9},"end":{"line":72,"column":null}},"loc":{"start":{"line":72,"column":9},"end":{"line":100,"column":null}}},"5":{"name":"(anonymous_13)","decl":{"start":{"line":90,"column":24},"end":{"line":90,"column":25}},"loc":{"start":{"line":90,"column":25},"end":{"line":92,"column":null}}},"6":{"name":"redisGet","decl":{"start":{"line":103,"column":22},"end":{"line":103,"column":31}},"loc":{"start":{"line":103,"column":42},"end":{"line":115,"column":null}}},"7":{"name":"redisSet","decl":{"start":{"line":118,"column":22},"end":{"line":118,"column":31}},"loc":{"start":{"line":118,"column":78},"end":{"line":132,"column":null}}},"8":{"name":"redisDel","decl":{"start":{"line":135,"column":22},"end":{"line":135,"column":31}},"loc":{"start":{"line":135,"column":42},"end":{"line":147,"column":null}}},"9":{"name":"redisIncr","decl":{"start":{"line":150,"column":22},"end":{"line":150,"column":32}},"loc":{"start":{"line":150,"column":43},"end":{"line":162,"column":null}}},"10":{"name":"(anonymous_18)","decl":{"start":{"line":174,"column":16},"end":{"line":174,"column":17}},"loc":{"start":{"line":175,"column":4},"end":{"line":175,"column":29}}},"11":{"name":"(anonymous_19)","decl":{"start":{"line":176,"column":15},"end":{"line":176,"column":16}},"loc":{"start":{"line":177,"column":4},"end":{"line":177,"column":37}}},"12":{"name":"(anonymous_20)","decl":{"start":{"line":178,"column":13},"end":{"line":178,"column":14}},"loc":{"start":{"line":179,"column":4},"end":{"line":179,"column":57}}},"13":{"name":"(anonymous_21)","decl":{"start":{"line":180,"column":17},"end":{"line":180,"column":18}},"loc":{"start":{"line":181,"column":4},"end":{"line":181,"column":33}}},"14":{"name":"redisClose","decl":{"start":{"line":184,"column":22},"end":{"line":184,"column":null}},"loc":{"start":{"line":184,"column":22},"end":{"line":189,"column":null}}}},"branchMap":{"0":{"loc":{"start":{"line":12,"column":5},"end":{"line":12,"column":null}},"type":"binary-expr","locations":[{"start":{"line":12,"column":5},"end":{"line":12,"column":null}},{"start":{"line":12,"column":5},"end":{"line":12,"column":null}}]},"1":{"loc":{"start":{"line":23,"column":35},"end":{"line":23,"column":87}},"type":"binary-expr","locations":[{"start":{"line":23,"column":35},"end":{"line":23,"column":78}},{"start":{"line":23,"column":82},"end":{"line":23,"column":87}}]},"2":{"loc":{"start":{"line":24,"column":26},"end":{"line":24,"column":73}},"type":"binary-expr","locations":[{"start":{"line":24,"column":26},"end":{"line":24,"column":60}},{"start":{"line":24,"column":64},"end":{"line":24,"column":73}}]},"3":{"loc":{"start":{"line":27,"column":2},"end":{"line":27,"column":null}},"type":"if","locations":[{"start":{"line":27,"column":2},"end":{"line":27,"column":null}}]},"4":{"loc":{"start":{"line":29,"column":2},"end":{"line":36,"column":null}},"type":"if","locations":[{"start":{"line":29,"column":2},"end":{"line":36,"column":null}}]},"5":{"loc":{"start":{"line":30,"column":4},"end":{"line":34,"column":null}},"type":"if","locations":[{"start":{"line":30,"column":4},"end":{"line":34,"column":null}}]},"6":{"loc":{"start":{"line":38,"column":2},"end":{"line":44,"column":null}},"type":"if","locations":[{"start":{"line":38,"column":2},"end":{"line":44,"column":null}}]},"7":{"loc":{"start":{"line":39,"column":4},"end":{"line":41,"column":null}},"type":"if","locations":[{"start":{"line":39,"column":4},"end":{"line":41,"column":null}}]},"8":{"loc":{"start":{"line":51,"column":2},"end":{"line":55,"column":null}},"type":"if","locations":[{"start":{"line":51,"column":2},"end":{"line":55,"column":null}}]},"9":{"loc":{"start":{"line":62,"column":2},"end":{"line":69,"column":null}},"type":"if","locations":[{"start":{"line":62,"column":2},"end":{"line":69,"column":null}},{"start":{"line":66,"column":9},"end":{"line":69,"column":null}}]},"10":{"loc":{"start":{"line":66,"column":9},"end":{"line":69,"column":null}},"type":"if","locations":[{"start":{"line":66,"column":9},"end":{"line":69,"column":null}}]},"11":{"loc":{"start":{"line":66,"column":13},"end":{"line":66,"column":99}},"type":"binary-expr","locations":[{"start":{"line":66,"column":13},"end":{"line":66,"column":53}},{"start":{"line":66,"column":53},"end":{"line":66,"column":99}}]},"12":{"loc":{"start":{"line":73,"column":2},"end":{"line":73,"column":null}},"type":"if","locations":[{"start":{"line":73,"column":2},"end":{"line":73,"column":null}}]},"13":{"loc":{"start":{"line":74,"column":2},"end":{"line":74,"column":null}},"type":"if","locations":[{"start":{"line":74,"column":2},"end":{"line":74,"column":null}}]},"14":{"loc":{"start":{"line":77,"column":2},"end":{"line":81,"column":null}},"type":"if","locations":[{"start":{"line":77,"column":2},"end":{"line":81,"column":null}}]},"15":{"loc":{"start":{"line":104,"column":2},"end":{"line":104,"column":null}},"type":"if","locations":[{"start":{"line":104,"column":2},"end":{"line":104,"column":null}}]},"16":{"loc":{"start":{"line":107,"column":4},"end":{"line":107,"column":null}},"type":"if","locations":[{"start":{"line":107,"column":4},"end":{"line":107,"column":null}}]},"17":{"loc":{"start":{"line":119,"column":2},"end":{"line":119,"column":null}},"type":"if","locations":[{"start":{"line":119,"column":2},"end":{"line":119,"column":null}}]},"18":{"loc":{"start":{"line":122,"column":4},"end":{"line":122,"column":null}},"type":"if","locations":[{"start":{"line":122,"column":4},"end":{"line":122,"column":null}}]},"19":{"loc":{"start":{"line":123,"column":4},"end":{"line":127,"column":null}},"type":"if","locations":[{"start":{"line":123,"column":4},"end":{"line":127,"column":null}},{"start":{"line":125,"column":11},"end":{"line":127,"column":null}}]},"20":{"loc":{"start":{"line":136,"column":2},"end":{"line":136,"column":null}},"type":"if","locations":[{"start":{"line":136,"column":2},"end":{"line":136,"column":null}}]},"21":{"loc":{"start":{"line":139,"column":4},"end":{"line":139,"column":null}},"type":"if","locations":[{"start":{"line":139,"column":4},"end":{"line":139,"column":null}}]},"22":{"loc":{"start":{"line":151,"column":2},"end":{"line":151,"column":null}},"type":"if","locations":[{"start":{"line":151,"column":2},"end":{"line":151,"column":null}}]},"23":{"loc":{"start":{"line":154,"column":4},"end":{"line":154,"column":null}},"type":"if","locations":[{"start":{"line":154,"column":4},"end":{"line":154,"column":null}}]},"24":{"loc":{"start":{"line":185,"column":2},"end":{"line":188,"column":null}},"type":"if","locations":[{"start":{"line":185,"column":2},"end":{"line":188,"column":null}}]}},"s":{"0":0,"1":3,"2":10,"3":0,"4":15,"5":10,"6":2,"7":2,"8":2,"9":2,"10":2,"11":2,"12":2,"13":2,"14":2,"15":2,"16":2,"17":23,"18":23,"19":0,"20":0,"21":0,"22":0,"23":0,"24":0,"25":0,"26":0,"27":0,"28":0,"29":0,"30":0,"31":0,"32":0,"33":0,"34":0,"35":0,"36":0,"37":0,"38":0,"39":0,"40":0,"41":0,"42":0,"43":0,"44":0,"45":23,"46":21,"47":2,"48":0,"49":2,"50":2,"51":2,"52":2,"53":2,"54":0,"55":0,"56":0,"57":0,"58":0,"59":0,"60":0,"61":0,"62":10,"63":0,"64":10,"65":10,"66":10,"67":10,"68":0,"69":0,"70":0,"71":0,"72":0,"73":10,"74":0,"75":10,"76":10,"77":10,"78":10,"79":0,"80":0,"81":0,"82":0,"83":0,"84":3,"85":0,"86":3,"87":3,"88":3,"89":3,"90":0,"91":0,"92":0,"93":0,"94":0,"95":0,"96":0,"97":0,"98":0,"99":0,"100":0,"101":0,"102":0,"103":0,"104":0,"105":0,"106":2,"107":4,"108":0,"109":0,"110":11,"111":0,"112":0,"113":0},"f":{"0":2,"1":23,"2":0,"3":0,"4":23,"5":0,"6":10,"7":10,"8":3,"9":0,"10":4,"11":0,"12":0,"13":11,"14":0},"b":{"0":[2,2],"1":[2,2],"2":[2,2],"3":[23],"4":[0],"5":[0],"6":[0],"7":[0],"8":[0],"9":[0,0],"10":[0],"11":[0,0],"12":[21],"13":[0],"14":[2],"15":[0],"16":[10],"17":[0],"18":[10],"19":[0,0],"20":[0],"21":[3],"22":[0],"23":[0],"24":[0]}}
,"H:\\HPX Eigen Reborn\\hpx-eigen-s1-foundation\\src\\server.ts": {"path":"H:\\HPX Eigen Reborn\\hpx-eigen-s1-foundation\\src\\server.ts","statementMap":{"0":{"start":{"line":6,"column":13},"end":{"line":6,"column":null}},"1":{"start":{"line":8,"column":15},"end":{"line":8,"column":null}},"2":{"start":{"line":10,"column":0},"end":{"line":20,"column":null}},"3":{"start":{"line":11,"column":2},"end":{"line":18,"column":null}},"4":{"start":{"line":27,"column":0},"end":{"line":40,"column":null}},"5":{"start":{"line":28,"column":2},"end":{"line":36,"column":null}},"6":{"start":{"line":39,"column":2},"end":{"line":39,"column":null}},"7":{"start":{"line":42,"column":0},"end":{"line":45,"column":null}},"8":{"start":{"line":43,"column":2},"end":{"line":43,"column":null}},"9":{"start":{"line":44,"column":2},"end":{"line":44,"column":null}},"10":{"start":{"line":47,"column":0},"end":{"line":50,"column":null}},"11":{"start":{"line":48,"column":2},"end":{"line":48,"column":null}},"12":{"start":{"line":49,"column":2},"end":{"line":49,"column":null}},"13":{"start":{"line":52,"column":17},"end":{"line":63,"column":null}},"14":{"start":{"line":53,"column":2},"end":{"line":53,"column":null}},"15":{"start":{"line":55,"column":2},"end":{"line":62,"column":null}},"16":{"start":{"line":56,"column":4},"end":{"line":61,"column":null}},"17":{"start":{"line":57,"column":6},"end":{"line":57,"column":null}},"18":{"start":{"line":58,"column":6},"end":{"line":58,"column":null}},"19":{"start":{"line":60,"column":6},"end":{"line":60,"column":null}},"20":{"start":{"line":65,"column":0},"end":{"line":67,"column":null}},"21":{"start":{"line":66,"column":2},"end":{"line":66,"column":null}},"22":{"start":{"line":69,"column":0},"end":{"line":71,"column":null}},"23":{"start":{"line":70,"column":2},"end":{"line":70,"column":null}}},"fnMap":{"0":{"name":"(anonymous_0)","decl":{"start":{"line":10,"column":23},"end":{"line":10,"column":null}},"loc":{"start":{"line":10,"column":23},"end":{"line":20,"column":null}}},"1":{"name":"(anonymous_1)","decl":{"start":{"line":27,"column":19},"end":{"line":27,"column":20}},"loc":{"start":{"line":27,"column":20},"end":{"line":40,"column":null}}},"2":{"name":"(anonymous_2)","decl":{"start":{"line":42,"column":32},"end":{"line":42,"column":33}},"loc":{"start":{"line":42,"column":33},"end":{"line":45,"column":null}}},"3":{"name":"(anonymous_3)","decl":{"start":{"line":47,"column":33},"end":{"line":47,"column":34}},"loc":{"start":{"line":47,"column":34},"end":{"line":50,"column":null}}},"4":{"name":"(anonymous_4)","decl":{"start":{"line":52,"column":17},"end":{"line":52,"column":24}},"loc":{"start":{"line":52,"column":24},"end":{"line":63,"column":null}}},"5":{"name":"(anonymous_5)","decl":{"start":{"line":55,"column":15},"end":{"line":55,"column":null}},"loc":{"start":{"line":55,"column":15},"end":{"line":62,"column":null}}},"6":{"name":"(anonymous_6)","decl":{"start":{"line":65,"column":21},"end":{"line":65,"column":null}},"loc":{"start":{"line":65,"column":21},"end":{"line":67,"column":null}}},"7":{"name":"(anonymous_7)","decl":{"start":{"line":69,"column":22},"end":{"line":69,"column":null}},"loc":{"start":{"line":69,"column":22},"end":{"line":71,"column":null}}}},"branchMap":{"0":{"loc":{"start":{"line":6,"column":20},"end":{"line":6,"column":null}},"type":"binary-expr","locations":[{"start":{"line":6,"column":20},"end":{"line":6,"column":36}},{"start":{"line":6,"column":40},"end":{"line":6,"column":null}}]},"1":{"loc":{"start":{"line":15,"column":11},"end":{"line":15,"column":null}},"type":"binary-expr","locations":[{"start":{"line":15,"column":11},"end":{"line":15,"column":31}},{"start":{"line":15,"column":35},"end":{"line":15,"column":null}}]}},"s":{"0":0,"1":0,"2":0,"3":0,"4":0,"5":0,"6":0,"7":0,"8":0,"9":0,"10":0,"11":0,"12":0,"13":0,"14":0,"15":0,"16":0,"17":0,"18":0,"19":0,"20":0,"21":0,"22":0,"23":0},"f":{"0":0,"1":0,"2":0,"3":0,"4":0,"5":0,"6":0,"7":0},"b":{"0":[0,0],"1":[0,0]}}
,"H:\\HPX Eigen Reborn\\hpx-eigen-s1-foundation\\src\\config\\rate-limit\\base.ts": {"path":"H:\\HPX Eigen Reborn\\hpx-eigen-s1-foundation\\src\\config\\rate-limit\\base.ts","statementMap":{"0":{"start":{"line":9,"column":13},"end":{"line":9,"column":43}},"1":{"start":{"line":9,"column":43},"end":{"line":18,"column":null}}},"fnMap":{},"branchMap":{},"s":{"0":3,"1":1},"f":{},"b":{}}
,"H:\\HPX Eigen Reborn\\hpx-eigen-s1-foundation\\src\\config\\rate-limit\\development.ts": {"path":"H:\\HPX Eigen Reborn\\hpx-eigen-s1-foundation\\src\\config\\rate-limit\\development.ts","statementMap":{"0":{"start":{"line":3,"column":13},"end":{"line":3,"column":50}},"1":{"start":{"line":1,"column":44},"end":{"line":1,"column":null}},"2":{"start":{"line":3,"column":50},"end":{"line":8,"column":null}}},"fnMap":{},"branchMap":{},"s":{"0":0,"1":1,"2":1},"f":{},"b":{}}
,"H:\\HPX Eigen Reborn\\hpx-eigen-s1-foundation\\src\\config\\rate-limit\\index.ts": {"path":"H:\\HPX Eigen Reborn\\hpx-eigen-s1-foundation\\src\\config\\rate-limit\\index.ts","statementMap":{"0":{"start":{"line":6,"column":13},"end":{"line":6,"column":null}},"1":{"start":{"line":2,"column":33},"end":{"line":2,"column":null}},"2":{"start":{"line":3,"column":34},"end":{"line":3,"column":null}},"3":{"start":{"line":4,"column":27},"end":{"line":4,"column":null}},"4":{"start":{"line":8,"column":4},"end":{"line":18,"column":null}},"5":{"start":{"line":11,"column":8},"end":{"line":11,"column":null}},"6":{"start":{"line":14,"column":8},"end":{"line":14,"column":null}},"7":{"start":{"line":17,"column":8},"end":{"line":17,"column":null}}},"fnMap":{"0":{"name":"(anonymous_1)","decl":{"start":{"line":7,"column":2},"end":{"line":7,"column":9}},"loc":{"start":{"line":7,"column":89},"end":{"line":19,"column":null}}}},"branchMap":{"0":{"loc":{"start":{"line":7,"column":19},"end":{"line":7,"column":70}},"type":"default-arg","locations":[{"start":{"line":7,"column":33},"end":{"line":7,"column":70}}]},"1":{"loc":{"start":{"line":7,"column":33},"end":{"line":7,"column":70}},"type":"binary-expr","locations":[{"start":{"line":7,"column":33},"end":{"line":7,"column":53}},{"start":{"line":7,"column":57},"end":{"line":7,"column":70}}]},"2":{"loc":{"start":{"line":8,"column":4},"end":{"line":18,"column":null}},"type":"switch","locations":[{"start":{"line":9,"column":6},"end":{"line":9,"column":null}},{"start":{"line":10,"column":6},"end":{"line":11,"column":null}},{"start":{"line":12,"column":6},"end":{"line":12,"column":null}},{"start":{"line":13,"column":6},"end":{"line":14,"column":null}},{"start":{"line":15,"column":6},"end":{"line":15,"column":null}},{"start":{"line":16,"column":6},"end":{"line":17,"column":null}}]}},"s":{"0":1,"1":1,"2":1,"3":1,"4":1,"5":0,"6":1,"7":0},"f":{"0":1},"b":{"0":[1],"1":[1,0],"2":[0,0,1,1,0,0]}}
,"H:\\HPX Eigen Reborn\\hpx-eigen-s1-foundation\\src\\config\\rate-limit\\production.ts": {"path":"H:\\HPX Eigen Reborn\\hpx-eigen-s1-foundation\\src\\config\\rate-limit\\production.ts","statementMap":{"0":{"start":{"line":3,"column":13},"end":{"line":3,"column":49}},"1":{"start":{"line":1,"column":44},"end":{"line":1,"column":null}},"2":{"start":{"line":3,"column":49},"end":{"line":8,"column":null}}},"fnMap":{},"branchMap":{},"s":{"0":0,"1":1,"2":1},"f":{},"b":{}}
,"H:\\HPX Eigen Reborn\\hpx-eigen-s1-foundation\\src\\config\\rate-limit\\test.ts": {"path":"H:\\HPX Eigen Reborn\\hpx-eigen-s1-foundation\\src\\config\\rate-limit\\test.ts","statementMap":{"0":{"start":{"line":3,"column":13},"end":{"line":3,"column":43}},"1":{"start":{"line":1,"column":44},"end":{"line":1,"column":null}},"2":{"start":{"line":3,"column":43},"end":{"line":8,"column":null}}},"fnMap":{},"branchMap":{},"s":{"0":1,"1":1,"2":1},"f":{},"b":{}}
,"H:\\HPX Eigen Reborn\\hpx-eigen-s1-foundation\\src\\context\\request-context.ts": {"path":"H:\\HPX Eigen Reborn\\hpx-eigen-s1-foundation\\src\\context\\request-context.ts","statementMap":{"0":{"start":{"line":16,"column":16},"end":{"line":16,"column":null}},"1":{"start":{"line":14,"column":13},"end":{"line":14,"column":37}},"2":{"start":{"line":1,"column":34},"end":{"line":1,"column":null}},"3":{"start":{"line":14,"column":37},"end":{"line":14,"column":null}},"4":{"start":{"line":17,"column":16},"end":{"line":17,"column":null}},"5":{"start":{"line":18,"column":2},"end":{"line":20,"column":null}},"6":{"start":{"line":19,"column":4},"end":{"line":19,"column":null}},"7":{"start":{"line":21,"column":2},"end":{"line":21,"column":null}}},"fnMap":{"0":{"name":"getRequestContext","decl":{"start":{"line":16,"column":16},"end":{"line":16,"column":null}},"loc":{"start":{"line":16,"column":16},"end":{"line":22,"column":null}}}},"branchMap":{"0":{"loc":{"start":{"line":18,"column":2},"end":{"line":20,"column":null}},"type":"if","locations":[{"start":{"line":18,"column":2},"end":{"line":20,"column":null}}]}},"s":{"0":20,"1":0,"2":5,"3":5,"4":20,"5":20,"6":20,"7":0},"f":{"0":20},"b":{"0":[20]}}
,"H:\\HPX Eigen Reborn\\hpx-eigen-s1-foundation\\src\\middleware\\auth.middleware.ts": {"path":"H:\\HPX Eigen Reborn\\hpx-eigen-s1-foundation\\src\\middleware\\auth.middleware.ts","statementMap":{"0":{"start":{"line":88,"column":22},"end":{"line":88,"column":null}},"1":{"start":{"line":175,"column":16},"end":{"line":175,"column":37}},"2":{"start":{"line":1,"column":29},"end":{"line":1,"column":null}},"3":{"start":{"line":3,"column":29},"end":{"line":3,"column":null}},"4":{"start":{"line":4,"column":46},"end":{"line":4,"column":null}},"5":{"start":{"line":5,"column":54},"end":{"line":5,"column":null}},"6":{"start":{"line":11,"column":7},"end":{"line":11,"column":null}},"7":{"start":{"line":12,"column":23},"end":{"line":12,"column":null}},"8":{"start":{"line":29,"column":15},"end":{"line":29,"column":null}},"9":{"start":{"line":30,"column":26},"end":{"line":30,"column":null}},"10":{"start":{"line":33,"column":25},"end":{"line":33,"column":31}},"11":{"start":{"line":36,"column":2},"end":{"line":36,"column":null}},"12":{"start":{"line":50,"column":19},"end":{"line":50,"column":null}},"13":{"start":{"line":51,"column":17},"end":{"line":51,"column":null}},"14":{"start":{"line":53,"column":2},"end":{"line":59,"column":null}},"15":{"start":{"line":54,"column":4},"end":{"line":58,"column":null}},"16":{"start":{"line":55,"column":6},"end":{"line":55,"column":null}},"17":{"start":{"line":61,"column":21},"end":{"line":64,"column":null}},"18":{"start":{"line":66,"column":31},"end":{"line":69,"column":null}},"19":{"start":{"line":72,"column":2},"end":{"line":72,"column":null}},"20":{"start":{"line":74,"column":2},"end":{"line":74,"column":null}},"21":{"start":{"line":93,"column":2},"end":{"line":163,"column":null}},"22":{"start":{"line":94,"column":23},"end":{"line":94,"column":48}},"23":{"start":{"line":95,"column":4},"end":{"line":98,"column":null}},"24":{"start":{"line":96,"column":6},"end":{"line":96,"column":null}},"25":{"start":{"line":97,"column":6},"end":{"line":97,"column":null}},"26":{"start":{"line":100,"column":18},"end":{"line":100,"column":null}},"27":{"start":{"line":104,"column":4},"end":{"line":108,"column":null}},"28":{"start":{"line":105,"column":6},"end":{"line":105,"column":null}},"29":{"start":{"line":107,"column":6},"end":{"line":107,"column":null}},"30":{"start":{"line":110,"column":44},"end":{"line":110,"column":null}},"31":{"start":{"line":113,"column":28},"end":{"line":113,"column":null}},"32":{"start":{"line":115,"column":4},"end":{"line":133,"column":null}},"33":{"start":{"line":117,"column":6},"end":{"line":117,"column":null}},"34":{"start":{"line":118,"column":24},"end":{"line":120,"column":null}},"35":{"start":{"line":122,"column":6},"end":{"line":124,"column":null}},"36":{"start":{"line":123,"column":8},"end":{"line":123,"column":null}},"37":{"start":{"line":126,"column":29},"end":{"line":126,"column":null}},"38":{"start":{"line":127,"column":6},"end":{"line":129,"column":null}},"39":{"start":{"line":128,"column":8},"end":{"line":128,"column":null}},"40":{"start":{"line":132,"column":6},"end":{"line":132,"column":null}},"41":{"start":{"line":136,"column":39},"end":{"line":139,"column":null}},"42":{"start":{"line":141,"column":5},"end":{"line":148,"column":null}},"43":{"start":{"line":150,"column":4},"end":{"line":150,"column":null}},"44":{"start":{"line":152,"column":4},"end":{"line":160,"column":null}},"45":{"start":{"line":157,"column":16},"end":{"line":157,"column":null}},"46":{"start":{"line":158,"column":6},"end":{"line":158,"column":null}},"47":{"start":{"line":159,"column":6},"end":{"line":159,"column":null}},"48":{"start":{"line":161,"column":4},"end":{"line":161,"column":null}},"49":{"start":{"line":162,"column":4},"end":{"line":162,"column":null}},"50":{"start":{"line":176,"column":2},"end":{"line":197,"column":null}},"51":{"start":{"line":177,"column":22},"end":{"line":177,"column":null}},"52":{"start":{"line":178,"column":28},"end":{"line":178,"column":61}},"53":{"start":{"line":180,"column":4},"end":{"line":183,"column":null}},"54":{"start":{"line":181,"column":6},"end":{"line":181,"column":null}},"55":{"start":{"line":182,"column":6},"end":{"line":182,"column":null}},"56":{"start":{"line":185,"column":4},"end":{"line":194,"column":null}},"57":{"start":{"line":186,"column":6},"end":{"line":186,"column":null}},"58":{"start":{"line":188,"column":6},"end":{"line":191,"column":null}},"59":{"start":{"line":189,"column":8},"end":{"line":189,"column":null}},"60":{"start":{"line":190,"column":8},"end":{"line":190,"column":null}},"61":{"start":{"line":192,"column":6},"end":{"line":192,"column":null}},"62":{"start":{"line":193,"column":6},"end":{"line":193,"column":null}},"63":{"start":{"line":196,"column":4},"end":{"line":196,"column":null}}},"fnMap":{"0":{"name":"userContextKey","decl":{"start":{"line":35,"column":9},"end":{"line":35,"column":24}},"loc":{"start":{"line":35,"column":38},"end":{"line":37,"column":null}}},"1":{"name":"getUserContext","decl":{"start":{"line":49,"column":15},"end":{"line":49,"column":30}},"loc":{"start":{"line":49,"column":62},"end":{"line":75,"column":null}}},"2":{"name":"authMiddleware","decl":{"start":{"line":88,"column":22},"end":{"line":88,"column":null}},"loc":{"start":{"line":91,"column":20},"end":{"line":164,"column":null}}},"3":{"name":"permissionMiddleware","decl":{"start":{"line":175,"column":16},"end":{"line":175,"column":37}},"loc":{"start":{"line":175,"column":49},"end":{"line":198,"column":null}}},"4":{"name":"(anonymous_7)","decl":{"start":{"line":176,"column":9},"end":{"line":176,"column":10}},"loc":{"start":{"line":176,"column":40},"end":{"line":197,"column":null}}}},"branchMap":{"0":{"loc":{"start":{"line":53,"column":2},"end":{"line":59,"column":null}},"type":"if","locations":[{"start":{"line":53,"column":2},"end":{"line":59,"column":null}}]},"1":{"loc":{"start":{"line":67,"column":12},"end":{"line":67,"column":null}},"type":"binary-expr","locations":[{"start":{"line":67,"column":12},"end":{"line":67,"column":34}},{"start":{"line":67,"column":34},"end":{"line":67,"column":null}}]},"2":{"loc":{"start":{"line":68,"column":18},"end":{"line":68,"column":null}},"type":"binary-expr","locations":[{"start":{"line":68,"column":18},"end":{"line":68,"column":46}},{"start":{"line":68,"column":46},"end":{"line":68,"column":null}}]},"3":{"loc":{"start":{"line":95,"column":4},"end":{"line":98,"column":null}},"type":"if","locations":[{"start":{"line":95,"column":4},"end":{"line":98,"column":null}}]},"4":{"loc":{"start":{"line":115,"column":4},"end":{"line":133,"column":null}},"type":"if","locations":[{"start":{"line":115,"column":4},"end":{"line":133,"column":null}}]},"5":{"loc":{"start":{"line":122,"column":6},"end":{"line":124,"column":null}},"type":"if","locations":[{"start":{"line":122,"column":6},"end":{"line":124,"column":null}}]},"6":{"loc":{"start":{"line":122,"column":10},"end":{"line":122,"column":54}},"type":"binary-expr","locations":[{"start":{"line":122,"column":10},"end":{"line":122,"column":24}},{"start":{"line":122,"column":24},"end":{"line":122,"column":54}}]},"7":{"loc":{"start":{"line":127,"column":6},"end":{"line":129,"column":null}},"type":"if","locations":[{"start":{"line":127,"column":6},"end":{"line":129,"column":null}}]},"8":{"loc":{"start":{"line":152,"column":4},"end":{"line":160,"column":null}},"type":"if","locations":[{"start":{"line":152,"column":4},"end":{"line":160,"column":null}}]},"9":{"loc":{"start":{"line":153,"column":6},"end":{"line":155,"column":40}},"type":"binary-expr","locations":[{"start":{"line":153,"column":6},"end":{"line":153,"column":46}},{"start":{"line":154,"column":6},"end":{"line":154,"column":40}},{"start":{"line":155,"column":6},"end":{"line":155,"column":40}}]},"10":{"loc":{"start":{"line":180,"column":4},"end":{"line":183,"column":null}},"type":"if","locations":[{"start":{"line":180,"column":4},"end":{"line":183,"column":null}}]},"11":{"loc":{"start":{"line":185,"column":4},"end":{"line":194,"column":null}},"type":"if","locations":[{"start":{"line":185,"column":4},"end":{"line":194,"column":null}},{"start":{"line":187,"column":11},"end":{"line":194,"column":null}}]},"12":{"loc":{"start":{"line":188,"column":6},"end":{"line":191,"column":null}},"type":"if","locations":[{"start":{"line":188,"column":6},"end":{"line":191,"column":null}}]}},"s":{"0":46,"1":42,"2":2,"3":2,"4":2,"5":2,"6":2,"7":2,"8":2,"9":2,"10":2,"11":3,"12":3,"13":3,"14":3,"15":0,"16":0,"17":3,"18":3,"19":3,"20":3,"21":4,"22":4,"23":4,"24":0,"25":0,"26":4,"27":4,"28":4,"29":0,"30":4,"31":4,"32":4,"33":4,"34":4,"35":4,"36":0,"37":4,"38":4,"39":1,"40":3,"41":3,"42":2,"43":2,"44":1,"45":1,"46":1,"47":1,"48":0,"49":0,"50":42,"51":0,"52":0,"53":0,"54":0,"55":0,"56":0,"57":0,"58":0,"59":0,"60":0,"61":0,"62":0,"63":0},"f":{"0":3,"1":3,"2":4,"3":42,"4":0},"b":{"0":[0],"1":[3,3],"2":[3,3],"3":[0],"4":[4],"5":[0],"6":[4,4],"7":[1],"8":[1],"9":[1,1,1],"10":[0],"11":[0,0],"12":[0]}}
,"H:\\HPX Eigen Reborn\\hpx-eigen-s1-foundation\\src\\middleware\\correlation.middleware.ts": {"path":"H:\\HPX Eigen Reborn\\hpx-eigen-s1-foundation\\src\\middleware\\correlation.middleware.ts","statementMap":{"0":{"start":{"line":8,"column":16},"end":{"line":8,"column":38}},"1":{"start":{"line":2,"column":27},"end":{"line":2,"column":null}},"2":{"start":{"line":3,"column":31},"end":{"line":3,"column":null}},"3":{"start":{"line":5,"column":30},"end":{"line":5,"column":null}},"4":{"start":{"line":6,"column":22},"end":{"line":6,"column":null}},"5":{"start":{"line":9,"column":21},"end":{"line":9,"column":55}},"6":{"start":{"line":12,"column":2},"end":{"line":17,"column":null}},"7":{"start":{"line":13,"column":4},"end":{"line":13,"column":null}},"8":{"start":{"line":15,"column":4},"end":{"line":15,"column":null}},"9":{"start":{"line":16,"column":4},"end":{"line":16,"column":null}},"10":{"start":{"line":19,"column":2},"end":{"line":19,"column":null}},"11":{"start":{"line":21,"column":2},"end":{"line":23,"column":null}},"12":{"start":{"line":22,"column":4},"end":{"line":22,"column":null}}},"fnMap":{"0":{"name":"correlationMiddleware","decl":{"start":{"line":8,"column":16},"end":{"line":8,"column":38}},"loc":{"start":{"line":8,"column":85},"end":{"line":24,"column":null}}},"1":{"name":"(anonymous_2)","decl":{"start":{"line":21,"column":40},"end":{"line":21,"column":null}},"loc":{"start":{"line":21,"column":40},"end":{"line":23,"column":null}}}},"branchMap":{"0":{"loc":{"start":{"line":12,"column":2},"end":{"line":17,"column":null}},"type":"if","locations":[{"start":{"line":12,"column":2},"end":{"line":17,"column":null}},{"start":{"line":14,"column":9},"end":{"line":17,"column":null}}]},"1":{"loc":{"start":{"line":12,"column":6},"end":{"line":12,"column":52}},"type":"binary-expr","locations":[{"start":{"line":12,"column":6},"end":{"line":12,"column":20}},{"start":{"line":12,"column":20},"end":{"line":12,"column":52}}]}},"s":{"0":1,"1":1,"2":1,"3":1,"4":1,"5":7,"6":7,"7":0,"8":7,"9":7,"10":7,"11":7,"12":7},"f":{"0":7,"1":7},"b":{"0":[0,7],"1":[7,0]}}
,"H:\\HPX Eigen Reborn\\hpx-eigen-s1-foundation\\src\\middleware\\rateLimiter.middleware.ts": {"path":"H:\\HPX Eigen Reborn\\hpx-eigen-s1-foundation\\src\\middleware\\rateLimiter.middleware.ts","statementMap":{"0":{"start":{"line":6,"column":13},"end":{"line":6,"column":27}},"1":{"start":{"line":1,"column":22},"end":{"line":1,"column":null}},"2":{"start":{"line":2,"column":33},"end":{"line":2,"column":null}},"3":{"start":{"line":4,"column":15},"end":{"line":4,"column":null}},"4":{"start":{"line":6,"column":27},"end":{"line":12,"column":null}}},"fnMap":{},"branchMap":{},"s":{"0":4,"1":1,"2":1,"3":1,"4":1},"f":{},"b":{}}
,"H:\\HPX Eigen Reborn\\hpx-eigen-s1-foundation\\src\\middleware\\role.middleware.ts": {"path":"H:\\HPX Eigen Reborn\\hpx-eigen-s1-foundation\\src\\middleware\\role.middleware.ts","statementMap":{"0":{"start":{"line":10,"column":15},"end":{"line":10,"column":null}},"1":{"start":{"line":13,"column":2},"end":{"line":46,"column":null}},"2":{"start":{"line":14,"column":4},"end":{"line":45,"column":null}},"3":{"start":{"line":15,"column":22},"end":{"line":15,"column":null}},"4":{"start":{"line":16,"column":6},"end":{"line":18,"column":null}},"5":{"start":{"line":17,"column":8},"end":{"line":17,"column":null}},"6":{"start":{"line":20,"column":35},"end":{"line":20,"column":47}},"7":{"start":{"line":24,"column":24},"end":{"line":33,"column":null}},"8":{"start":{"line":35,"column":6},"end":{"line":40,"column":null}},"9":{"start":{"line":36,"column":8},"end":{"line":39,"column":null}},"10":{"start":{"line":42,"column":6},"end":{"line":42,"column":null}},"11":{"start":{"line":44,"column":6},"end":{"line":44,"column":null}}},"fnMap":{"0":{"name":"requireRole","decl":{"start":{"line":12,"column":16},"end":{"line":12,"column":28}},"loc":{"start":{"line":12,"column":50},"end":{"line":47,"column":null}}},"1":{"name":"(anonymous_1)","decl":{"start":{"line":13,"column":9},"end":{"line":13,"column":16}},"loc":{"start":{"line":13,"column":45},"end":{"line":46,"column":null}}}},"branchMap":{"0":{"loc":{"start":{"line":16,"column":6},"end":{"line":18,"column":null}},"type":"if","locations":[{"start":{"line":16,"column":6},"end":{"line":18,"column":null}}]},"1":{"loc":{"start":{"line":35,"column":6},"end":{"line":40,"column":null}},"type":"if","locations":[{"start":{"line":35,"column":6},"end":{"line":40,"column":null}}]}},"s":{"0":0,"1":0,"2":0,"3":0,"4":0,"5":0,"6":0,"7":0,"8":0,"9":0,"10":0,"11":0},"f":{"0":0,"1":0},"b":{"0":[0],"1":[0]}}
,"H:\\HPX Eigen Reborn\\hpx-eigen-s1-foundation\\src\\middleware\\tenant.middleware.ts": {"path":"H:\\HPX Eigen Reborn\\hpx-eigen-s1-foundation\\src\\middleware\\tenant.middleware.ts","statementMap":{"0":{"start":{"line":4,"column":29},"end":{"line":12,"column":null}},"1":{"start":{"line":25,"column":2},"end":{"line":77,"column":null}},"2":{"start":{"line":29,"column":10},"end":{"line":35,"column":null}},"3":{"start":{"line":30,"column":12},"end":{"line":34,"column":null}},"4":{"start":{"line":36,"column":10},"end":{"line":36,"column":null}},"5":{"start":{"line":40,"column":10},"end":{"line":46,"column":null}},"6":{"start":{"line":41,"column":12},"end":{"line":45,"column":null}},"7":{"start":{"line":47,"column":10},"end":{"line":47,"column":null}},"8":{"start":{"line":53,"column":10},"end":{"line":53,"column":null}},"9":{"start":{"line":57,"column":10},"end":{"line":62,"column":null}},"10":{"start":{"line":58,"column":12},"end":{"line":61,"column":null}},"11":{"start":{"line":63,"column":10},"end":{"line":63,"column":null}},"12":{"start":{"line":67,"column":10},"end":{"line":72,"column":null}},"13":{"start":{"line":68,"column":12},"end":{"line":71,"column":null}},"14":{"start":{"line":73,"column":10},"end":{"line":73,"column":null}},"15":{"start":{"line":85,"column":2},"end":{"line":85,"column":null}}},"fnMap":{"0":{"name":"createTenantClient","decl":{"start":{"line":24,"column":16},"end":{"line":24,"column":35}},"loc":{"start":{"line":24,"column":73},"end":{"line":78,"column":null}}},"1":{"name":"(anonymous_1)","decl":{"start":{"line":28,"column":8},"end":{"line":28,"column":14}},"loc":{"start":{"line":28,"column":111},"end":{"line":37,"column":null}}},"2":{"name":"(anonymous_2)","decl":{"start":{"line":39,"column":8},"end":{"line":39,"column":14}},"loc":{"start":{"line":39,"column":112},"end":{"line":48,"column":null}}},"3":{"name":"(anonymous_3)","decl":{"start":{"line":50,"column":8},"end":{"line":50,"column":14}},"loc":{"start":{"line":50,"column":113},"end":{"line":54,"column":null}}},"4":{"name":"(anonymous_4)","decl":{"start":{"line":56,"column":8},"end":{"line":56,"column":14}},"loc":{"start":{"line":56,"column":113},"end":{"line":64,"column":null}}},"5":{"name":"(anonymous_5)","decl":{"start":{"line":66,"column":8},"end":{"line":66,"column":14}},"loc":{"start":{"line":66,"column":113},"end":{"line":74,"column":null}}},"6":{"name":"requireTenant","decl":{"start":{"line":84,"column":16},"end":{"line":84,"column":62}},"loc":{"start":{"line":84,"column":70},"end":{"line":86,"column":null}}}},"branchMap":{"0":{"loc":{"start":{"line":29,"column":10},"end":{"line":35,"column":null}},"type":"if","locations":[{"start":{"line":29,"column":10},"end":{"line":35,"column":null}}]},"1":{"loc":{"start":{"line":40,"column":10},"end":{"line":46,"column":null}},"type":"if","locations":[{"start":{"line":40,"column":10},"end":{"line":46,"column":null}}]},"2":{"loc":{"start":{"line":57,"column":10},"end":{"line":62,"column":null}},"type":"if","locations":[{"start":{"line":57,"column":10},"end":{"line":62,"column":null}}]},"3":{"loc":{"start":{"line":67,"column":10},"end":{"line":72,"column":null}},"type":"if","locations":[{"start":{"line":67,"column":10},"end":{"line":72,"column":null}}]}},"s":{"0":0,"1":0,"2":0,"3":0,"4":0,"5":0,"6":0,"7":0,"8":0,"9":0,"10":0,"11":0,"12":0,"13":0,"14":0,"15":0},"f":{"0":0,"1":0,"2":0,"3":0,"4":0,"5":0,"6":0},"b":{"0":[0],"1":[0],"2":[0],"3":[0]}}
,"H:\\HPX Eigen Reborn\\hpx-eigen-s1-foundation\\src\\middleware\\validate.middleware.ts": {"path":"H:\\HPX Eigen Reborn\\hpx-eigen-s1-foundation\\src\\middleware\\validate.middleware.ts","statementMap":{"0":{"start":{"line":5,"column":13},"end":{"line":5,"column":24}},"1":{"start":{"line":2,"column":36},"end":{"line":2,"column":null}},"2":{"start":{"line":3,"column":32},"end":{"line":3,"column":null}},"3":{"start":{"line":5,"column":24},"end":{"line":29,"column":null}},"4":{"start":{"line":6,"column":2},"end":{"line":29,"column":null}},"5":{"start":{"line":7,"column":4},"end":{"line":28,"column":null}},"6":{"start":{"line":9,"column":21},"end":{"line":13,"column":null}},"7":{"start":{"line":15,"column":6},"end":{"line":15,"column":null}},"8":{"start":{"line":16,"column":6},"end":{"line":16,"column":null}},"9":{"start":{"line":17,"column":6},"end":{"line":17,"column":null}},"10":{"start":{"line":19,"column":6},"end":{"line":19,"column":null}},"11":{"start":{"line":21,"column":6},"end":{"line":27,"column":null}},"12":{"start":{"line":23,"column":24},"end":{"line":23,"column":null}},"13":{"start":{"line":23,"column":44},"end":{"line":23,"column":79}},"14":{"start":{"line":24,"column":8},"end":{"line":24,"column":null}},"15":{"start":{"line":26,"column":8},"end":{"line":26,"column":null}}},"fnMap":{"0":{"name":"(anonymous_1)","decl":{"start":{"line":5,"column":24},"end":{"line":5,"column":25}},"loc":{"start":{"line":6,"column":2},"end":{"line":29,"column":null}}},"1":{"name":"(anonymous_2)","decl":{"start":{"line":6,"column":2},"end":{"line":6,"column":9}},"loc":{"start":{"line":6,"column":39},"end":{"line":29,"column":null}}},"2":{"name":"(anonymous_3)","decl":{"start":{"line":23,"column":39},"end":{"line":23,"column":44}},"loc":{"start":{"line":23,"column":44},"end":{"line":23,"column":79}}}},"branchMap":{"0":{"loc":{"start":{"line":21,"column":6},"end":{"line":27,"column":null}},"type":"if","locations":[{"start":{"line":21,"column":6},"end":{"line":27,"column":null}},{"start":{"line":25,"column":13},"end":{"line":27,"column":null}}]}},"s":{"0":9,"1":1,"2":1,"3":1,"4":9,"5":4,"6":4,"7":4,"8":4,"9":4,"10":4,"11":0,"12":0,"13":0,"14":0,"15":0},"f":{"0":9,"1":4,"2":0},"b":{"0":[0,0]}}
,"H:\\HPX Eigen Reborn\\hpx-eigen-s1-foundation\\src\\repositories\\activity.repo.ts": {"path":"H:\\HPX Eigen Reborn\\hpx-eigen-s1-foundation\\src\\repositories\\activity.repo.ts","statementMap":{"0":{"start":{"line":21,"column":13},"end":{"line":21,"column":40}},"1":{"start":{"line":2,"column":46},"end":{"line":2,"column":null}},"2":{"start":{"line":3,"column":38},"end":{"line":3,"column":null}},"3":{"start":{"line":23,"column":4},"end":{"line":22,"column":71}},"4":{"start":{"line":28,"column":4},"end":{"line":38,"column":null}},"5":{"start":{"line":43,"column":21},"end":{"line":48,"column":null}},"6":{"start":{"line":49,"column":4},"end":{"line":49,"column":null}},"7":{"start":{"line":49,"column":19},"end":{"line":49,"column":null}},"8":{"start":{"line":50,"column":4},"end":{"line":50,"column":null}},"9":{"start":{"line":55,"column":4},"end":{"line":61,"column":null}},"10":{"start":{"line":66,"column":4},"end":{"line":72,"column":null}},"11":{"start":{"line":77,"column":4},"end":{"line":83,"column":null}},"12":{"start":{"line":88,"column":4},"end":{"line":88,"column":null}},"13":{"start":{"line":90,"column":4},"end":{"line":98,"column":null}},"14":{"start":{"line":103,"column":4},"end":{"line":103,"column":null}},"15":{"start":{"line":104,"column":4},"end":{"line":107,"column":null}},"16":{"start":{"line":112,"column":4},"end":{"line":112,"column":null}},"17":{"start":{"line":113,"column":4},"end":{"line":116,"column":null}}},"fnMap":{"0":{"name":"(anonymous_1)","decl":{"start":{"line":22,"column":2},"end":{"line":22,"column":14}},"loc":{"start":{"line":22,"column":73},"end":{"line":24,"column":null}}},"1":{"name":"(anonymous_2)","decl":{"start":{"line":27,"column":2},"end":{"line":27,"column":8}},"loc":{"start":{"line":27,"column":43},"end":{"line":39,"column":null}}},"2":{"name":"(anonymous_3)","decl":{"start":{"line":42,"column":2},"end":{"line":42,"column":8}},"loc":{"start":{"line":42,"column":37},"end":{"line":51,"column":null}}},"3":{"name":"(anonymous_4)","decl":{"start":{"line":54,"column":2},"end":{"line":54,"column":8}},"loc":{"start":{"line":54,"column":49},"end":{"line":62,"column":null}}},"4":{"name":"(anonymous_5)","decl":{"start":{"line":65,"column":2},"end":{"line":65,"column":8}},"loc":{"start":{"line":65,"column":39},"end":{"line":73,"column":null}}},"5":{"name":"(anonymous_6)","decl":{"start":{"line":76,"column":2},"end":{"line":76,"column":8}},"loc":{"start":{"line":76,"column":35},"end":{"line":84,"column":null}}},"6":{"name":"(anonymous_7)","decl":{"start":{"line":87,"column":2},"end":{"line":87,"column":8}},"loc":{"start":{"line":87,"column":63},"end":{"line":99,"column":null}}},"7":{"name":"(anonymous_8)","decl":{"start":{"line":102,"column":2},"end":{"line":102,"column":8}},"loc":{"start":{"line":102,"column":41},"end":{"line":108,"column":null}}},"8":{"name":"(anonymous_9)","decl":{"start":{"line":111,"column":2},"end":{"line":111,"column":8}},"loc":{"start":{"line":111,"column":39},"end":{"line":117,"column":null}}}},"branchMap":{"0":{"loc":{"start":{"line":35,"column":15},"end":{"line":35,"column":null}},"type":"binary-expr","locations":[{"start":{"line":35,"column":15},"end":{"line":35,"column":26}},{"start":{"line":35,"column":30},"end":{"line":35,"column":null}}]},"1":{"loc":{"start":{"line":36,"column":21},"end":{"line":36,"column":null}},"type":"binary-expr","locations":[{"start":{"line":36,"column":21},"end":{"line":36,"column":38}},{"start":{"line":36,"column":42},"end":{"line":36,"column":null}}]},"2":{"loc":{"start":{"line":49,"column":4},"end":{"line":49,"column":null}},"type":"if","locations":[{"start":{"line":49,"column":4},"end":{"line":49,"column":null}}]},"3":{"loc":{"start":{"line":93,"column":12},"end":{"line":93,"column":73}},"type":"cond-expr","locations":[{"start":{"line":93,"column":42},"end":{"line":93,"column":71}},{"start":{"line":93,"column":71},"end":{"line":93,"column":73}}]},"4":{"loc":{"start":{"line":94,"column":12},"end":{"line":94,"column":67}},"type":"cond-expr","locations":[{"start":{"line":94,"column":40},"end":{"line":94,"column":65}},{"start":{"line":94,"column":65},"end":{"line":94,"column":67}}]},"5":{"loc":{"start":{"line":95,"column":12},"end":{"line":95,"column":85}},"type":"cond-expr","locations":[{"start":{"line":95,"column":46},"end":{"line":95,"column":83}},{"start":{"line":95,"column":83},"end":{"line":95,"column":85}}]},"6":{"loc":{"start":{"line":96,"column":12},"end":{"line":96,"column":85}},"type":"cond-expr","locations":[{"start":{"line":96,"column":46},"end":{"line":96,"column":83}},{"start":{"line":96,"column":83},"end":{"line":96,"column":85}}]}},"s":{"0":6,"1":2,"2":2,"3":6,"4":1,"5":4,"6":4,"7":1,"8":3,"9":1,"10":0,"11":0,"12":0,"13":0,"14":1,"15":1,"16":1,"17":1},"f":{"0":6,"1":1,"2":4,"3":1,"4":0,"5":0,"6":0,"7":1,"8":1},"b":{"0":[1,1],"1":[1,1],"2":[1],"3":[0,0],"4":[0,0],"5":[0,0],"6":[0,0]}}
,"H:\\HPX Eigen Reborn\\hpx-eigen-s1-foundation\\src\\repositories\\base.repo.ts": {"path":"H:\\HPX Eigen Reborn\\hpx-eigen-s1-foundation\\src\\repositories\\base.repo.ts","statementMap":{"0":{"start":{"line":6,"column":13},"end":{"line":6,"column":null}},"1":{"start":{"line":10,"column":4},"end":{"line":10,"column":null}},"2":{"start":{"line":14,"column":4},"end":{"line":17,"column":null}}},"fnMap":{"0":{"name":"(anonymous_1)","decl":{"start":{"line":9,"column":2},"end":{"line":9,"column":14}},"loc":{"start":{"line":9,"column":34},"end":{"line":11,"column":null}}},"1":{"name":"(anonymous_2)","decl":{"start":{"line":13,"column":12},"end":{"line":13,"column":32}},"loc":{"start":{"line":13,"column":32},"end":{"line":18,"column":null}}}},"branchMap":{},"s":{"0":14,"1":59,"2":12},"f":{"0":59,"1":12},"b":{}}
,"H:\\HPX Eigen Reborn\\hpx-eigen-s1-foundation\\src\\repositories\\contact.repo.ts": {"path":"H:\\HPX Eigen Reborn\\hpx-eigen-s1-foundation\\src\\repositories\\contact.repo.ts","statementMap":{"0":{"start":{"line":25,"column":13},"end":{"line":25,"column":39}},"1":{"start":{"line":2,"column":46},"end":{"line":2,"column":null}},"2":{"start":{"line":3,"column":38},"end":{"line":3,"column":null}},"3":{"start":{"line":27,"column":4},"end":{"line":26,"column":71}},"4":{"start":{"line":32,"column":4},"end":{"line":43,"column":null}},"5":{"start":{"line":48,"column":20},"end":{"line":53,"column":null}},"6":{"start":{"line":54,"column":4},"end":{"line":54,"column":null}},"7":{"start":{"line":54,"column":18},"end":{"line":54,"column":null}},"8":{"start":{"line":55,"column":4},"end":{"line":55,"column":null}},"9":{"start":{"line":60,"column":4},"end":{"line":63,"column":null}},"10":{"start":{"line":68,"column":4},"end":{"line":74,"column":null}},"11":{"start":{"line":79,"column":4},"end":{"line":79,"column":null}},"12":{"start":{"line":81,"column":4},"end":{"line":92,"column":null}},"13":{"start":{"line":97,"column":4},"end":{"line":97,"column":null}},"14":{"start":{"line":98,"column":4},"end":{"line":101,"column":null}}},"fnMap":{"0":{"name":"(anonymous_1)","decl":{"start":{"line":26,"column":2},"end":{"line":26,"column":14}},"loc":{"start":{"line":26,"column":73},"end":{"line":28,"column":null}}},"1":{"name":"(anonymous_2)","decl":{"start":{"line":31,"column":2},"end":{"line":31,"column":8}},"loc":{"start":{"line":31,"column":42},"end":{"line":44,"column":null}}},"2":{"name":"(anonymous_3)","decl":{"start":{"line":47,"column":2},"end":{"line":47,"column":8}},"loc":{"start":{"line":47,"column":36},"end":{"line":56,"column":null}}},"3":{"name":"(anonymous_4)","decl":{"start":{"line":59,"column":2},"end":{"line":59,"column":8}},"loc":{"start":{"line":59,"column":18},"end":{"line":64,"column":null}}},"4":{"name":"(anonymous_5)","decl":{"start":{"line":67,"column":2},"end":{"line":67,"column":8}},"loc":{"start":{"line":67,"column":35},"end":{"line":75,"column":null}}},"5":{"name":"(anonymous_6)","decl":{"start":{"line":78,"column":2},"end":{"line":78,"column":8}},"loc":{"start":{"line":78,"column":61},"end":{"line":93,"column":null}}},"6":{"name":"(anonymous_7)","decl":{"start":{"line":96,"column":2},"end":{"line":96,"column":8}},"loc":{"start":{"line":96,"column":38},"end":{"line":102,"column":null}}}},"branchMap":{"0":{"loc":{"start":{"line":37,"column":15},"end":{"line":37,"column":null}},"type":"binary-expr","locations":[{"start":{"line":37,"column":15},"end":{"line":37,"column":26}},{"start":{"line":37,"column":30},"end":{"line":37,"column":null}}]},"1":{"loc":{"start":{"line":38,"column":15},"end":{"line":38,"column":null}},"type":"binary-expr","locations":[{"start":{"line":38,"column":15},"end":{"line":38,"column":26}},{"start":{"line":38,"column":30},"end":{"line":38,"column":null}}]},"2":{"loc":{"start":{"line":39,"column":15},"end":{"line":39,"column":null}},"type":"binary-expr","locations":[{"start":{"line":39,"column":15},"end":{"line":39,"column":26}},{"start":{"line":39,"column":30},"end":{"line":39,"column":null}}]},"3":{"loc":{"start":{"line":40,"column":17},"end":{"line":40,"column":null}},"type":"binary-expr","locations":[{"start":{"line":40,"column":17},"end":{"line":40,"column":30}},{"start":{"line":40,"column":34},"end":{"line":40,"column":null}}]},"4":{"loc":{"start":{"line":41,"column":16},"end":{"line":41,"column":null}},"type":"binary-expr","locations":[{"start":{"line":41,"column":16},"end":{"line":41,"column":28}},{"start":{"line":41,"column":32},"end":{"line":41,"column":null}}]},"5":{"loc":{"start":{"line":54,"column":4},"end":{"line":54,"column":null}},"type":"if","locations":[{"start":{"line":54,"column":4},"end":{"line":54,"column":null}}]},"6":{"loc":{"start":{"line":84,"column":12},"end":{"line":84,"column":79}},"type":"cond-expr","locations":[{"start":{"line":84,"column":44},"end":{"line":84,"column":77}},{"start":{"line":84,"column":77},"end":{"line":84,"column":79}}]},"7":{"loc":{"start":{"line":85,"column":12},"end":{"line":85,"column":76}},"type":"cond-expr","locations":[{"start":{"line":85,"column":43},"end":{"line":85,"column":74}},{"start":{"line":85,"column":74},"end":{"line":85,"column":76}}]},"8":{"loc":{"start":{"line":86,"column":12},"end":{"line":86,"column":67}},"type":"cond-expr","locations":[{"start":{"line":86,"column":40},"end":{"line":86,"column":65}},{"start":{"line":86,"column":65},"end":{"line":86,"column":67}}]},"9":{"loc":{"start":{"line":87,"column":12},"end":{"line":87,"column":67}},"type":"cond-expr","locations":[{"start":{"line":87,"column":40},"end":{"line":87,"column":65}},{"start":{"line":87,"column":65},"end":{"line":87,"column":67}}]},"10":{"loc":{"start":{"line":88,"column":12},"end":{"line":88,"column":67}},"type":"cond-expr","locations":[{"start":{"line":88,"column":40},"end":{"line":88,"column":65}},{"start":{"line":88,"column":65},"end":{"line":88,"column":67}}]},"11":{"loc":{"start":{"line":89,"column":12},"end":{"line":89,"column":73}},"type":"cond-expr","locations":[{"start":{"line":89,"column":42},"end":{"line":89,"column":71}},{"start":{"line":89,"column":71},"end":{"line":89,"column":73}}]},"12":{"loc":{"start":{"line":90,"column":12},"end":{"line":90,"column":70}},"type":"cond-expr","locations":[{"start":{"line":90,"column":41},"end":{"line":90,"column":68}},{"start":{"line":90,"column":68},"end":{"line":90,"column":70}}]}},"s":{"0":7,"1":2,"2":2,"3":7,"4":0,"5":0,"6":0,"7":0,"8":0,"9":0,"10":0,"11":0,"12":0,"13":0,"14":0},"f":{"0":7,"1":0,"2":0,"3":0,"4":0,"5":0,"6":0},"b":{"0":[0,0],"1":[0,0],"2":[0,0],"3":[0,0],"4":[0,0],"5":[0],"6":[0,0],"7":[0,0],"8":[0,0],"9":[0,0],"10":[0,0],"11":[0,0],"12":[0,0]}}
,"H:\\HPX Eigen Reborn\\hpx-eigen-s1-foundation\\src\\repositories\\lead.repo.ts": {"path":"H:\\HPX Eigen Reborn\\hpx-eigen-s1-foundation\\src\\repositories\\lead.repo.ts","statementMap":{"0":{"start":{"line":49,"column":13},"end":{"line":49,"column":36}},"1":{"start":{"line":1,"column":72},"end":{"line":1,"column":null}},"2":{"start":{"line":2,"column":46},"end":{"line":2,"column":null}},"3":{"start":{"line":3,"column":38},"end":{"line":3,"column":null}},"4":{"start":{"line":51,"column":4},"end":{"line":50,"column":71}},"5":{"start":{"line":56,"column":4},"end":{"line":74,"column":null}},"6":{"start":{"line":79,"column":17},"end":{"line":83,"column":null}},"7":{"start":{"line":84,"column":4},"end":{"line":84,"column":null}},"8":{"start":{"line":84,"column":15},"end":{"line":84,"column":null}},"9":{"start":{"line":85,"column":4},"end":{"line":85,"column":null}},"10":{"start":{"line":94,"column":17},"end":{"line":94,"column":null}},"11":{"start":{"line":95,"column":21},"end":{"line":95,"column":null}},"12":{"start":{"line":96,"column":17},"end":{"line":96,"column":null}},"13":{"start":{"line":98,"column":61},"end":{"line":105,"column":null}},"14":{"start":{"line":107,"column":41},"end":{"line":111,"column":null}},"15":{"start":{"line":113,"column":26},"end":{"line":121,"column":null}},"16":{"start":{"line":123,"column":4},"end":{"line":123,"column":null}},"17":{"start":{"line":128,"column":4},"end":{"line":133,"column":null}},"18":{"start":{"line":139,"column":4},"end":{"line":139,"column":null}},"19":{"start":{"line":141,"column":4},"end":{"line":159,"column":null}},"20":{"start":{"line":167,"column":4},"end":{"line":167,"column":null}},"21":{"start":{"line":168,"column":4},"end":{"line":171,"column":null}},"22":{"start":{"line":176,"column":4},"end":{"line":176,"column":null}},"23":{"start":{"line":177,"column":4},"end":{"line":180,"column":null}}},"fnMap":{"0":{"name":"(anonymous_1)","decl":{"start":{"line":50,"column":2},"end":{"line":50,"column":14}},"loc":{"start":{"line":50,"column":73},"end":{"line":52,"column":null}}},"1":{"name":"(anonymous_2)","decl":{"start":{"line":55,"column":2},"end":{"line":55,"column":8}},"loc":{"start":{"line":55,"column":39},"end":{"line":75,"column":null}}},"2":{"name":"(anonymous_3)","decl":{"start":{"line":78,"column":2},"end":{"line":78,"column":8}},"loc":{"start":{"line":78,"column":33},"end":{"line":86,"column":null}}},"3":{"name":"(anonymous_4)","decl":{"start":{"line":93,"column":2},"end":{"line":93,"column":8}},"loc":{"start":{"line":93,"column":72},"end":{"line":124,"column":null}}},"4":{"name":"(anonymous_5)","decl":{"start":{"line":127,"column":2},"end":{"line":127,"column":8}},"loc":{"start":{"line":127,"column":41},"end":{"line":134,"column":null}}},"5":{"name":"(anonymous_6)","decl":{"start":{"line":137,"column":2},"end":{"line":137,"column":8}},"loc":{"start":{"line":137,"column":55},"end":{"line":160,"column":null}}},"6":{"name":"(anonymous_7)","decl":{"start":{"line":166,"column":2},"end":{"line":166,"column":8}},"loc":{"start":{"line":166,"column":32},"end":{"line":172,"column":null}}},"7":{"name":"(anonymous_8)","decl":{"start":{"line":175,"column":2},"end":{"line":175,"column":8}},"loc":{"start":{"line":175,"column":35},"end":{"line":181,"column":null}}}},"branchMap":{"0":{"loc":{"start":{"line":61,"column":15},"end":{"line":61,"column":null}},"type":"binary-expr","locations":[{"start":{"line":61,"column":15},"end":{"line":61,"column":26}},{"start":{"line":61,"column":30},"end":{"line":61,"column":null}}]},"1":{"loc":{"start":{"line":62,"column":15},"end":{"line":62,"column":null}},"type":"binary-expr","locations":[{"start":{"line":62,"column":15},"end":{"line":62,"column":26}},{"start":{"line":62,"column":30},"end":{"line":62,"column":null}}]},"2":{"loc":{"start":{"line":63,"column":17},"end":{"line":63,"column":null}},"type":"binary-expr","locations":[{"start":{"line":63,"column":17},"end":{"line":63,"column":30}},{"start":{"line":63,"column":34},"end":{"line":63,"column":null}}]},"3":{"loc":{"start":{"line":64,"column":16},"end":{"line":64,"column":48}},"type":"binary-expr","locations":[{"start":{"line":64,"column":16},"end":{"line":64,"column":28}},{"start":{"line":64,"column":32},"end":{"line":64,"column":48}}]},"4":{"loc":{"start":{"line":66,"column":15},"end":{"line":66,"column":43}},"type":"binary-expr","locations":[{"start":{"line":66,"column":15},"end":{"line":66,"column":26}},{"start":{"line":66,"column":30},"end":{"line":66,"column":43}}]},"5":{"loc":{"start":{"line":67,"column":15},"end":{"line":67,"column":null}},"type":"binary-expr","locations":[{"start":{"line":67,"column":15},"end":{"line":67,"column":26}},{"start":{"line":67,"column":30},"end":{"line":67,"column":null}}]},"6":{"loc":{"start":{"line":68,"column":23},"end":{"line":70,"column":null}},"type":"cond-expr","locations":[{"start":{"line":69,"column":12},"end":{"line":69,"column":null}},{"start":{"line":70,"column":12},"end":{"line":70,"column":null}}]},"7":{"loc":{"start":{"line":71,"column":15},"end":{"line":71,"column":null}},"type":"binary-expr","locations":[{"start":{"line":71,"column":15},"end":{"line":71,"column":26}},{"start":{"line":71,"column":30},"end":{"line":71,"column":null}}]},"8":{"loc":{"start":{"line":72,"column":17},"end":{"line":72,"column":null}},"type":"binary-expr","locations":[{"start":{"line":72,"column":17},"end":{"line":72,"column":30}},{"start":{"line":72,"column":34},"end":{"line":72,"column":null}}]},"9":{"loc":{"start":{"line":84,"column":4},"end":{"line":84,"column":null}},"type":"if","locations":[{"start":{"line":84,"column":4},"end":{"line":84,"column":null}}]},"10":{"loc":{"start":{"line":94,"column":17},"end":{"line":94,"column":null}},"type":"binary-expr","locations":[{"start":{"line":94,"column":17},"end":{"line":94,"column":34}},{"start":{"line":94,"column":34},"end":{"line":94,"column":null}}]},"11":{"loc":{"start":{"line":95,"column":21},"end":{"line":95,"column":null}},"type":"binary-expr","locations":[{"start":{"line":95,"column":21},"end":{"line":95,"column":42}},{"start":{"line":95,"column":42},"end":{"line":95,"column":null}}]},"12":{"loc":{"start":{"line":98,"column":61},"end":{"line":105,"column":null}},"type":"cond-expr","locations":[{"start":{"line":99,"column":8},"end":{"line":104,"column":null}},{"start":{"line":105,"column":8},"end":{"line":105,"column":null}}]},"13":{"loc":{"start":{"line":108,"column":10},"end":{"line":108,"column":59}},"type":"cond-expr","locations":[{"start":{"line":108,"column":28},"end":{"line":108,"column":57}},{"start":{"line":108,"column":57},"end":{"line":108,"column":59}}]},"14":{"loc":{"start":{"line":109,"column":10},"end":{"line":109,"column":62}},"type":"cond-expr","locations":[{"start":{"line":109,"column":29},"end":{"line":109,"column":60}},{"start":{"line":109,"column":60},"end":{"line":109,"column":62}}]},"15":{"loc":{"start":{"line":110,"column":10},"end":{"line":110,"column":48}},"type":"cond-expr","locations":[{"start":{"line":110,"column":24},"end":{"line":110,"column":46}},{"start":{"line":110,"column":46},"end":{"line":110,"column":48}}]},"16":{"loc":{"start":{"line":144,"column":12},"end":{"line":144,"column":79}},"type":"cond-expr","locations":[{"start":{"line":144,"column":44},"end":{"line":144,"column":77}},{"start":{"line":144,"column":77},"end":{"line":144,"column":79}}]},"17":{"loc":{"start":{"line":145,"column":12},"end":{"line":145,"column":76}},"type":"cond-expr","locations":[{"start":{"line":145,"column":43},"end":{"line":145,"column":74}},{"start":{"line":145,"column":74},"end":{"line":145,"column":76}}]},"18":{"loc":{"start":{"line":146,"column":12},"end":{"line":146,"column":67}},"type":"cond-expr","locations":[{"start":{"line":146,"column":40},"end":{"line":146,"column":65}},{"start":{"line":146,"column":65},"end":{"line":146,"column":67}}]},"19":{"loc":{"start":{"line":147,"column":12},"end":{"line":147,"column":67}},"type":"cond-expr","locations":[{"start":{"line":147,"column":40},"end":{"line":147,"column":65}},{"start":{"line":147,"column":65},"end":{"line":147,"column":67}}]},"20":{"loc":{"start":{"line":148,"column":12},"end":{"line":148,"column":73}},"type":"cond-expr","locations":[{"start":{"line":148,"column":42},"end":{"line":148,"column":71}},{"start":{"line":148,"column":71},"end":{"line":148,"column":73}}]},"21":{"loc":{"start":{"line":149,"column":12},"end":{"line":149,"column":70}},"type":"cond-expr","locations":[{"start":{"line":149,"column":41},"end":{"line":149,"column":68}},{"start":{"line":149,"column":68},"end":{"line":149,"column":70}}]},"22":{"loc":{"start":{"line":150,"column":12},"end":{"line":150,"column":67}},"type":"cond-expr","locations":[{"start":{"line":150,"column":40},"end":{"line":150,"column":65}},{"start":{"line":150,"column":65},"end":{"line":150,"column":67}}]},"23":{"loc":{"start":{"line":151,"column":12},"end":{"line":151,"column":73}},"type":"cond-expr","locations":[{"start":{"line":151,"column":42},"end":{"line":151,"column":71}},{"start":{"line":151,"column":71},"end":{"line":151,"column":73}}]},"24":{"loc":{"start":{"line":152,"column":12},"end":{"line":152,"column":70}},"type":"cond-expr","locations":[{"start":{"line":152,"column":41},"end":{"line":152,"column":68}},{"start":{"line":152,"column":68},"end":{"line":152,"column":70}}]},"25":{"loc":{"start":{"line":153,"column":12},"end":{"line":153,"column":67}},"type":"cond-expr","locations":[{"start":{"line":153,"column":40},"end":{"line":153,"column":65}},{"start":{"line":153,"column":65},"end":{"line":153,"column":67}}]},"26":{"loc":{"start":{"line":154,"column":12},"end":{"line":154,"column":67}},"type":"cond-expr","locations":[{"start":{"line":154,"column":40},"end":{"line":154,"column":65}},{"start":{"line":154,"column":65},"end":{"line":154,"column":67}}]},"27":{"loc":{"start":{"line":155,"column":12},"end":{"line":157,"column":14}},"type":"cond-expr","locations":[{"start":{"line":156,"column":12},"end":{"line":156,"column":null}},{"start":{"line":157,"column":12},"end":{"line":157,"column":14}}]}},"s":{"0":7,"1":2,"2":2,"3":2,"4":7,"5":0,"6":5,"7":5,"8":5,"9":0,"10":1,"11":1,"12":1,"13":1,"14":1,"15":1,"16":1,"17":0,"18":0,"19":0,"20":0,"21":0,"22":1,"23":0},"f":{"0":7,"1":0,"2":5,
[...]
,"H:\\HPX Eigen Reborn\\hpx-eigen-s1-foundation\\src\\types\\exceptions.ts": {"path":"H:\\HPX Eigen Reborn\\hpx-eigen-s1-foundation\\src\\types\\exceptions.ts","statementMap":{"0":{"start":{"line":7,"column":13},"end":{"line":7,"column":34}},"1":{"start":{"line":139,"column":13},"end":{"line":139,"column":44}},"2":{"start":{"line":25,"column":13},"end":{"line":25,"column":47}},"3":{"start":{"line":31,"column":13},"end":{"line":31,"column":40}},"4":{"start":{"line":127,"column":13},"end":{"line":127,"column":48}},"5":{"start":{"line":121,"column":13},"end":{"line":121,"column":35}},"6":{"start":{"line":133,"column":13},"end":{"line":133,"column":40}},"7":{"start":{"line":85,"column":13},"end":{"line":85,"column":45}},"8":{"start":{"line":79,"column":13},"end":{"line":79,"column":42}},"9":{"start":{"line":73,"column":13},"end":{"line":73,"column":43}},"10":{"start":{"line":61,"column":13},"end":{"line":61,"column":44}},"11":{"start":{"line":97,"column":13},"end":{"line":97,"column":49}},"12":{"start":{"line":103,"column":13},"end":{"line":103,"column":53}},"13":{"start":{"line":67,"column":13},"end":{"line":67,"column":41}},"14":{"start":{"line":109,"column":13},"end":{"line":109,"column":43}},"15":{"start":{"line":91,"column":13},"end":{"line":91,"column":44}},"16":{"start":{"line":55,"column":13},"end":{"line":55,"column":43}},"17":{"start":{"line":1,"column":12},"end":{"line":1,"column":null}},"18":{"start":{"line":37,"column":13},"end":{"line":37,"column":41}},"19":{"start":{"line":43,"column":13},"end":{"line":43,"column":41}},"20":{"start":{"line":115,"column":13},"end":{"line":115,"column":43}},"21":{"start":{"line":49,"column":13},"end":{"line":49,"column":41}},"22":{"start":{"line":19,"column":13},"end":{"line":19,"column":37}},"23":{"start":{"line":14,"column":4},"end":{"line":12,"column":29}},"24":{"start":{"line":15,"column":4},"end":{"line":15,"column":null}},"25":{"start":{"line":21,"column":4},"end":{"line":21,"column":null}},"26":{"start":{"line":27,"column":4},"end":{"line":27,"column":null}},"27":{"start":{"line":33,"column":4},"end":{"line":33,"column":null}},"28":{"start":{"line":39,"column":4},"end":{"line":39,"column":null}},"29":{"start":{"line":45,"column":4},"end":{"line":45,"column":null}},"30":{"start":{"line":51,"column":4},"end":{"line":51,"column":null}},"31":{"start":{"line":57,"column":4},"end":{"line":57,"column":null}},"32":{"start":{"line":63,"column":4},"end":{"line":63,"column":null}},"33":{"start":{"line":69,"column":4},"end":{"line":69,"column":null}},"34":{"start":{"line":75,"column":4},"end":{"line":75,"column":null}},"35":{"start":{"line":81,"column":4},"end":{"line":81,"column":null}},"36":{"start":{"line":87,"column":4},"end":{"line":87,"column":null}},"37":{"start":{"line":93,"column":4},"end":{"line":93,"column":null}},"38":{"start":{"line":99,"column":4},"end":{"line":99,"column":null}},"39":{"start":{"line":105,"column":4},"end":{"line":105,"column":null}},"40":{"start":{"line":111,"column":4},"end":{"line":111,"column":null}},"41":{"start":{"line":117,"column":4},"end":{"line":117,"column":null}},"42":{"start":{"line":123,"column":4},"end":{"line":123,"column":null}},"43":{"start":{"line":129,"column":4},"end":{"line":129,"column":null}},"44":{"start":{"line":135,"column":4},"end":{"line":135,"column":null}},"45":{"start":{"line":141,"column":4},"end":{"line":141,"column":null}}},"fnMap":{"0":{"name":"(anonymous_25)","decl":{"start":{"line":8,"column":2},"end":{"line":8,"column":null}},"loc":{"start":{"line":13,"column":4},"end":{"line":16,"column":null}}},"1":{"name":"(anonymous_26)","decl":{"start":{"line":20,"column":2},"end":{"line":20,"column":14}},"loc":{"start":{"line":20,"column":31},"end":{"line":22,"column":null}}},"2":{"name":"(anonymous_27)","decl":{"start":{"line":26,"column":2},"end":{"line":26,"column":14}},"loc":{"start":{"line":26,"column":59},"end":{"line":28,"column":null}}},"3":{"name":"(anonymous_28)","decl":{"start":{"line":32,"column":2},"end":{"line":32,"column":16}},"loc":{"start":{"line":32,"column":16},"end":{"line":34,"column":null}}},"4":{"name":"(anonymous_29)","decl":{"start":{"line":38,"column":2},"end":{"line":38,"column":16}},"loc":{"start":{"line":38,"column":16},"end":{"line":40,"column":null}}},"5":{"name":"(anonymous_30)","decl":{"start":{"line":44,"column":2},"end":{"line":44,"column":16}},"loc":{"start":{"line":44,"column":16},"end":{"line":46,"column":null}}},"6":{"name":"(anonymous_31)","decl":{"start":{"line":50,"column":2},"end":{"line":50,"column":16}},"loc":{"start":{"line":50,"column":16},"end":{"line":52,"column":null}}},"7":{"name":"(anonymous_32)","decl":{"start":{"line":56,"column":2},"end":{"line":56,"column":16}},"loc":{"start":{"line":56,"column":16},"end":{"line":58,"column":null}}},"8":{"name":"(anonymous_33)","decl":{"start":{"line":62,"column":2},"end":{"line":62,"column":16}},"loc":{"start":{"line":62,"column":16},"end":{"line":64,"column":null}}},"9":{"name":"(anonymous_34)","decl":{"start":{"line":68,"column":2},"end":{"line":68,"column":16}},"loc":{"start":{"line":68,"column":16},"end":{"line":70,"column":null}}},"10":{"name":"(anonymous_35)","decl":{"start":{"line":74,"column":2},"end":{"line":74,"column":16}},"loc":{"start":{"line":74,"column":16},"end":{"line":76,"column":null}}},"11":{"name":"(anonymous_36)","decl":{"start":{"line":80,"column":2},"end":{"line":80,"column":16}},"loc":{"start":{"line":80,"column":16},"end":{"line":82,"column":null}}},"12":{"name":"(anonymous_37)","decl":{"start":{"line":86,"column":2},"end":{"line":86,"column":16}},"loc":{"start":{"line":86,"column":16},"end":{"line":88,"column":null}}},"13":{"name":"(anonymous_38)","decl":{"start":{"line":92,"column":2},"end":{"line":92,"column":16}},"loc":{"start":{"line":92,"column":16},"end":{"line":94,"column":null}}},"14":{"name":"(anonymous_39)","decl":{"start":{"line":98,"column":2},"end":{"line":98,"column":16}},"loc":{"start":{"line":98,"column":16},"end":{"line":100,"column":null}}},"15":{"name":"(anonymous_40)","decl":{"start":{"line":104,"column":2},"end":{"line":104,"column":16}},"loc":{"start":{"line":104,"column":16},"end":{"line":106,"column":null}}},"16":{"name":"(anonymous_41)","decl":{"start":{"line":110,"column":2},"end":{"line":110,"column":16}},"loc":{"start":{"line":110,"column":16},"end":{"line":112,"column":null}}},"17":{"name":"(anonymous_42)","decl":{"start":{"line":116,"column":2},"end":{"line":116,"column":16}},"loc":{"start":{"line":116,"column":16},"end":{"line":118,"column":null}}},"18":{"name":"(anonymous_43)","decl":{"start":{"line":122,"column":2},"end":{"line":122,"column":16}},"loc":{"start":{"line":122,"column":16},"end":{"line":124,"column":null}}},"19":{"name":"(anonymous_44)","decl":{"start":{"line":128,"column":2},"end":{"line":128,"column":14}},"loc":{"start":{"line":128,"column":53},"end":{"line":130,"column":null}}},"20":{"name":"(anonymous_45)","decl":{"start":{"line":134,"column":2},"end":{"line":134,"column":16}},"loc":{"start":{"line":134,"column":16},"end":{"line":136,"column":null}}},"21":{"name":"(anonymous_46)","decl":{"start":{"line":140,"column":2},"end":{"line":140,"column":16}},"loc":{"start":{"line":140,"column":16},"end":{"line":142,"column":null}}}},"branchMap":{"0":{"loc":{"start":{"line":26,"column":14},"end":{"line":26,"column":57}},"type":"default-arg","locations":[{"start":{"line":26,"column":24},"end":{"line":26,"column":57}}]},"1":{"loc":{"start":{"line":128,"column":14},"end":{"line":128,"column":51}},"type":"default-arg","locations":[{"start":{"line":128,"column":24},"end":{"line":128,"column":51}}]}},"s":{"0":4,"1":0,"2":1,"3":0,"4":1,"5":0,"6":0,"7":0,"8":0,"9":0,"10":0,"11":0,"12":0,"13":0,"14":0,"15":0,"16":7,"17":8,"18":1,"19":2,"20":0,"21":0,"22":8,"23":20,"24":20,"25":8,"26":0,"27":0,"28":0,"29":1,"30":0,"31":7,"32":0,"33":0,"34":0,"35":0,"36":0,"37":0,"38":0,"39":0,"40":0,"41":0,"42":0,"43":1,"44":0,"45":0},"f":{"0":20,"1":8,"2":0,"3":0,"4":0,"5":1,"6":0,"7":7,"8":0,"9":0,"10":0,"11":0,"12":0,"13":0,"14":0,"15":0,"16":0,"17":0,"18":0,"19":1,"20":0,"21":0},"b":{"0":[0],"1":[1]}}
,"H:\\HPX Eigen Reborn\\hpx-eigen-s1-foundation\\src\\utils\\logger.ts": {"path":"H:\\HPX Eigen Reborn\\hpx-eigen-s1-foundation\\src\\utils\\logger.ts","statementMap":{"0":{"start":{"line":8,"column":13},"end":{"line":8,"column":22}},"1":{"start":{"line":1,"column":17},"end":{"line":1,"column":null}},"2":{"start":{"line":2,"column":33},"end":{"line":2,"column":null}},"3":{"start":{"line":6,"column":14},"end":{"line":6,"column":null}},"4":{"start":{"line":8,"column":22},"end":{"line":39,"column":null}},"5":{"start":{"line":13,"column":26},"end":{"line":13,"column":null}},"6":{"start":{"line":14,"column":4},"end":{"line":14,"column":null}}},"fnMap":{"0":{"name":"(anonymous_2)","decl":{"start":{"line":12,"column":2},"end":{"line":12,"column":null}},"loc":{"start":{"line":12,"column":2},"end":{"line":15,"column":null}}}},"branchMap":{"0":{"loc":{"start":{"line":6,"column":14},"end":{"line":6,"column":null}},"type":"binary-expr","locations":[{"start":{"line":6,"column":14},"end":{"line":6,"column":35}},{"start":{"line":6,"column":39},"end":{"line":6,"column":null}}]},"1":{"loc":{"start":{"line":14,"column":11},"end":{"line":14,"column":null}},"type":"cond-expr","locations":[{"start":{"line":14,"column":27},"end":{"line":14,"column":47}},{"start":{"line":14,"column":47},"end":{"line":14,"column":null}}]},"2":{"loc":{"start":{"line":31,"column":13},"end":{"line":38,"column":null}},"type":"cond-expr","locations":[{"start":{"line":31,"column":53},"end":{"line":38,"column":6}},{"start":{"line":38,"column":6},"end":{"line":38,"column":null}}]}},"s":{"0":6,"1":2,"2":2,"3":2,"4":2,"5":6,"6":6},"f":{"0":6},"b":{"0":[2,2],"1":[5,1],"2":[2,0]}}
,"H:\\HPX Eigen Reborn\\hpx-eigen-s1-foundation\\src\\utils\\requestContext.ts": {"path":"H:\\HPX Eigen Reborn\\hpx-eigen-s1-foundation\\src\\utils\\requestContext.ts","statementMap":{"0":{"start":{"line":10,"column":16},"end":{"line":10,"column":null}},"1":{"start":{"line":8,"column":13},"end":{"line":8,"column":30}},"2":{"start":{"line":1,"column":34},"end":{"line":1,"column":null}},"3":{"start":{"line":8,"column":30},"end":{"line":8,"column":null}},"4":{"start":{"line":11,"column":2},"end":{"line":11,"column":null}}},"fnMap":{"0":{"name":"getCorrelationId","decl":{"start":{"line":10,"column":16},"end":{"line":10,"column":null}},"loc":{"start":{"line":10,"column":16},"end":{"line":12,"column":null}}}},"branchMap":{},"s":{"0":7,"1":7,"2":2,"3":2,"4":7},"f":{"0":7},"b":{}}
,"H:\\HPX Eigen Reborn\\hpx-eigen-s1-foundation\\src\\utils\\scope.helper.ts": {"path":"H:\\HPX Eigen Reborn\\hpx-eigen-s1-foundation\\src\\utils\\scope.helper.ts","statementMap":{"0":{"start":{"line":29,"column":22},"end":{"line":29,"column":null}},"1":{"start":{"line":36,"column":2},"end":{"line":68,"column":null}},"2":{"start":{"line":38,"column":6},"end":{"line":38,"column":null}},"3":{"start":{"line":41,"column":6},"end":{"line":44,"column":null}},"4":{"start":{"line":43,"column":8},"end":{"line":43,"column":null}},"5":{"start":{"line":45,"column":22},"end":{"line":48,"column":null}},"6":{"start":{"line":49,"column":6},"end":{"line":49,"column":null}},"7":{"start":{"line":49,"column":49},"end":{"line":49,"column":53}},"8":{"start":{"line":53,"column":6},"end":{"line":56,"column":null}},"9":{"start":{"line":55,"column":8},"end":{"line":55,"column":null}},"10":{"start":{"line":57,"column":22},"end":{"line":60,"column":null}},"11":{"start":{"line":61,"column":6},"end":{"line":61,"column":null}},"12":{"start":{"line":61,"column":49},"end":{"line":61,"column":53}},"13":{"start":{"line":67,"column":6},"end":{"line":67,"column":null}}},"fnMap":{"0":{"name":"buildOwnerFilter","decl":{"start":{"line":29,"column":22},"end":{"line":29,"column":null}},"loc":{"start":{"line":34,"column":22},"end":{"line":69,"column":null}}},"1":{"name":"(anonymous_2)","decl":{"start":{"line":49,"column":42},"end":{"line":49,"column":43}},"loc":{"start":{"line":49,"column":49},"end":{"line":49,"column":53}}},"2":{"name":"(anonymous_3)","decl":{"start":{"line":61,"column":42},"end":{"line":61,"column":43}},"loc":{"start":{"line":61,"column":49},"end":{"line":61,"column":53}}}},"branchMap":{"0":{"loc":{"start":{"line":36,"column":2},"end":{"line":68,"column":null}},"type":"switch","locations":[{"start":{"line":37,"column":4},"end":{"line":38,"column":null}},{"start":{"line":40,"column":4},"end":{"line":50,"column":null}},{"start":{"line":52,"column":4},"end":{"line":62,"column":null}},{"start":{"line":64,"column":4},"end":{"line":64,"column":null}},{"start":{"line":65,"column":4},"end":{"line":67,"column":null}}]},"1":{"loc":{"start":{"line":41,"column":6},"end":{"line":44,"column":null}},"type":"if","locations":[{"start":{"line":41,"column":6},"end":{"line":44,"column":null}}]},"2":{"loc":{"start":{"line":53,"column":6},"end":{"line":56,"column":null}},"type":"if","locations":[{"start":{"line":53,"column":6},"end":{"line":56,"column":null}}]}},"s":{"0":0,"1":0,"2":0,"3":0,"4":0,"5":0,"6":0,"7":0,"8":0,"9":0,"10":0,"11":0,"12":0,"13":0},"f":{"0":0,"1":0,"2":0},"b":{"0":[0,0,0,0,0],"1":[0],"2":[0]}}
,"H:\\HPX Eigen Reborn\\hpx-eigen-s1-foundation\\src\\workers\\outbox-worker.ts": {"path":"H:\\HPX Eigen Reborn\\hpx-eigen-s1-foundation\\src\\workers\\outbox-worker.ts","statementMap":{"0":{"start":{"line":4,"column":15},"end":{"line":4,"column":null}},"1":{"start":{"line":5,"column":26},"end":{"line":5,"column":null}},"2":{"start":{"line":7,"column":19},"end":{"line":7,"column":null}},"3":{"start":{"line":8,"column":21},"end":{"line":8,"column":null}},"4":{"start":{"line":9,"column":25},"end":{"line":9,"column":null}},"5":{"start":{"line":12,"column":2},"end":{"line":71,"column":null}},"6":{"start":{"line":13,"column":26},"end":{"line":21,"column":null}},"7":{"start":{"line":23,"column":4},"end":{"line":68,"column":null}},"8":{"start":{"line":24,"column":6},"end":{"line":67,"column":null}},"9":{"start":{"line":25,"column":8},"end":{"line":38,"column":null}},"10":{"start":{"line":27,"column":26},"end":{"line":27,"column":39}},"11":{"start":{"line":28,"column":25},"end":{"line":28,"column":39}},"12":{"start":{"line":29,"column":28},"end":{"line":29,"column":62}},"13":{"start":{"line":31,"column":10},"end":{"line":37,"column":null}},"14":{"start":{"line":33,"column":12},"end":{"line":33,"column":null}},"15":{"start":{"line":34,"column":17},"end":{"line":37,"column":null}},"16":{"start":{"line":36,"column":12},"end":{"line":36,"column":null}},"17":{"start":{"line":41,"column":8},"end":{"line":47,"column":null}},"18":{"start":{"line":49,"column":8},"end":{"line":49,"column":null}},"19":{"start":{"line":51,"column":25},"end":{"line":51,"column":null}},"20":{"start":{"line":52,"column":25},"end":{"line":52,"column":null}},"21":{"start":{"line":53,"column":23},"end":{"line":53,"column":102}},"22":{"start":{"line":55,"column":8},"end":{"line":64,"column":null}},"23":{"start":{"line":66,"column":8},"end":{"line":66,"column":null}},"24":{"start":{"line":70,"column":4},"end":{"line":70,"column":null}},"25":{"start":{"line":75,"column":2},"end":{"line":75,"column":null}},"26":{"start":{"line":78,"column":2},"end":{"line":81,"column":null}},"27":{"start":{"line":79,"column":4},"end":{"line":79,"column":null}},"28":{"start":{"line":80,"column":4},"end":{"line":80,"column":null}},"29":{"start":{"line":80,"column":33},"end":{"line":80,"column":null}},"30":{"start":{"line":85,"column":0},"end":{"line":90,"column":null}},"31":{"start":{"line":86,"column":2},"end":{"line":89,"column":null}},"32":{"start":{"line":87,"column":4},"end":{"line":87,"column":null}},"33":{"start":{"line":88,"column":4},"end":{"line":88,"column":null}}},"fnMap":{"0":{"name":"processOutbox","decl":{"start":{"line":11,"column":15},"end":{"line":11,"column":null}},"loc":{"start":{"line":11,"column":15},"end":{"line":72,"column":null}}},"1":{"name":"startWorker","decl":{"start":{"line":74,"column":15},"end":{"line":74,"column":null}},"loc":{"start":{"line":74,"column":15},"end":{"line":82,"column":null}}},"2":{"name":"(anonymous_2)","decl":{"start":{"line":80,"column":22},"end":{"line":80,"column":33}},"loc":{"start":{"line":80,"column":33},"end":{"line":80,"column":null}}},"3":{"name":"(anonymous_3)","decl":{"start":{"line":86,"column":22},"end":{"line":86,"column":null}},"loc":{"start":{"line":86,"column":22},"end":{"line":89,"column":null}}}},"branchMap":{"0":{"loc":{"start":{"line":25,"column":8},"end":{"line":38,"column":null}},"type":"if","locations":[{"start":{"line":25,"column":8},"end":{"line":38,"column":null}}]},"1":{"loc":{"start":{"line":25,"column":12},"end":{"line":25,"column":142}},"type":"binary-expr","locations":[{"start":{"line":25,"column":12},"end":{"line":25,"column":49}},{"start":{"line":25,"column":49},"end":{"line":25,"column":92}},{"start":{"line":25,"column":92},"end":{"line":25,"column":142}}]},"2":{"loc":{"start":{"line":29,"column":28},"end":{"line":29,"column":62}},"type":"binary-expr","locations":[{"start":{"line":29,"column":28},"end":{"line":29,"column":44}},{"start":{"line":29,"column":48},"end":{"line":29,"column":62}}]},"3":{"loc":{"start":{"line":31,"column":10},"end":{"line":37,"column":null}},"type":"if","locations":[{"start":{"line":31,"column":10},"end":{"line":37,"column":null}},{"start":{"line":34,"column":17},"end":{"line":37,"column":null}}]},"4":{"loc":{"start":{"line":34,"column":17},"end":{"line":37,"column":null}},"type":"if","locations":[{"start":{"line":34,"column":17},"end":{"line":37,"column":null}}]},"5":{"loc":{"start":{"line":51,"column":25},"end":{"line":51,"column":null}},"type":"cond-expr","locations":[{"start":{"line":51,"column":48},"end":{"line":51,"column":59}},{"start":{"line":51,"column":62},"end":{"line":51,"column":null}}]},"6":{"loc":{"start":{"line":53,"column":23},"end":{"line":53,"column":102}},"type":"cond-expr","locations":[{"start":{"line":53,"column":50},"end":{"line":53,"column":74}},{"start":{"line":53,"column":77},"end":{"line":53,"column":102}}]},"7":{"loc":{"start":{"line":62,"column":16},"end":{"line":62,"column":83}},"type":"cond-expr","locations":[{"start":{"line":62,"column":54},"end":{"line":62,"column":81}},{"start":{"line":62,"column":81},"end":{"line":62,"column":83}}]},"8":{"loc":{"start":{"line":70,"column":71},"end":{"line":70,"column":120}},"type":"cond-expr","locations":[{"start":{"line":70,"column":94},"end":{"line":70,"column":105}},{"start":{"line":70,"column":108},"end":{"line":70,"column":120}}]},"9":{"loc":{"start":{"line":85,"column":0},"end":{"line":90,"column":null}},"type":"if","locations":[{"start":{"line":85,"column":0},"end":{"line":90,"column":null}}]}},"s":{"0":0,"1":0,"2":0,"3":0,"4":0,"5":0,"6":0,"7":0,"8":0,"9":0,"10":0,"11":0,"12":0,"13":0,"14":0,"15":0,"16":0,"17":0,"18":0,"19":0,"20":0,"21":0,"22":0,"23":0,"24":0,"25":0,"26":0,"27":0,"28":0,"29":0,"30":0,"31":0,"32":0,"33":0},"f":{"0":0,"1":0,"2":0,"3":0},"b":{"0":[0],"1":[0,0,0],"2":[0,0],"3":[0,0],"4":[0],"5":[0,0],"6":[0,0],"7":[0,0],"8":[0,0],"9":[0]}}
}
