TN:
SF:src\app.ts
FN:52,(anonymous_2)
FN:68,(anonymous_3)
FN:103,(anonymous_4)
FN:116,(anonymous_5)
FN:129,(anonymous_6)
FNF:5
FNH:2
FNDA:7,(anonymous_2)
FNDA:0,(anonymous_3)
FNDA:0,(anonymous_4)
FNDA:0,(anonymous_5)
FNDA:1,(anonymous_6)
DA:1,1
DA:2,1
DA:3,1
DA:4,1
DA:5,1
DA:6,1
DA:7,1
DA:8,1
DA:10,1
DA:11,1
DA:12,1
DA:13,1
DA:14,1
DA:17,1
DA:18,1
DA:19,1
DA:20,1
DA:21,1
DA:24,1
DA:25,1
DA:26,1
DA:29,1
DA:30,1
DA:33,1
DA:34,1
DA:36,1
DA:39,1
DA:43,1
DA:51,1
DA:54,7
DA:55,7
DA:57,0
DA:65,1
DA:68,1
DA:69,0
DA:73,1
DA:74,1
DA:75,1
DA:76,1
DA:77,1
DA:80,1
DA:81,1
DA:82,1
DA:83,1
DA:84,1
DA:87,1
DA:88,1
DA:91,1
DA:94,1
DA:95,1
DA:100,1
DA:103,1
DA:104,0
DA:105,0
DA:106,0
DA:108,0
DA:109,0
DA:111,0
DA:116,1
DA:117,0
DA:118,0
DA:119,0
DA:121,0
DA:122,0
DA:124,0
DA:129,1
DA:130,1
DA:132,1
DA:134,1
DA:135,1
DA:141,1
DA:145,0
DA:147,0
DA:154,7
LF:74
LH:58
BRDA:54,0,0,7
BRDA:54,0,1,0
BRDA:54,1,0,7
BRDA:54,1,1,0
BRDA:130,2,0,1
BRDA:130,2,1,0
BRDA:132,3,0,1
BRF:7
BRH:4
end_of_record
TN:
SF:src\db.ts
FN:41,(anonymous_1)
FNF:1
FNH:1
FNDA:30,(anonymous_1)
DA:1,1
DA:2,1
DA:11,1
DA:16,1
DA:17,1
DA:21,1
DA:38,23
DA:42,30
DA:43,30
DA:44,19
DA:48,11
DA:49,11
DA:52,11
DA:55,0
DA:64,0
DA:69,0
DA:70,0
DA:74,0
DA:75,0
DA:79,0
DA:83,0
DA:89,0
LF:22
LH:13
BRDA:11,0,0,1
BRDA:11,0,1,1
BRDA:13,1,0,0
BRDA:13,1,1,1
BRDA:16,2,0,1
BRDA:42,3,0,30
BRDA:42,3,1,0
BRDA:43,4,0,19
BRDA:55,5,0,0
BRDA:55,5,1,0
BRDA:56,6,0,0
BRDA:56,6,1,0
BRDA:56,6,2,0
BRDA:56,6,3,0
BRDA:56,6,4,0
BRDA:56,6,5,0
BRDA:56,6,6,0
BRDA:65,7,0,0
BRDA:65,7,1,0
BRDA:69,8,0,0
BRDA:69,8,1,0
BRDA:71,9,0,0
BRDA:71,9,1,0
BRDA:74,10,0,0
BRDA:76,11,0,0
BRDA:76,11,1,0
BRDA:80,12,0,0
BRDA:80,12,1,0
BRDA:84,13,0,0
BRDA:84,13,1,0
BRF:30
BRH:6
end_of_record
TN:
SF:src\redis.ts
FN:12,(anonymous_8)
FN:26,checkCircuit
FN:49,recordSuccess
FN:58,recordFailure
FN:72,getClient
FN:90,(anonymous_13)
FN:103,redisGet
FN:118,redisSet
FN:135,redisDel
FN:150,redisIncr
FN:174,(anonymous_18)
FN:176,(anonymous_19)
FN:178,(anonymous_20)
FN:180,(anonymous_21)
FN:184,redisClose
FNF:15
FNH:8
FNDA:2,(anonymous_8)
FNDA:23,checkCircuit
FNDA:0,recordSuccess
FNDA:0,recordFailure
FNDA:23,getClient
FNDA:0,(anonymous_13)
FNDA:10,redisGet
FNDA:10,redisSet
FNDA:3,redisDel
FNDA:0,redisIncr
FNDA:4,(anonymous_18)
FNDA:0,(anonymous_19)
FNDA:0,(anonymous_20)
FNDA:11,(anonymous_21)
FNDA:0,redisClose
DA:7,2
DA:9,2
DA:10,2
DA:12,2
DA:18,2
DA:19,2
DA:20,2
DA:21,2
DA:23,2
DA:24,2
DA:27,23
DA:29,0
DA:30,0
DA:31,0
DA:32,0
DA:33,0
DA:35,0
DA:38,0
DA:39,0
DA:40,0
DA:42,0
DA:43,0
DA:46,0
DA:50,0
DA:51,0
DA:52,0
DA:53,0
DA:54,0
DA:59,0
DA:60,0
DA:62,0
DA:63,0
DA:64,0
DA:65,0
DA:66,0
DA:67,0
DA:68,0
DA:73,23
DA:74,2
DA:76,2
DA:77,2
DA:78,2
DA:79,2
DA:80,2
DA:83,0
DA:84,0
DA:90,0
DA:91,0
DA:94,0
DA:96,0
DA:97,0
DA:98,0
DA:103,10
DA:104,10
DA:105,10
DA:106,10
DA:107,10
DA:108,0
DA:109,0
DA:110,0
DA:112,0
DA:113,0
DA:118,10
DA:119,10
DA:120,10
DA:121,10
DA:122,10
DA:123,0
DA:124,0
DA:126,0
DA:128,0
DA:130,0
DA:135,3
DA:136,3
DA:137,3
DA:138,3
DA:139,3
DA:140,0
DA:141,0
DA:142,0
DA:144,0
DA:145,0
DA:150,0
DA:151,0
DA:152,0
DA:153,0
DA:154,0
DA:155,0
DA:156,0
DA:157,0
DA:159,0
DA:160,0
DA:172,15
DA:175,4
DA:177,0
DA:179,0
DA:181,11
DA:184,0
DA:185,0
DA:186,0
DA:187,0
LF:101
LH:36
BRDA:12,0,0,2
BRDA:12,0,1,2
BRDA:23,1,0,2
BRDA:23,1,1,2
BRDA:24,2,0,2
BRDA:24,2,1,2
BRDA:27,3,0,23
BRDA:29,4,0,0
BRDA:30,5,0,0
BRDA:38,6,0,0
BRDA:39,7,0,0
BRDA:51,8,0,0
BRDA:62,9,0,0
BRDA:62,9,1,0
BRDA:66,10,0,0
BRDA:66,11,0,0
BRDA:66,11,1,0
BRDA:73,12,0,21
BRDA:74,13,0,0
BRDA:77,14,0,2
BRDA:104,15,0,0
BRDA:107,16,0,10
BRDA:119,17,0,0
BRDA:122,18,0,10
BRDA:123,19,0,0
BRDA:123,19,1,0
BRDA:136,20,0,0
BRDA:139,21,0,3
BRDA:151,22,0,0
BRDA:154,23,0,0
BRDA:185,24,0,0
BRF:31
BRH:12
end_of_record
TN:
SF:src\server.ts
FN:10,(anonymous_0)
FN:27,(anonymous_1)
FN:42,(anonymous_2)
FN:47,(anonymous_3)
FN:52,(anonymous_4)
FN:55,(anonymous_5)
FN:65,(anonymous_6)
FN:69,(anonymous_7)
FNF:8
FNH:0
FNDA:0,(anonymous_0)
FNDA:0,(anonymous_1)
FNDA:0,(anonymous_2)
FNDA:0,(anonymous_3)
FNDA:0,(anonymous_4)
FNDA:0,(anonymous_5)
FNDA:0,(anonymous_6)
FNDA:0,(anonymous_7)
DA:6,0
DA:8,0
DA:10,0
DA:11,0
DA:27,0
DA:28,0
DA:39,0
DA:42,0
DA:43,0
DA:44,0
DA:47,0
DA:48,0
DA:49,0
DA:52,0
DA:53,0
DA:55,0
DA:56,0
DA:57,0
DA:58,0
DA:60,0
DA:65,0
DA:66,0
DA:69,0
DA:70,0
LF:24
LH:0
BRDA:6,0,0,0
BRDA:6,0,1,0
BRDA:15,1,0,0
BRDA:15,1,1,0
BRF:4
BRH:0
end_of_record
TN:
SF:src\config\rate-limit\base.ts
FNF:0
FNH:0
DA:9,3
LF:1
LH:1
BRF:0
BRH:0
end_of_record
TN:
SF:src\config\rate-limit\development.ts
FNF:0
FNH:0
DA:1,1
DA:3,1
LF:2
LH:2
BRF:0
BRH:0
end_of_record
TN:
SF:src\config\rate-limit\index.ts
FN:7,(anonymous_1)
FNF:1
FNH:1
FNDA:1,(anonymous_1)
DA:2,1
DA:3,1
DA:4,1
DA:6,1
DA:8,1
DA:11,0
DA:14,1
DA:17,0
LF:8
LH:6
BRDA:7,0,0,1
BRDA:7,1,0,1
BRDA:7,1,1,0
BRDA:8,2,0,0
BRDA:8,2,1,0
BRDA:8,2,2,1
BRDA:8,2,3,1
BRDA:8,2,4,0
BRDA:8,2,5,0
BRF:9
BRH:4
end_of_record
TN:
SF:src\config\rate-limit\production.ts
FNF:0
FNH:0
DA:1,1
DA:3,1
LF:2
LH:2
BRF:0
BRH:0
end_of_record
TN:
SF:src\config\rate-limit\test.ts
FNF:0
FNH:0
DA:1,1
DA:3,1
LF:2
LH:2
BRF:0
BRH:0
end_of_record
TN:
SF:src\context\request-context.ts
FN:16,getRequestContext
FNF:1
FNH:1
FNDA:20,getRequestContext
DA:1,5
DA:14,5
DA:16,20
DA:17,20
DA:18,20
DA:19,20
DA:21,0
LF:7
LH:6
BRDA:18,0,0,20
BRF:1
BRH:1
end_of_record
TN:
SF:src\middleware\auth.middleware.ts
FN:35,userContextKey
FN:49,getUserContext
FN:88,authMiddleware
FN:175,permissionMiddleware
FN:176,(anonymous_7)
FNF:5
FNH:4
FNDA:3,userContextKey
FNDA:3,getUserContext
FNDA:4,authMiddleware
FNDA:42,permissionMiddleware
FNDA:0,(anonymous_7)
DA:1,2
DA:3,2
DA:4,2
DA:5,2
DA:11,2
DA:12,2
DA:29,2
DA:30,2
DA:33,2
DA:36,3
DA:50,3
DA:51,3
DA:53,3
DA:54,0
DA:55,0
DA:61,3
DA:66,3
DA:72,3
DA:74,3
DA:88,46
DA:93,4
DA:94,4
DA:95,4
DA:96,0
DA:97,0
DA:100,4
DA:104,4
DA:105,4
DA:107,0
DA:110,4
DA:113,4
DA:115,4
DA:117,4
DA:118,4
DA:122,4
DA:123,0
DA:126,4
DA:127,4
DA:128,1
DA:132,3
DA:136,3
DA:141,2
DA:150,2
DA:152,1
DA:157,1
DA:158,1
DA:159,1
DA:161,0
DA:162,0
DA:175,42
DA:176,42
DA:177,0
DA:178,0
DA:180,0
DA:181,0
DA:182,0
DA:185,0
DA:186,0
DA:188,0
DA:189,0
DA:190,0
DA:192,0
DA:193,0
DA:196,0
LF:64
LH:43
BRDA:53,0,0,0
BRDA:67,1,0,3
BRDA:67,1,1,3
BRDA:68,2,0,3
BRDA:68,2,1,3
BRDA:95,3,0,0
BRDA:115,4,0,4
BRDA:122,5,0,0
BRDA:122,6,0,4
BRDA:122,6,1,4
BRDA:127,7,0,1
BRDA:152,8,0,1
BRDA:153,9,0,1
BRDA:153,9,1,1
BRDA:153,9,2,1
BRDA:180,10,0,0
BRDA:185,11,0,0
BRDA:185,11,1,0
BRDA:188,12,0,0
BRF:19
BRH:12
end_of_record
TN:
SF:src\middleware\correlation.middleware.ts
FN:8,correlationMiddleware
FN:21,(anonymous_2)
FNF:2
FNH:2
FNDA:7,correlationMiddleware
FNDA:7,(anonymous_2)
DA:2,1
DA:3,1
DA:5,1
DA:6,1
DA:8,1
DA:9,7
DA:12,7
DA:13,0
DA:15,7
DA:16,7
DA:19,7
DA:21,7
DA:22,7
LF:13
LH:12
BRDA:12,0,0,0
BRDA:12,0,1,7
BRDA:12,1,0,7
BRDA:12,1,1,0
BRF:4
BRH:2
end_of_record
TN:
SF:src\middleware\rateLimiter.middleware.ts
FNF:0
FNH:0
DA:1,1
DA:2,1
DA:4,1
DA:6,4
LF:4
LH:4
BRF:0
BRH:0
end_of_record
TN:
SF:src\middleware\role.middleware.ts
FN:12,requireRole
FN:13,(anonymous_1)
FNF:2
FNH:0
FNDA:0,requireRole
FNDA:0,(anonymous_1)
DA:10,0
DA:13,0
DA:14,0
DA:15,0
DA:16,0
DA:17,0
DA:20,0
DA:24,0
DA:35,0
DA:36,0
DA:42,0
DA:44,0
LF:12
LH:0
BRDA:16,0,0,0
BRDA:35,1,0,0
BRF:2
BRH:0
end_of_record
TN:
SF:src\middleware\tenant.middleware.ts
FN:24,createTenantClient
FN:28,(anonymous_1)
FN:39,(anonymous_2)
FN:50,(anonymous_3)
FN:56,(anonymous_4)
FN:66,(anonymous_5)
FN:84,requireTenant
FNF:7
FNH:0
FNDA:0,createTenantClient
FNDA:0,(anonymous_1)
FNDA:0,(anonymous_2)
FNDA:0,(anonymous_3)
FNDA:0,(anonymous_4)
FNDA:0,(anonymous_5)
FNDA:0,requireTenant
DA:4,0
DA:25,0
DA:29,0
DA:30,0
DA:36,0
DA:40,0
DA:41,0
DA:47,0
DA:53,0
DA:57,0
DA:58,0
DA:63,0
DA:67,0
DA:68,0
DA:73,0
DA:85,0
LF:16
LH:0
BRDA:29,0,0,0
BRDA:40,1,0,0
BRDA:57,2,0,0
BRDA:67,3,0,0
BRF:4
BRH:0
end_of_record
TN:
SF:src\middleware\validate.middleware.ts
FN:5,(anonymous_1)
FN:6,(anonymous_2)
FN:23,(anonymous_3)
FNF:3
FNH:2
FNDA:9,(anonymous_1)
FNDA:4,(anonymous_2)
FNDA:0,(anonymous_3)
DA:2,1
DA:3,1
DA:5,9
DA:6,9
DA:7,4
DA:9,4
DA:15,4
DA:16,4
DA:17,4
DA:19,4
DA:21,0
DA:23,0
DA:24,0
DA:26,0
LF:14
LH:10
BRDA:21,0,0,0
BRDA:21,0,1,0
BRF:2
BRH:0
end_of_record
TN:
SF:src\repositories\activity.repo.ts
FN:22,(anonymous_1)
FN:27,(anonymous_2)
FN:42,(anonymous_3)
FN:54,(anonymous_4)
FN:65,(anonymous_5)
FN:76,(anonymous_6)
FN:87,(anonymous_7)
FN:102,(anonymous_8)
FN:111,(anonymous_9)
FNF:9
FNH:6
FNDA:6,(anonymous_1)
FNDA:1,(anonymous_2)
FNDA:4,(anonymous_3)
FNDA:1,(anonymous_4)
FNDA:0,(anonymous_5)
FNDA:0,(anonymous_6)
FNDA:0,(anonymous_7)
FNDA:1,(anonymous_8)
FNDA:1,(anonymous_9)
DA:2,2
DA:3,2
DA:21,6
DA:23,6
DA:28,1
DA:43,4
DA:49,4
DA:50,3
DA:55,1
DA:66,0
DA:77,0
DA:88,0
DA:90,0
DA:103,1
DA:104,1
DA:112,1
DA:113,1
LF:17
LH:13
BRDA:35,0,0,1
BRDA:35,0,1,1
BRDA:36,1,0,1
BRDA:36,1,1,1
BRDA:49,2,0,1
BRDA:93,3,0,0
BRDA:93,3,1,0
BRDA:94,4,0,0
BRDA:94,4,1,0
BRDA:95,5,0,0
BRDA:95,5,1,0
BRDA:96,6,0,0
BRDA:96,6,1,0
BRF:13
BRH:5
end_of_record
TN:
SF:src\repositories\base.repo.ts
FN:9,(anonymous_1)
FN:13,(anonymous_2)
FNF:2
FNH:2
FNDA:59,(anonymous_1)
FNDA:12,(anonymous_2)
DA:6,14
DA:10,59
DA:14,12
LF:3
LH:3
BRF:0
BRH:0
end_of_record
TN:
SF:src\repositories\contact.repo.ts
FN:26,(anonymous_1)
FN:31,(anonymous_2)
FN:47,(anonymous_3)
FN:59,(anonymous_4)
FN:67,(anonymous_5)
FN:78,(anonymous_6)
FN:96,(anonymous_7)
FNF:7
FNH:1
FNDA:7,(anonymous_1)
FNDA:0,(anonymous_2)
FNDA:0,(anonymous_3)
FNDA:0,(anonymous_4)
FNDA:0,(anonymous_5)
FNDA:0,(anonymous_6)
FNDA:0,(anonymous_7)
DA:2,2
DA:3,2
DA:25,7
DA:27,7
DA:32,0
DA:48,0
DA:54,0
DA:55,0
DA:60,0
DA:68,0
DA:79,0
DA:81,0
DA:97,0
DA:98,0
LF:14
LH:4
BRDA:37,0,0,0
BRDA:37,0,1,0
BRDA:38,1,0,0
BRDA:38,1,1,0
BRDA:39,2,0,0
BRDA:39,2,1,0
BRDA:40,3,0,0
BRDA:40,3,1,0
BRDA:41,4,0,0
BRDA:41,4,1,0
BRDA:54,5,0,0
BRDA:84,6,0,0
BRDA:84,6,1,0
BRDA:85,7,0,0
BRDA:85,7,1,0
BRDA:86,8,0,0
BRDA:86,8,1,0
BRDA:87,9,0,0
BRDA:87,9,1,0
BRDA:88,10,0,0
BRDA:88,10,1,0
BRDA:89,11,0,0
BRDA:89,11,1,0
BRDA:90,12,0,0
BRDA:90,12,1,0
BRF:25
BRH:0
end_of_record
TN:
SF:src\repositories\lead.repo.ts
FN:50,(anonymous_1)
FN:55,(anonymous_2)
FN:78,(anonymous_3)
FN:93,(anonymous_4)
FN:127,(anonymous_5)
FN:137,(anonymous_6)
FN:166,(anonymous_7)
FN:175,(anonymous_8)
FNF:8
FNH:4
FNDA:7,(anonymous_1)
FNDA:0,(anonymous_2)
FNDA:5,(anonymous_3)
FNDA:1,(anonymous_4)
FNDA:0,(anonymous_5)
FNDA:0,(anonymous_6)
FNDA:0,(anonymous_7)
FNDA:1,(anonymous_8)
DA:1,2
DA:2,2
DA:3,2
DA:49,7
DA:51,7
DA:56,0
DA:79,5
DA:84,5
DA:85,0
DA:94,1
DA:95,1
DA:96,1
DA:98,1
DA:107,1
DA:113,1
DA:123,1
DA:128,0
DA:139,0
DA:141,0
DA:167,0
DA:168,0
DA:176,1
DA:177,0
LF:23
LH:15
BRDA:61,0,0,0
BRDA:61,0,1,0
BRDA:62,1,0,0
BRDA:62,1,1,0
BRDA:63,2,0,0
BRDA:63,2,1,0
BRDA:64,3,0,0
BRDA:64,3,1,0
BRDA:66,4,0,0
BRDA:66,4,1,0
BRDA:67,5,0,0
BRDA:67,5,1,0
BRDA:68,6,0,0
BRDA:68,6,1,0
BRDA:71,7,0,0
BRDA:71,7,1,0
BRDA:72,8,0,0
BRDA:72,8,1,0
BRDA:84,9,0,5
BRDA:94,10,0,1
BRDA:94,10,1,1
BRDA:95,11,0,1
BRDA:95,11,1,1
BRDA:98,12,0,0
BRDA:98,12,1,1
BRDA:108,13,0,0
BRDA:108,13,1,1
BRDA:109,14,0,0
BRDA:109,14,1,1
BRDA:110,15,0,0
BRDA:110,15,1,1
BRDA:144,16,0,0
BRDA:144,16,1,0
BRDA:145,17,0,0
BRDA:145,17,1,0
BRDA:146,18,0,0
BRDA:146,18,1,0
BRDA:147,19,0,0
BRDA:147,19,1,0
BRDA:148,20,0,0
BRDA:148,20,1,0
BRDA:149,21,0,0
BRDA:149,21,1,0
BRDA:150,22,0,0
BRDA:150,22,1,0
BRDA:151,23,0,0
BRDA:151,23,1,0
BRDA:152,24,0,0
BRDA:152,24,1,0
BRDA:153,25,0,0
BRDA:153,25,1,0
BRDA:154,26,0,0
BRDA:154,26,1,0
BRDA:155,27,0,0
BRDA:155,27,1,0
BRF:55
BRH:9
end_of_record
TN:
SF:src\repositories\opportunity.repo.ts
FN:29,(anonymous_1)
FN:34,(anonymous_2)
FN:53,(anonymous_3)
FN:70,(anonymous_4)
FN:83,(anonymous_5)
FN:91,(anonymous_6)
FN:105,(anonymous_7)
FN:119,(anonymous_8)
FN:143,(anonymous_9)
FN:157,(anonymous_10)
FN:189,(anonymous_11)
FNF:11
FNH:7
FNDA:16,(anonymous_1)
FNDA:0,(anonymous_2)
FNDA:6,(anonymous_3)
FNDA:2,(anonymous_4)
FNDA:1,(anonymous_5)
FNDA:0,(anonymous_6)
FNDA:0,(anonymous_7)
FNDA:0,(anonymous_8)
FNDA:3,(anonymous_9)
FNDA:2,(anonymous_10)
FNDA:1,(anonymous_11)
DA:1,3
DA:2,3
DA:3,3
DA:28,16
DA:30,16
DA:35,0
DA:54,6
DA:65,6
DA:66,5
DA:71,2
DA:83,2
DA:92,0
DA:106,0
DA:120,0
DA:122,0
DA:144,3
DA:146,3
DA:151,3
DA:152,1
DA:155,2
DA:157,2
DA:159,2
DA:165,2
DA:175,2
DA:190,1
DA:191,1
LF:26
LH:21
BRDA:39,0,0,0
BRDA:39,0,1,0
BRDA:43,1,0,0
BRDA:43,1,1,0
BRDA:44,2,0,0
BRDA:44,2,1,0
BRDA:45,3,0,0
BRDA:45,3,1,0
BRDA:47,4,0,0
BRDA:47,4,1,0
BRDA:65,5,0,1
BRDA:85,6,0,0
BRDA:85,6,1,1
BRDA:86,7,0,0
BRDA:86,7,1,1
BRDA:125,8,0,0
BRDA:125,8,1,0
BRDA:126,9,0,0
BRDA:126,9,1,0
BRDA:127,10,0,0
BRDA:127,10,1,0
BRDA:128,11,0,0
BRDA:128,11,1,0
BRDA:129,12,0,0
BRDA:129,12,1,0
BRDA:130,13,0,0
BRDA:130,13,1,0
BRDA:131,14,0,0
BRDA:131,14,1,0
BRDA:132,15,0,0
BRDA:132,15,1,0
BRDA:151,16,0,1
BRDA:179,17,0,1
BRDA:179,17,1,1
BRDA:180,18,0,0
BRDA:180,18,1,2
BRDA:180,19,0,2
BRDA:180,19,1,0
BRF:38
BRH:8
end_of_record
TN:
SF:src\repositories\pipeline.repo.ts
FN:6,(anonymous_1)
FN:14,(anonymous_2)
FN:28,(anonymous_3)
FN:42,(anonymous_4)
FN:70,(anonymous_5)
FN:71,(anonymous_6)
FN:101,(anonymous_7)
FN:127,(anonymous_8)
FN:129,(anonymous_9)
FNF:9
FNH:6
FNDA:22,(anonymous_1)
FNDA:1,(anonymous_2)
FNDA:2,(anonymous_3)
FNDA:0,(anonymous_4)
FNDA:0,(anonymous_5)
FNDA:0,(anonymous_6)
FNDA:3,(anonymous_7)
FNDA:1,(anonymous_8)
FNDA:2,(anonymous_9)
DA:2,4
DA:5,22
DA:7,22
DA:15,1
DA:29,2
DA:43,0
DA:71,0
DA:73,0
DA:74,0
DA:86,0
DA:102,3
DA:115,3
DA:117,3
DA:118,2
DA:119,2
DA:122,2
DA:123,2
DA:124,2
DA:127,3
DA:129,2
LF:20
LH:15
BRDA:73,0,0,0
BRDA:118,1,0,0
BRDA:122,2,0,2
BRDA:122,2,1,1
BRF:4
BRH:2
end_of_record
TN:
SF:src\repositories\session.repo.ts
FN:6,(anonymous_0)
FN:11,(anonymous_1)
FN:23,(anonymous_2)
FN:36,(anonymous_3)
FN:49,(anonymous_4)
FN:61,(anonymous_5)
FNF:6
FNH:0
FNDA:0,(anonymous_0)
FNDA:0,(anonymous_1)
FNDA:0,(anonymous_2)
FNDA:0,(anonymous_3)
FNDA:0,(anonymous_4)
FNDA:0,(anonymous_5)
DA:7,0
DA:12,0
DA:24,0
DA:37,0
DA:40,0
DA:42,0
DA:50,0
DA:62,0
LF:8
LH:0
BRDA:40,0,0,0
BRF:1
BRH:0
end_of_record
TN:
SF:src\repositories\user.repo.ts
FN:8,(anonymous_0)
FN:13,(anonymous_1)
FN:22,(anonymous_2)
FN:34,(anonymous_3)
FN:48,(anonymous_4)
FN:55,(anonymous_5)
FNF:6
FNH:0
FNDA:0,(anonymous_0)
FNDA:0,(anonymous_1)
FNDA:0,(anonymous_2)
FNDA:0,(anonymous_3)
FNDA:0,(anonymous_4)
FNDA:0,(anonymous_5)
DA:9,0
DA:10,0
DA:14,0
DA:23,0
DA:30,0
DA:31,0
DA:35,0
DA:36,0
DA:38,0
DA:49,0
DA:56,0
LF:11
LH:0
BRDA:30,0,0,0
BRDA:36,1,0,0
BRF:2
BRH:0
end_of_record
TN:
SF:src\routes\activities.router.ts
FN:7,createActivitiesRouter
FN:13,(anonymous_2)
FN:48,(anonymous_3)
FN:79,(anonymous_4)
FN:91,(anonymous_5)
FN:120,(anonymous_6)
FN:132,(anonymous_7)
FNF:7
FNH:1
FNDA:1,createActivitiesRouter
FNDA:0,(anonymous_2)
FNDA:0,(anonymous_3)
FNDA:0,(anonymous_4)
FNDA:0,(anonymous_5)
FNDA:0,(anonymous_6)
FNDA:0,(anonymous_7)
DA:1,1
DA:2,1
DA:3,1
DA:4,1
DA:5,1
DA:7,1
DA:8,1
DA:9,1
DA:13,1
DA:14,0
DA:15,0
DA:16,0
DA:24,0
DA:25,0
DA:28,0
DA:40,0
DA:42,0
DA:48,1
DA:49,0
DA:50,0
DA:51,0
DA:52,0
DA:53,0
DA:57,0
DA:58,0
DA:59,0
DA:60,0
DA:61,0
DA:63,0
DA:64,0
DA:65,0
DA:68,0
DA:71,0
DA:73,0
DA:79,1
DA:80,0
DA:81,0
DA:82,0
DA:83,0
DA:85,0
DA:91,1
DA:92,0
DA:93,0
DA:94,0
DA:101,0
DA:112,0
DA:114,0
DA:120,1
DA:121,0
DA:122,0
DA:123,0
DA:124,0
DA:126,0
DA:132,1
DA:133,0
DA:134,0
DA:135,0
DA:136,0
DA:138,0
DA:142,1
LF:60
LH:15
BRDA:24,0,0,0
BRDA:24,1,0,0
BRDA:24,1,1,0
BRDA:24,1,2,0
BRDA:36,2,0,0
BRDA:36,2,1,0
BRDA:57,3,0,0
BRDA:57,3,1,0
BRDA:59,4,0,0
BRDA:59,4,1,0
BRDA:60,5,0,0
BRDA:64,6,0,0
BRDA:64,6,1,0
BRDA:107,7,0,0
BRDA:107,7,1,0
BRDA:108,8,0,0
BRDA:108,8,1,0
BRF:17
BRH:0
end_of_record
TN:
SF:src\routes\audit.router.ts
FN:5,createAuditRouter
FN:20,(anonymous_2)
FNF:2
FNH:1
FNDA:1,createAuditRouter
FNDA:0,(anonymous_2)
DA:1,1
DA:3,1
DA:5,1
DA:6,1
DA:9,1
DA:17,1
DA:21,0
DA:22,0
DA:24,0
DA:25,0
DA:26,0
DA:28,0
DA:29,0
DA:31,0
DA:37,0
DA:57,0
DA:64,0
DA:69,1
LF:18
LH:7
BRDA:24,0,0,0
BRDA:24,0,1,0
BRDA:25,1,0,0
BRDA:25,1,1,0
BRDA:28,2,0,0
BRDA:28,2,1,0
BRDA:29,3,0,0
BRDA:29,3,1,0
BRDA:33,4,0,0
BRDA:33,4,1,0
BRDA:34,5,0,0
BRDA:34,5,1,0
BRF:12
BRH:0
end_of_record
TN:
SF:src\routes\auth.router.ts
FN:14,createAuthRouter
FN:20,(anonymous_3)
FN:33,(anonymous_4)
FN:58,(anonymous_5)
FN:86,(anonymous_6)
FN:101,(anonymous_7)
FN:136,(anonymous_8)
FN:153,(anonymous_9)
FN:164,(anonymous_10)
FN:182,(anonymous_11)
FN:207,(anonymous_12)
FN:220,(anonymous_13)
FNF:12
FNH:8
FNDA:1,createAuthRouter
FNDA:1,(anonymous_3)
FNDA:1,(anonymous_4)
FNDA:33,(anonymous_5)
FNDA:0,(anonymous_6)
FNDA:0,(anonymous_7)
FNDA:2,(anonymous_8)
FNDA:1,(anonymous_9)
FNDA:0,(anonymous_10)
FNDA:1,(anonymous_11)
FNDA:1,(anonymous_12)
FNDA:0,(anonymous_13)
DA:1,1
DA:3,1
DA:4,1
DA:5,1
DA:6,1
DA:7,1
DA:8,1
DA:9,1
DA:10,1
DA:11,1
DA:12,1
DA:14,1
DA:15,1
DA:16,1
DA:17,1
DA:20,1
DA:21,1
DA:22,1
DA:24,1
DA:25,1
DA:26,0
DA:29,1
DA:30,1
DA:33,1
DA:34,1
DA:36,1
DA:45,1
DA:47,1
DA:51,1
DA:52,1
DA:56,1
DA:57,1
DA:58,33
DA:66,1
DA:70,1
DA:71,1
DA:79,1
DA:83,1
DA:85,1
DA:86,1
DA:87,0
DA:90,1
DA:96,0
DA:101,1
DA:102,0
DA:104,0
DA:106,0
DA:108,0
DA:109,0
DA:112,0
DA:113,0
DA:114,0
DA:117,0
DA:118,0
DA:119,0
DA:122,0
DA:127,0
DA:129,0
DA:131,0
DA:136,1
DA:137,2
DA:138,2
DA:140,2
DA:146,1
DA:148,1
DA:153,1
DA:154,1
DA:155,1
DA:156,1
DA:157,1
DA:159,0
DA:164,1
DA:165,0
DA:166,0
DA:168,0
DA:175,0
DA:177,0
DA:182,1
DA:183,1
DA:184,1
DA:186,1
DA:194,1
DA:195,0
DA:196,0
DA:199,1
DA:201,0
DA:207,1
DA:208,1
DA:209,1
DA:212,1
DA:213,1
DA:215,0
DA:220,1
DA:221,0
DA:222,0
DA:225,1
LF:96
LH:66
BRDA:25,0,0,0
BRDA:51,1,0,1
BRDA:56,2,0,1
BRDA:108,3,0,0
BRDA:112,4,0,0
BRDA:118,5,0,0
BRDA:194,6,0,0
BRF:7
BRH:2
end_of_record
TN:
SF:src\routes\contacts.router.ts
FN:8,createContactsRouter
FN:18,(anonymous_2)
FN:56,(anonymous_3)
FN:114,(anonymous_4)
FN:131,(anonymous_5)
FN:163,(anonymous_6)
FNF:6
FNH:1
FNDA:1,createContactsRouter
FNDA:0,(anonymous_2)
FNDA:0,(anonymous_3)
FNDA:0,(anonymous_4)
FNDA:0,(anonymous_5)
FNDA:0,(anonymous_6)
DA:1,1
DA:3,1
DA:4,1
DA:5,1
DA:6,1
DA:8,1
DA:9,1
DA:10,1
DA:14,1
DA:19,0
DA:20,0
DA:21,0
DA:31,0
DA:32,0
DA:35,0
DA:40,0
DA:42,0
DA:52,1
DA:57,0
DA:64,0
DA:66,0
DA:67,0
DA:68,0
DA:69,0
DA:71,0
DA:79,0
DA:85,0
DA:86,0
DA:87,0
DA:95,0
DA:96,0
DA:101,0
DA:103,0
DA:110,1
DA:115,0
DA:116,0
DA:117,0
DA:118,0
DA:120,0
DA:127,1
DA:132,0
DA:133,0
DA:134,0
DA:144,0
DA:150,0
DA:152,0
DA:159,1
DA:164,0
DA:165,0
DA:166,0
DA:167,0
DA:169,0
DA:174,1
LF:53
LH:14
BRDA:31,0,0,0
BRDA:31,1,0,0
BRDA:31,1,1,0
BRDA:68,2,0,0
BRDA:68,2,1,0
BRDA:69,3,0,0
BRDA:69,3,1,0
BRDA:72,4,0,0
BRDA:72,4,1,0
BRDA:85,5,0,0
BRDA:86,6,0,0
BRF:11
BRH:0
end_of_record
TN:
SF:src\routes\departments.router.ts
FN:6,createDepartmentsRouter
FN:13,(anonymous_2)
FN:38,(anonymous_3)
FN:78,(anonymous_4)
FN:116,(anonymous_5)
FNF:5
FNH:1
FNDA:1,createDepartmentsRouter
FNDA:0,(anonymous_2)
FNDA:0,(anonymous_3)
FNDA:0,(anonymous_4)
FNDA:0,(anonymous_5)
DA:1,1
DA:3,1
DA:4,1
DA:6,1
DA:7,1
DA:9,1
DA:13,1
DA:14,0
DA:15,0
DA:17,0
DA:30,0
DA:32,0
DA:38,1
DA:39,0
DA:40,0
DA:41,0
DA:43,0
DA:44,0
DA:48,0
DA:49,0
DA:52,0
DA:55,0
DA:70,0
DA:72,0
DA:78,1
DA:79,0
DA:80,0
DA:81,0
DA:83,0
DA:86,0
DA:89,0
DA:90,0
DA:93,0
DA:108,0
DA:110,0
DA:116,1
DA:117,0
DA:118,0
DA:120,0
DA:123,0
DA:126,0
DA:131,0
DA:133,0
DA:135,0
DA:139,1
LF:45
LH:11
BRDA:43,0,0,0
BRDA:43,1,0,0
BRDA:43,1,1,0
BRDA:48,2,0,0
BRDA:52,3,0,0
BRDA:59,4,0,0
BRDA:59,4,1,0
BRDA:86,5,0,0
BRDA:89,6,0,0
BRDA:89,7,0,0
BRDA:89,7,1,0
BRDA:96,8,0,0
BRDA:96,8,1,0
BRDA:97,9,0,0
BRDA:97,9,1,0
BRDA:97,10,0,0
BRDA:97,10,1,0
BRDA:123,11,0,0
BRF:18
BRH:0
end_of_record
TN:
SF:src\routes\invoices.router.ts
FN:8,createInvoicesRouter
FN:15,(anonymous_2)
FN:43,(anonymous_3)
FN:54,(anonymous_4)
FN:71,(anonymous_5)
FN:114,(anonymous_6)
FN:153,(anonymous_7)
FNF:7
FNH:1
FNDA:1,createInvoicesRouter
FNDA:0,(anonymous_2)
FNDA:0,(anonymous_3)
FNDA:0,(anonymous_4)
FNDA:0,(anonymous_5)
FNDA:0,(anonymous_6)
FNDA:0,(anonymous_7)
DA:1,1
DA:2,1
DA:3,1
DA:4,1
DA:5,1
DA:6,1
DA:8,1
DA:9,1
DA:10,1
DA:12,1
DA:15,1
DA:16,0
DA:17,0
DA:18,0
DA:19,0
DA:20,0
DA:22,0
DA:23,0
DA:24,0
DA:26,0
DA:27,0
DA:30,0
DA:35,0
DA:37,0
DA:38,0
DA:43,1
DA:44,0
DA:45,0
DA:46,0
DA:47,0
DA:49,0
DA:54,1
DA:55,0
DA:56,0
DA:57,0
DA:58,0
DA:59,0
DA:61,0
DA:65,0
DA:67,0
DA:68,0
DA:71,0
DA:72,0
DA:73,0
DA:76,0
DA:77,0
DA:78,0
DA:81,0
DA:82,0
DA:83,0
DA:86,0
DA:106,0
DA:108,0
DA:109,0
DA:114,1
DA:115,0
DA:116,0
DA:120,0
DA:122,0
DA:123,0
DA:126,0
DA:146,0
DA:148,0
DA:153,1
DA:154,0
DA:155,0
DA:156,0
DA:157,0
DA:159,0
DA:163,1
LF:70
LH:16
BRDA:18,0,0,0
BRDA:18,1,0,0
BRDA:18,1,1,0
BRDA:26,2,0,0
BRDA:26,3,0,0
BRDA:26,3,1,0
BRDA:57,4,0,0
BRDA:57,5,0,0
BRDA:57,5,1,0
BRDA:67,6,0,0
BRDA:67,7,0,0
BRDA:67,7,1,0
BRDA:72,8,0,0
BRDA:76,9,0,0
BRDA:76,9,1,0
BRDA:77,10,0,0
BRDA:81,11,0,0
BRDA:81,11,1,0
BRDA:82,12,0,0
BRDA:82,13,0,0
BRDA:82,13,1,0
BRDA:91,14,0,0
BRDA:91,14,1,0
BRDA:122,15,0,0
BRDA:122,16,0,0
BRDA:122,16,1,0
BRDA:131,17,0,0
BRDA:131,17,1,0
BRDA:142,18,0,0
BRDA:142,18,1,0
BRF:30
BRH:0
end_of_record
TN:
SF:src\routes\leads.router.ts
FN:15,createLeadsRouter
FN:25,(anonymous_2)
FN:102,(anonymous_3)
FN:181,(anonymous_4)
FN:198,(anonymous_5)
FN:269,(anonymous_6)
FN:326,(anonymous_7)
FNF:7
FNH:1
FNDA:1,createLeadsRouter
FNDA:0,(anonymous_2)
FNDA:0,(anonymous_3)
FNDA:0,(anonymous_4)
FNDA:0,(anonymous_5)
FNDA:0,(anonymous_6)
FNDA:0,(anonymous_7)
DA:1,1
DA:9,1
DA:10,1
DA:11,1
DA:12,1
DA:13,1
DA:15,1
DA:16,1
DA:17,1
DA:21,1
DA:26,0
DA:27,0
DA:40,0
DA:54,0
DA:55,0
DA:58,0
DA:59,0
DA:64,0
DA:81,0
DA:83,0
DA:98,1
DA:103,0
DA:110,0
DA:112,0
DA:113,0
DA:114,0
DA:115,0
DA:116,0
DA:120,0
DA:121,0
DA:125,0
DA:126,0
DA:128,0
DA:129,0
DA:133,0
DA:142,0
DA:148,0
DA:150,0
DA:151,0
DA:153,0
DA:154,0
DA:162,0
DA:163,0
DA:168,0
DA:170,0
DA:177,1
DA:182,0
DA:183,0
DA:184,0
DA:185,0
DA:187,0
DA:194,1
DA:199,0
DA:200,0
DA:201,0
DA:215,0
DA:230,0
DA:231,0
DA:236,0
DA:256,0
DA:258,0
DA:265,1
DA:270,0
DA:271,0
DA:272,0
DA:289,0
DA:290,0
DA:292,0
DA:293,0
DA:295,0
DA:296,0
DA:299,0
DA:313,0
DA:315,0
DA:322,1
DA:327,0
DA:328,0
DA:329,0
DA:330,0
DA:332,0
DA:337,1
LF:81
LH:16
BRDA:54,0,0,0
BRDA:54,1,0,0
BRDA:54,1,1,0
BRDA:58,2,0,0
BRDA:58,3,0,0
BRDA:58,3,1,0
BRDA:115,4,0,0
BRDA:115,4,1,0
BRDA:116,5,0,0
BRDA:116,5,1,0
BRDA:120,6,0,0
BRDA:120,7,0,0
BRDA:120,7,1,0
BRDA:125,8,0,0
BRDA:125,9,0,0
BRDA:125,9,1,0
BRDA:128,10,0,0
BRDA:128,11,0,0
BRDA:128,11,1,0
BRDA:128,11,2,0
BRDA:134,12,0,0
BRDA:134,12,1,0
BRDA:148,13,0,0
BRDA:150,14,0,0
BRDA:150,15,0,0
BRDA:150,15,1,0
BRDA:153,16,0,0
BRDA:230,17,0,0
BRDA:230,18,0,0
BRDA:230,18,1,0
BRDA:289,19,0,0
BRDA:289,20,0,0
BRDA:289,20,1,0
BRDA:292,21,0,0
BRDA:292,22,0,0
BRDA:292,22,1,0
BRDA:295,23,0,0
BRDA:295,24,0,0
BRDA:295,24,1,0
BRDA:306,25,0,0
BRDA:306,25,1,0
BRF:41
BRH:0
end_of_record
TN:
SF:src\routes\opportunities.router.ts
FN:8,createOpportunitiesRouter
FN:18,(anonymous_2)
FN:78,(anonymous_3)
FN:142,(anonymous_4)
FN:162,(anonymous_5)
FN:213,(anonymous_6)
FN:243,(anonymous_7)
FN:274,(anonymous_8)
FNF:8
FNH:1
FNDA:1,createOpportunitiesRouter
FNDA:0,(anonymous_2)
FNDA:0,(anonymous_3)
FNDA:0,(anonymous_4)
FNDA:0,(anonymous_5)
FNDA:0,(anonymous_6)
FNDA:0,(anonymous_7)
FNDA:0,(anonymous_8)
DA:1,1
DA:2,1
DA:3,1
DA:4,1
DA:5,1
DA:6,1
DA:8,1
DA:9,1
DA:10,1
DA:14,1
DA:19,0
DA:20,0
DA:31,0
DA:43,0
DA:44,0
DA:47,0
DA:62,0
DA:64,0
DA:74,1
DA:79,0
DA:86,0
DA:88,0
DA:89,0
DA:90,0
DA:92,0
DA:93,0
DA:98,0
DA:106,0
DA:112,0
DA:114,0
DA:115,0
DA:129,0
DA:131,0
DA:138,1
DA:143,0
DA:144,0
DA:145,0
DA:149,0
DA:151,0
DA:158,1
DA:163,0
DA:164,0
DA:174,0
DA:185,0
DA:200,0
DA:202,0
DA:209,1
DA:214,0
DA:215,0
DA:216,0
DA:221,0
DA:223,0
DA:230,0
DA:232,0
DA:239,1
DA:244,0
DA:245,0
DA:246,0
DA:251,0
DA:252,0
DA:255,0
DA:261,0
DA:263,0
DA:270,1
DA:275,0
DA:276,0
DA:277,0
DA:278,0
DA:280,0
DA:285,1
LF:70
LH:17
BRDA:43,0,0,0
BRDA:43,1,0,0
BRDA:43,1,1,0
BRDA:43,1,2,0
BRDA:52,2,0,0
BRDA:52,2,1,0
BRDA:58,3,0,0
BRDA:58,3,1,0
BRDA:89,4,0,0
BRDA:89,4,1,0
BRDA:90,5,0,0
BRDA:90,5,1,0
BRDA:92,6,0,0
BRDA:92,7,0,0
BRDA:92,7,1,0
BRDA:99,8,0,0
BRDA:99,8,1,0
BRDA:112,9,0,0
BRDA:196,10,0,0
BRDA:196,10,1,0
BRDA:221,11,0,0
BRDA:251,12,0,0
BRDA:251,13,0,0
BRDA:251,13,1,0
BRF:24
BRH:0
end_of_record
TN:
SF:src\routes\opportunity-types.router.ts
FN:6,createOpportunityTypesRouter
FN:12,(anonymous_2)
FN:26,(anonymous_3)
FN:41,(anonymous_4)
FN:56,(anonymous_5)
FN:71,(anonymous_6)
FNF:6
FNH:1
FNDA:1,createOpportunityTypesRouter
FNDA:0,(anonymous_2)
FNDA:0,(anonymous_3)
FNDA:0,(anonymous_4)
FNDA:0,(anonymous_5)
FNDA:0,(anonymous_6)
DA:1,1
DA:3,1
DA:4,1
DA:6,1
DA:7,1
DA:8,1
DA:10,1
DA:12,1
DA:13,0
DA:14,0
DA:15,0
DA:16,0
DA:17,0
DA:19,0
DA:20,0
DA:22,0
DA:26,1
DA:27,0
DA:28,0
DA:29,0
DA:30,0
DA:31,0
DA:33,0
DA:34,0
DA:35,0
DA:37,0
DA:41,1
DA:42,0
DA:43,0
DA:44,0
DA:45,0
DA:46,0
DA:48,0
DA:49,0
DA:50,0
DA:52,0
DA:56,1
DA:57,0
DA:58,0
DA:59,0
DA:60,0
DA:61,0
DA:63,0
DA:64,0
DA:65,0
DA:67,0
DA:71,1
DA:72,0
DA:73,0
DA:74,0
DA:75,0
DA:76,0
DA:78,0
DA:79,0
DA:81,0
DA:85,1
LF:56
LH:13
BRDA:15,0,0,0
BRDA:15,1,0,0
BRDA:15,1,1,0
BRDA:29,2,0,0
BRDA:29,3,0,0
BRDA:29,3,1,0
BRDA:44,4,0,0
BRDA:44,5,0,0
BRDA:44,5,1,0
BRDA:59,6,0,0
BRDA:59,7,0,0
BRDA:59,7,1,0
BRDA:74,8,0,0
BRDA:74,9,0,0
BRDA:74,9,1,0
BRF:15
BRH:0
end_of_record
TN:
SF:src\routes\payments.router.ts
FN:13,createPaymentsRouter
FN:20,(anonymous_2)
FN:37,(anonymous_3)
FN:48,(anonymous_4)
FN:59,(anonymous_5)
FN:74,(anonymous_6)
FNF:6
FNH:1
FNDA:1,createPaymentsRouter
FNDA:0,(anonymous_2)
FNDA:0,(anonymous_3)
FNDA:0,(anonymous_4)
FNDA:0,(anonymous_5)
FNDA:0,(anonymous_6)
DA:1,1
DA:3,1
DA:4,1
DA:5,1
DA:11,1
DA:13,1
DA:14,1
DA:15,1
DA:17,1
DA:20,1
DA:21,0
DA:22,0
DA:23,0
DA:25,0
DA:30,0
DA:32,0
DA:37,1
DA:38,0
DA:39,0
DA:40,0
DA:41,0
DA:43,0
DA:48,1
DA:49,0
DA:50,0
DA:51,0
DA:52,0
DA:54,0
DA:59,1
DA:60,0
DA:61,0
DA:62,0
DA:67,0
DA:69,0
DA:74,1
DA:75,0
DA:76,0
DA:77,0
DA:78,0
DA:80,0
DA:84,1
LF:41
LH:15
BRF:0
BRH:0
end_of_record
TN:
SF:src\routes\pipeline.router.ts
FN:7,createPipelineRouter
FN:16,(anonymous_2)
FN:31,(anonymous_3)
FN:49,(anonymous_4)
FN:61,(anonymous_5)
FN:76,(anonymous_6)
FN:94,(anonymous_7)
FNF:7
FNH:1
FNDA:1,createPipelineRouter
FNDA:0,(anonymous_2)
FNDA:0,(anonymous_3)
FNDA:0,(anonymous_4)
FNDA:0,(anonymous_5)
FNDA:0,(anonymous_6)
FNDA:0,(anonymous_7)
DA:1,1
DA:2,1
DA:3,1
DA:4,1
DA:5,1
DA:7,1
DA:8,1
DA:9,1
DA:16,1
DA:17,0
DA:18,0
DA:19,0
DA:20,0
DA:22,0
DA:31,1
DA:32,0
DA:33,0
DA:34,0
DA:36,0
DA:37,0
DA:40,0
DA:41,0
DA:43,0
DA:49,1
DA:50,0
DA:51,0
DA:52,0
DA:53,0
DA:55,0
DA:61,1
DA:62,0
DA:63,0
DA:64,0
DA:68,0
DA:70,0
DA:76,1
DA:77,0
DA:78,0
DA:79,0
DA:83,0
DA:85,0
DA:94,1
DA:95,0
DA:96,0
DA:97,0
DA:101,0
DA:103,0
DA:107,1
LF:48
LH:15
BRDA:36,0,0,0
BRF:1
BRH:0
end_of_record
TN:
SF:src\routes\roles.router.ts
FN:8,createRolesRouter
FN:17,(anonymous_2)
FN:41,(anonymous_3)
FN:68,(anonymous_4)
FN:84,(anonymous_5)
FN:92,(anonymous_6)
FN:143,(anonymous_7)
FN:185,(anonymous_8)
FN:210,(anonymous_9)
FN:222,(anonymous_10)
FN:269,(anonymous_11)
FN:293,(anonymous_12)
FNF:12
FNH:1
FNDA:1,createRolesRouter
FNDA:0,(anonymous_2)
FNDA:0,(anonymous_3)
FNDA:0,(anonymous_4)
FNDA:0,(anonymous_5)
FNDA:0,(anonymous_6)
FNDA:0,(anonymous_7)
FNDA:0,(anonymous_8)
FNDA:0,(anonymous_9)
FNDA:0,(anonymous_10)
FNDA:0,(anonymous_11)
FNDA:0,(anonymous_12)
DA:1,1
DA:2,1
DA:3,1
DA:4,1
DA:5,1
DA:6,1
DA:8,1
DA:9,1
DA:10,1
DA:11,1
DA:13,1
DA:17,1
DA:18,0
DA:19,0
DA:21,0
DA:33,0
DA:35,0
DA:41,1
DA:42,0
DA:43,0
DA:44,0
DA:46,0
DA:47,0
DA:50,0
DA:53,0
DA:55,0
DA:60,0
DA:62,0
DA:68,1
DA:69,0
DA:70,0
DA:72,0
DA:75,0
DA:77,0
DA:84,0
DA:86,0
DA:92,1
DA:93,0
DA:94,0
DA:95,0
DA:97,0
DA:99,0
DA:102,0
DA:104,0
DA:105,0
DA:107,0
DA:110,0
DA:116,0
DA:118,0
DA:133,0
DA:135,0
DA:137,0
DA:143,1
DA:144,0
DA:145,0
DA:147,0
DA:150,0
DA:152,0
DA:154,0
DA:158,0
DA:160,0
DA:175,0
DA:177,0
DA:179,0
DA:185,1
DA:186,0
DA:187,0
DA:189,0
DA:192,0
DA:194,0
DA:209,0
DA:210,0
DA:216,0
DA:222,1
DA:223,0
DA:224,0
DA:225,0
DA:230,0
DA:232,0
DA:233,0
DA:234,0
DA:237,0
DA:240,0
DA:242,0
DA:245,0
DA:248,0
DA:259,0
DA:261,0
DA:263,0
DA:269,1
DA:270,0
DA:271,0
DA:273,0
DA:276,0
DA:278,0
DA:283,0
DA:285,0
DA:287,0
DA:293,1
DA:294,0
DA:295,0
DA:299,0
DA:301,0
DA:305,1
LF:104
LH:21
BRDA:46,0,0,0
BRDA:46,1,0,0
BRDA:46,1,1,0
BRDA:53,2,0,0
BRDA:75,3,0,0
BRDA:97,4,0,0
BRDA:102,5,0,0
BRDA:105,6,0,0
BRDA:150,7,0,0
BRDA:192,8,0,0
BRDA:230,9,0,0
BRDA:233,10,0,0
BRDA:233,11,0,0
BRDA:233,11,1,0
BRDA:240,12,0,0
BRDA:245,13,0,0
BRDA:253,14,0,0
BRDA:253,14,1,0
BRDA:255,15,0,0
BRDA:255,15,1,0
BRDA:276,16,0,0
BRF:21
BRH:0
end_of_record
TN:
SF:src\routes\sessions.router.ts
FN:6,createSessionsRouter
FN:17,(anonymous_2)
FN:40,(anonymous_3)
FN:57,(anonymous_4)
FNF:4
FNH:1
FNDA:1,createSessionsRouter
FNDA:0,(anonymous_2)
FNDA:0,(anonymous_3)
FNDA:0,(anonymous_4)
DA:1,1
DA:2,1
DA:3,1
DA:4,1
DA:6,1
DA:7,1
DA:10,1
DA:17,1
DA:18,0
DA:19,0
DA:21,0
DA:40,0
DA:45,0
DA:47,0
DA:57,1
DA:58,0
DA:59,0
DA:60,0
DA:62,0
DA:71,0
DA:74,0
DA:79,0
DA:80,0
DA:89,0
DA:91,0
DA:95,1
LF:26
LH:10
BRDA:71,0,0,0
BRDA:79,1,0,0
BRF:2
BRH:0
end_of_record
TN:
SF:src\routes\teams.router.ts
FN:6,createTeamsRouter
FN:13,(anonymous_2)
FN:36,(anonymous_3)
FN:77,(anonymous_4)
FN:111,(anonymous_5)
FN:136,(anonymous_6)
FN:164,(anonymous_7)
FNF:7
FNH:1
FNDA:1,createTeamsRouter
FNDA:0,(anonymous_2)
FNDA:0,(anonymous_3)
FNDA:0,(anonymous_4)
FNDA:0,(anonymous_5)
FNDA:0,(anonymous_6)
FNDA:0,(anonymous_7)
DA:1,1
DA:3,1
DA:4,1
DA:6,1
DA:7,1
DA:9,1
DA:13,1
DA:14,0
DA:15,0
DA:17,0
DA:28,0
DA:30,0
DA:36,1
DA:37,0
DA:38,0
DA:39,0
DA:44,0
DA:45,0
DA:49,0
DA:50,0
DA:53,0
DA:56,0
DA:69,0
DA:71,0
DA:77,1
DA:78,0
DA:79,0
DA:80,0
DA:85,0
DA:88,0
DA:90,0
DA:103,0
DA:105,0
DA:111,1
DA:112,0
DA:113,0
DA:115,0
DA:118,0
DA:121,0
DA:126,0
DA:128,0
DA:130,0
DA:136,1
DA:137,0
DA:138,0
DA:139,0
DA:141,0
DA:143,0
DA:144,0
DA:146,0
DA:149,0
DA:151,0
DA:156,0
DA:158,0
DA:164,1
DA:165,0
DA:166,0
DA:168,0
DA:169,0
DA:171,0
DA:176,0
DA:178,0
DA:182,1
LF:63
LH:13
BRDA:44,0,0,0
BRDA:44,1,0,0
BRDA:44,1,1,0
BRDA:49,2,0,0
BRDA:53,3,0,0
BRDA:60,4,0,0
BRDA:60,4,1,0
BRDA:88,5,0,0
BRDA:93,6,0,0
BRDA:93,6,1,0
BRDA:94,7,0,0
BRDA:94,7,1,0
BRDA:94,8,0,0
BRDA:94,8,1,0
BRDA:118,9,0,0
BRDA:141,10,0,0
BRDA:144,11,0,0
BRDA:149,12,0,0
BRDA:169,13,0,0
BRF:19
BRH:0
end_of_record
TN:
SF:src\routes\users.router.ts
FN:8,createUsersRouter
FN:18,(anonymous_2)
FN:34,(anonymous_3)
FN:61,(anonymous_4)
FN:84,(anonymous_5)
FNF:5
FNH:1
FNDA:1,createUsersRouter
FNDA:0,(anonymous_2)
FNDA:0,(anonymous_3)
FNDA:0,(anonymous_4)
FNDA:0,(anonymous_5)
DA:1,1
DA:3,1
DA:4,1
DA:5,1
DA:6,1
DA:8,1
DA:9,1
DA:10,1
DA:11,1
DA:14,1
DA:18,1
DA:19,0
DA:20,0
DA:21,0
DA:22,0
DA:24,0
DA:34,1
DA:35,0
DA:36,0
DA:37,0
DA:39,0
DA:40,0
DA:43,0
DA:45,0
DA:51,0
DA:61,1
DA:62,0
DA:63,0
DA:64,0
DA:65,0
DA:67,0
DA:68,0
DA:71,0
DA:72,0
DA:74,0
DA:84,1
DA:85,0
DA:86,0
DA:87,0
DA:88,0
DA:90,0
DA:91,0
DA:94,0
DA:95,0
DA:97,0
DA:101,1
LF:46
LH:15
BRDA:39,0,0,0
BRDA:39,1,0,0
BRDA:39,1,1,0
BRDA:67,2,0,0
BRDA:90,3,0,0
BRF:5
BRH:0
end_of_record
TN:
SF:src\schemas\payment.schema.ts
FN:10,(anonymous_5)
FN:63,(anonymous_6)
FNF:2
FNH:0
FNDA:0,(anonymous_5)
FNDA:0,(anonymous_6)
DA:1,1
DA:2,1
DA:8,1
DA:11,0
DA:12,0
DA:13,0
DA:14,0
DA:16,0
DA:17,0
DA:20,0
DA:23,1
DA:29,1
DA:46,1
DA:63,0
DA:69,1
DA:77,2
LF:16
LH:8
BRDA:11,0,0,0
BRDA:11,0,1,0
BRDA:13,1,0,0
BRDA:13,2,0,0
BRDA:13,2,1,0
BRDA:16,3,0,0
BRF:6
BRH:0
end_of_record
TN:
SF:src\services\activity.service.ts
FN:10,(anonymous_1)
FN:14,(anonymous_2)
FN:19,(anonymous_3)
FN:49,(anonymous_4)
FN:55,(anonymous_5)
FN:61,(anonymous_6)
FN:67,(anonymous_7)
FN:73,(anonymous_8)
FN:91,(anonymous_9)
FN:109,(anonymous_10)
FNF:10
FNH:7
FNDA:9,(anonymous_1)
FNDA:6,(anonymous_2)
FNDA:3,(anonymous_3)
FNDA:2,(anonymous_4)
FNDA:1,(anonymous_5)
FNDA:0,(anonymous_6)
FNDA:0,(anonymous_7)
FNDA:0,(anonymous_8)
FNDA:1,(anonymous_9)
FNDA:1,(anonymous_10)
DA:1,2
DA:2,2
DA:3,2
DA:5,2
DA:7,9
DA:10,9
DA:11,9
DA:15,6
DA:20,3
DA:21,1
DA:23,2
DA:24,1
DA:27,1
DA:28,1
DA:29,0
DA:32,1
DA:33,1
DA:35,1
DA:45,1
DA:50,2
DA:51,2
DA:56,1
DA:57,1
DA:62,0
DA:63,0
DA:68,0
DA:69,0
DA:74,0
DA:75,0
DA:77,0
DA:87,0
DA:92,1
DA:93,1
DA:95,1
DA:105,1
DA:110,1
DA:111,1
DA:113,1
LF:38
LH:29
BRDA:20,0,0,1
BRDA:23,1,0,1
BRDA:28,2,0,0
BRF:3
BRH:2
end_of_record
TN:
SF:src\services\audit.service.ts
FN:21,(anonymous_2)
FN:23,(anonymous_3)
FN:84,(anonymous_4)
FNF:3
FNH:2
FNDA:44,(anonymous_2)
FNDA:9,(anonymous_3)
FNDA:0,(anonymous_4)
DA:2,5
DA:3,5
DA:4,5
DA:20,44
DA:21,44
DA:24,9
DA:26,9
DA:32,9
DA:33,9
DA:34,9
DA:35,0
DA:40,9
DA:41,9
DA:44,9
DA:50,9
DA:56,9
DA:76,0
DA:85,0
DA:90,0
DA:91,0
DA:92,0
DA:94,0
DA:95,0
DA:99,0
LF:24
LH:15
BRDA:40,0,0,9
BRDA:40,0,1,8
BRDA:44,1,0,9
BRDA:44,1,1,8
BRDA:46,2,0,9
BRDA:46,2,1,9
BRDA:47,3,0,9
BRDA:47,3,1,9
BRDA:67,4,0,9
BRDA:67,4,1,9
BRDA:68,5,0,9
BRDA:68,5,1,9
BRDA:94,6,0,0
BRF:13
BRH:12
end_of_record
TN:
SF:src\services\auth.service.ts
FN:39,(anonymous_2)
FN:47,(anonymous_3)
FN:129,(anonymous_4)
FN:168,(anonymous_5)
FN:224,(anonymous_6)
FN:285,(anonymous_7)
FNF:6
FNH:4
FNDA:2,(anonymous_2)
FNDA:2,(anonymous_3)
FNDA:1,(anonymous_4)
FNDA:0,(anonymous_5)
FNDA:1,(anonymous_6)
FNDA:0,(anonymous_7)
DA:1,2
DA:2,2
DA:4,2
DA:14,2
DA:15,2
DA:16,2
DA:17,2
DA:33,2
DA:34,2
DA:36,2
DA:39,2
DA:40,2
DA:53,2
DA:60,2
DA:62,2
DA:63,1
DA:71,1
DA:74,1
DA:75,1
DA:78,1
DA:79,1
DA:81,1
DA:82,1
DA:85,1
DA:98,1
DA:101,1
DA:103,1
DA:115,1
DA:130,1
DA:134,1
DA:137,1
DA:138,1
DA:139,0
DA:142,1
DA:151,1
DA:153,1
DA:174,0
DA:184,0
DA:198,0
DA:199,0
DA:202,0
DA:212,0
DA:227,1
DA:229,1
DA:231,1
DA:232,0
DA:235,1
DA:245,1
DA:248,1
DA:250,1
DA:253,0
DA:254,0
DA:258,1
DA:259,1
DA:262,1
DA:265,1
DA:268,1
DA:276,1
DA:286,0
LF:59
LH:48
BRDA:33,0,0,2
BRDA:33,0,1,2
BRDA:34,1,0,2
BRDA:34,1,1,2
BRDA:60,2,0,0
BRDA:62,3,0,1
BRDA:75,4,0,0
BRDA:134,5,0,0
BRDA:138,6,0,0
BRDA:207,7,0,0
BRDA:207,7,1,0
BRDA:227,8,0,0
BRDA:231,9,0,0
BRDA:231,10,0,1
BRDA:231,10,1,1
BRDA:245,11,0,0
BRDA:250,12,0,0
BRF:17
BRH:7
end_of_record
TN:
SF:src\services\contact.service.ts
FN:10,(anonymous_1)
FN:14,(anonymous_2)
FN:19,(anonymous_3)
FN:41,(anonymous_4)
FN:47,(anonymous_5)
FN:53,(anonymous_6)
FN:59,(anonymous_7)
FN:77,(anonymous_8)
FNF:8
FNH:1
FNDA:1,(anonymous_1)
FNDA:0,(anonymous_2)
FNDA:0,(anonymous_3)
FNDA:0,(anonymous_4)
FNDA:0,(anonymous_5)
FNDA:0,(anonymous_6)
FNDA:0,(anonymous_7)
FNDA:0,(anonymous_8)
DA:2,1
DA:3,1
DA:5,1
DA:7,1
DA:10,1
DA:11,1
DA:15,0
DA:20,0
DA:21,0
DA:24,0
DA:25,0
DA:27,0
DA:37,0
DA:42,0
DA:43,0
DA:48,0
DA:49,0
DA:54,0
DA:55,0
DA:60,0
DA:61,0
DA:63,0
DA:73,0
DA:78,0
DA:79,0
DA:81,0
LF:26
LH:6
BRDA:20,0,0,0
BRDA:20,1,0,0
BRDA:20,1,1,0
BRF:3
BRH:0
end_of_record
TN:
SF:src\services\email.service.ts
FN:8,(anonymous_0)
FNF:1
FNH:0
FNDA:0,(anonymous_0)
DA:5,0
DA:9,0
DA:11,0
DA:12,0
DA:15,0
DA:16,0
DA:34,0
DA:35,0
DA:40,0
LF:9
LH:0
BRDA:5,0,0,0
BRDA:5,0,1,0
BRDA:9,1,0,0
BRDA:9,1,1,0
BRDA:11,2,0,0
BRDA:11,3,0,0
BRDA:11,3,1,0
BRF:7
BRH:0
end_of_record
TN:
SF:src\services\invitation.service.ts
FN:16,(anonymous_2)
FN:23,(anonymous_3)
FN:68,(anonymous_4)
FN:69,(anonymous_5)
FN:152,(anonymous_6)
FNF:5
FNH:1
FNDA:2,(anonymous_2)
FNDA:0,(anonymous_3)
FNDA:0,(anonymous_4)
FNDA:0,(anonymous_5)
FNDA:0,(anonymous_6)
DA:1,1
DA:2,1
DA:3,1
DA:9,1
DA:11,1
DA:13,2
DA:16,2
DA:17,2
DA:30,0
DA:33,0
DA:36,0
DA:39,0
DA:41,0
DA:42,0
DA:43,0
DA:45,0
DA:49,0
DA:59,0
DA:69,0
DA:71,0
DA:88,0
DA:90,0
DA:93,0
DA:94,0
DA:98,0
DA:99,0
DA:101,0
DA:102,0
DA:104,0
DA:105,0
DA:109,0
DA:110,0
DA:114,0
DA:118,0
DA:125,0
DA:135,0
DA:145,0
DA:157,0
DA:166,0
DA:168,0
DA:173,0
LF:41
LH:8
BRDA:33,0,0,0
BRDA:39,1,0,0
BRDA:88,2,0,0
BRDA:93,3,0,0
BRDA:98,4,0,0
BRDA:101,5,0,0
BRDA:104,6,0,0
BRDA:109,7,0,0
BRDA:166,8,0,0
BRF:9
BRH:0
end_of_record
TN:
SF:src\services\invoice.service.ts
FN:46,(anonymous_1)
FN:50,(anonymous_2)
FN:71,(anonymous_3)
FN:134,(anonymous_4)
FN:162,(anonymous_5)
FN:174,(anonymous_6)
FN:227,(anonymous_7)
FNF:7
FNH:1
FNDA:1,(anonymous_1)
FNDA:0,(anonymous_2)
FNDA:0,(anonymous_3)
FNDA:0,(anonymous_4)
FNDA:0,(anonymous_5)
FNDA:0,(anonymous_6)
FNDA:0,(anonymous_7)
DA:1,1
DA:2,1
DA:3,1
DA:43,1
DA:46,1
DA:47,1
DA:56,0
DA:57,0
DA:58,0
DA:59,0
DA:61,0
DA:62,0
DA:63,0
DA:65,0
DA:75,0
DA:78,0
DA:82,0
DA:83,0
DA:86,0
DA:87,0
DA:90,0
DA:97,0
DA:99,0
DA:121,0
DA:131,0
DA:138,0
DA:140,0
DA:145,0
DA:146,0
DA:148,0
DA:163,0
DA:168,0
DA:169,0
DA:171,0
DA:179,0
DA:181,0
DA:183,0
DA:184,0
DA:185,0
DA:186,0
DA:188,0
DA:190,0
DA:211,0
DA:224,0
DA:228,0
DA:229,0
DA:231,0
DA:236,0
LF:48
LH:6
BRDA:52,0,0,0
BRDA:53,1,0,0
BRDA:54,2,0,0
BRDA:56,3,0,0
BRDA:56,3,1,0
BRDA:57,4,0,0
BRDA:57,4,1,0
BRDA:58,5,0,0
BRDA:58,5,1,0
BRDA:59,6,0,0
BRDA:59,6,1,0
BRDA:62,7,0,0
BRDA:62,7,1,0
BRDA:82,8,0,0
BRDA:86,9,0,0
BRDA:86,10,0,0
BRDA:86,10,1,0
BRDA:86,10,2,0
BRDA:97,11,0,0
BRDA:97,11,1,0
BRDA:104,12,0,0
BRDA:104,12,1,0
BRDA:106,13,0,0
BRDA:106,13,1,0
BRDA:107,14,0,0
BRDA:107,14,1,0
BRDA:108,15,0,0
BRDA:108,15,1,0
BRDA:115,16,0,0
BRDA:115,16,1,0
BRDA:116,17,0,0
BRDA:116,17,1,0
BRDA:145,18,0,0
BRDA:146,19,0,0
BRDA:168,20,0,0
BRDA:183,21,0,0
BRDA:183,21,1,0
BRDA:184,22,0,0
BRDA:184,22,1,0
BRDA:184,23,0,0
BRDA:184,23,1,0
BRDA:185,24,0,0
BRDA:185,24,1,0
BRDA:185,25,0,0
BRDA:185,25,1,0
BRDA:186,26,0,0
BRDA:186,26,1,0
BRDA:186,27,0,0
BRDA:186,27,1,0
BRDA:193,28,0,0
BRDA:193,28,1,0
BRDA:194,29,0,0
BRDA:194,29,1,0
BRDA:195,30,0,0
BRDA:195,30,1,0
BRDA:196,31,0,0
BRDA:196,31,1,0
BRDA:197,32,0,0
BRDA:197,32,1,0
BRDA:198,33,0,0
BRDA:198,33,1,0
BRDA:201,34,0,0
BRDA:201,34,1,0
BRDA:202,35,0,0
BRDA:202,35,1,0
BRDA:203,36,0,0
BRDA:203,36,1,0
BRDA:204,37,0,0
BRDA:204,37,1,0
BRDA:205,38,0,0
BRDA:205,38,1,0
BRDA:206,39,0,0
BRDA:206,39,1,0
BRDA:207,40,0,0
BRDA:207,40,1,0
BRF:75
BRH:0
end_of_record
TN:
SF:src\services\lead.service.ts
FN:34,(anonymous_1)
FN:38,(anonymous_2)
FN:48,(anonymous_3)
FN:54,(anonymous_4)
FN:78,(anonymous_5)
FN:84,(anonymous_6)
FN:91,(anonymous_7)
FN:96,(anonymous_8)
FN:102,(anonymous_9)
FN:140,(anonymous_10)
FN:150,(anonymous_11)
FN:216,(anonymous_12)
FNF:12
FNH:8
FNDA:12,(anonymous_1)
FNDA:7,(anonymous_2)
FNDA:3,(anonymous_3)
FNDA:0,(anonymous_4)
FNDA:2,(anonymous_5)
FNDA:2,(anonymous_6)
FNDA:0,(anonymous_7)
FNDA:1,(anonymous_8)
FNDA:0,(anonymous_9)
FNDA:2,(anonymous_10)
FNDA:0,(anonymous_11)
FNDA:1,(anonymous_12)
DA:1,2
DA:2,2
DA:3,2
DA:4,2
DA:5,2
DA:6,2
DA:7,2
DA:9,2
DA:31,12
DA:34,12
DA:35,12
DA:39,7
DA:49,3
DA:50,2
DA:53,1
DA:54,1
DA:55,0
DA:56,0
DA:58,0
DA:59,0
DA:71,0
DA:74,1
DA:79,2
DA:80,2
DA:85,2
DA:86,1
DA:87,1
DA:92,0
DA:93,0
DA:97,1
DA:99,0
DA:100,0
DA:102,0
DA:103,0
DA:107,0
DA:109,0
DA:110,0
DA:117,0
DA:118,0
DA:130,0
DA:133,0
DA:141,2
DA:144,2
DA:145,0
DA:146,0
DA:150,0
DA:152,0
DA:166,0
DA:180,0
DA:190,0
DA:195,0
DA:198,0
DA:212,0
DA:217,1
DA:218,1
DA:220,0
LF:56
LH:27
BRDA:49,0,0,2
BRDA:49,1,0,3
BRDA:49,1,1,2
BRDA:85,2,0,1
BRDA:85,3,0,2
BRDA:85,3,1,1
BRDA:97,4,0,1
BRDA:97,5,0,1
BRDA:97,5,1,1
BRDA:145,6,0,0
BRDA:158,7,0,0
BRDA:158,7,1,0
BRDA:159,8,0,0
BRDA:159,8,1,0
BRDA:160,9,0,0
BRDA:160,9,1,0
BRDA:161,10,0,0
BRDA:161,10,1,0
BRDA:161,10,2,0
BRDA:171,11,0,0
BRDA:171,11,1,0
BRDA:174,12,0,0
BRDA:174,12,1,0
BRDA:175,13,0,0
BRDA:175,13,1,0
BRF:25
BRH:9
end_of_record
TN:
SF:src\services\opportunity-types.service.ts
FN:25,(anonymous_3)
FN:27,(anonymous_4)
FN:34,(anonymous_5)
FN:45,(anonymous_6)
FN:53,(anonymous_7)
FN:100,(anonymous_8)
FN:138,(anonymous_9)
FN:143,(anonymous_10)
FN:169,(anonymous_11)
FNF:9
FNH:1
FNDA:1,(anonymous_3)
FNDA:0,(anonymous_4)
FNDA:0,(anonymous_5)
FNDA:0,(anonymous_6)
FNDA:0,(anonymous_7)
FNDA:0,(anonymous_8)
FNDA:0,(anonymous_9)
FNDA:0,(anonymous_10)
FNDA:0,(anonymous_11)
DA:2,1
DA:9,1
DA:24,1
DA:25,1
DA:28,0
DA:32,0
DA:34,0
DA:42,0
DA:46,0
DA:47,0
DA:54,0
DA:55,0
DA:56,0
DA:59,0
DA:60,0
DA:63,0
DA:67,0
DA:68,0
DA:71,0
DA:76,0
DA:78,0
DA:87,0
DA:90,0
DA:91,0
DA:97,0
DA:101,0
DA:105,0
DA:106,0
DA:109,0
DA:110,0
DA:113,0
DA:114,0
DA:115,0
DA:116,0
DA:118,0
DA:119,0
DA:121,0
DA:124,0
DA:125,0
DA:129,0
DA:139,0
DA:143,0
DA:145,0
DA:146,0
DA:147,0
DA:148,0
DA:149,0
DA:157,0
DA:158,0
DA:166,0
DA:170,0
DA:174,0
DA:175,0
DA:178,0
DA:179,0
DA:182,0
DA:186,0
DA:187,0
DA:190,0
LF:59
LH:4
BRDA:32,0,0,0
BRDA:54,1,0,0
BRDA:54,1,1,0
BRDA:55,2,0,0
BRDA:55,3,0,0
BRDA:55,3,1,0
BRDA:59,4,0,0
BRDA:67,5,0,0
BRDA:76,6,0,0
BRDA:76,6,1,0
BRDA:90,7,0,0
BRDA:90,8,0,0
BRDA:90,8,1,0
BRDA:105,9,0,0
BRDA:109,10,0,0
BRDA:109,11,0,0
BRDA:109,11,1,0
BRDA:109,11,2,0
BRDA:113,12,0,0
BRDA:113,12,1,0
BRDA:114,13,0,0
BRDA:115,14,0,0
BRDA:115,15,0,0
BRDA:115,15,1,0
BRDA:118,16,0,0
BRDA:118,17,0,0
BRDA:118,17,1,0
BRDA:124,18,0,0
BRDA:132,19,0,0
BRDA:132,19,1,0
BRDA:133,20,0,0
BRDA:133,20,1,0
BRDA:143,21,0,0
BRDA:143,21,1,0
BRDA:148,22,0,0
BRDA:148,23,0,0
BRDA:148,23,1,0
BRDA:157,24,0,0
BRDA:174,25,0,0
BRDA:178,26,0,0
BRDA:186,27,0,0
BRF:41
BRH:0
end_of_record
TN:
SF:src\services\opportunity.service.ts
FN:16,(anonymous_1)
FN:20,(anonymous_2)
FN:28,(anonymous_3)
FN:57,(anonymous_4)
FN:98,(anonymous_5)
FN:104,(anonymous_6)
FN:110,(anonymous_7)
FN:116,(anonymous_8)
FN:122,(anonymous_9)
FN:158,(anonymous_10)
FN:186,(anonymous_11)
FN:199,(anonymous_12)
FNF:12
FNH:9
FNDA:14,(anonymous_1)
FNDA:9,(anonymous_2)
FNDA:4,(anonymous_3)
FNDA:1,(anonymous_4)
FNDA:2,(anonymous_5)
FNDA:2,(anonymous_6)
FNDA:0,(anonymous_7)
FNDA:0,(anonymous_8)
FNDA:0,(anonymous_9)
FNDA:3,(anonymous_10)
FNDA:2,(anonymous_11)
FNDA:1,(anonymous_12)
DA:1,2
DA:2,2
DA:3,2
DA:4,2
DA:6,2
DA:13,14
DA:16,14
DA:17,14
DA:21,9
DA:29,4
DA:30,1
DA:32,3
DA:33,1
DA:35,2
DA:36,1
DA:39,1
DA:40,0
DA:43,0
DA:44,0
DA:46,0
DA:47,0
DA:49,0
DA:50,0
DA:54,1
DA:57,1
DA:58,1
DA:72,1
DA:81,1
DA:84,1
DA:94,1
DA:99,2
DA:100,2
DA:105,2
DA:106,2
DA:111,0
DA:112,0
DA:117,0
DA:118,0
DA:123,0
DA:124,0
DA:127,0
DA:128,0
DA:130,0
DA:131,0
DA:133,0
DA:134,0
DA:138,0
DA:139,0
DA:141,0
DA:151,0
DA:159,3
DA:162,3
DA:163,3
DA:164,0
DA:167,3
DA:169,2
DA:179,2
DA:187,2
DA:191,2
DA:192,1
DA:195,1
DA:200,1
DA:201,1
DA:203,1
LF:64
LH:40
BRDA:29,0,0,1
BRDA:32,1,0,1
BRDA:35,2,0,1
BRDA:35,3,0,2
BRDA:35,3,1,2
BRDA:35,3,2,2
BRDA:39,4,0,0
BRDA:43,5,0,0
BRDA:46,6,0,0
BRDA:46,7,0,0
BRDA:46,7,1,0
BRDA:46,7,2,0
BRDA:49,8,0,0
BRDA:49,9,0,0
BRDA:49,9,1,0
BRDA:49,9,2,0
BRDA:62,10,0,1
BRDA:62,10,1,1
BRDA:67,11,0,1
BRDA:67,11,1,1
BRDA:123,12,0,0
BRDA:127,13,0,0
BRDA:130,14,0,0
BRDA:130,15,0,0
BRDA:130,15,1,0
BRDA:130,15,2,0
BRDA:133,16,0,0
BRDA:133,17,0,0
BRDA:133,17,1,0
BRDA:133,17,2,0
BRDA:163,18,0,0
BRDA:187,19,0,1
BRDA:187,19,1,1
BRDA:191,20,0,1
BRDA:191,21,0,2
BRDA:191,21,1,1
BRF:36
BRH:15
end_of_record
TN:
SF:src\services\outbox.service.ts
FN:5,(anonymous_1)
FN:12,(anonymous_2)
FNF:2
FNH:2
FNDA:1,(anonymous_1)
FNDA:1,(anonymous_2)
DA:4,1
DA:5,1
DA:13,1
LF:3
LH:3
BRF:0
BRH:0
end_of_record
TN:
SF:src\services\payment.service.ts
FN:10,(anonymous_1)
FN:14,(anonymous_2)
FN:42,(anonymous_3)
FN:66,(anonymous_4)
FN:108,(anonymous_5)
FN:128,(anonymous_6)
FN:161,(anonymous_7)
FN:203,(anonymous_8)
FN:212,(anonymous_9)
FNF:9
FNH:1
FNDA:1,(anonymous_1)
FNDA:0,(anonymous_2)
FNDA:0,(anonymous_3)
FNDA:0,(anonymous_4)
FNDA:0,(anonymous_5)
FNDA:0,(anonymous_6)
FNDA:0,(anonymous_7)
FNDA:0,(anonymous_8)
FNDA:0,(anonymous_9)
DA:1,1
DA:2,1
DA:3,1
DA:7,1
DA:10,1
DA:11,1
DA:18,0
DA:21,0
DA:31,0
DA:33,0
DA:34,0
DA:38,0
DA:39,0
DA:41,0
DA:42,0
DA:46,0
DA:49,0
DA:50,0
DA:56,0
DA:57,0
DA:59,0
DA:60,0
DA:61,0
DA:62,0
DA:66,0
DA:67,0
DA:85,0
DA:86,0
DA:92,0
DA:95,0
DA:105,0
DA:112,0
DA:114,0
DA:119,0
DA:120,0
DA:122,0
DA:133,0
DA:135,0
DA:139,0
DA:142,0
DA:143,0
DA:157,0
DA:159,0
DA:160,0
DA:161,0
DA:164,0
DA:166,0
DA:167,0
DA:168,0
DA:174,0
DA:190,0
DA:200,0
DA:204,0
DA:208,0
DA:209,0
DA:213,0
DA:214,0
DA:216,0
DA:221,0
LF:59
LH:6
BRDA:31,0,0,0
BRDA:33,1,0,0
BRDA:33,2,0,0
BRDA:33,2,1,0
BRDA:49,3,0,0
BRDA:59,4,0,0
BRDA:59,4,1,0
BRDA:61,5,0,0
BRDA:73,6,0,0
BRDA:73,6,1,0
BRDA:77,7,0,0
BRDA:77,7,1,0
BRDA:81,8,0,0
BRDA:81,8,1,0
BRDA:85,9,0,0
BRDA:119,10,0,0
BRDA:120,11,0,0
BRDA:139,12,0,0
BRDA:142,13,0,0
BRDA:157,14,0,0
BRDA:166,15,0,0
BRDA:177,16,0,0
BRDA:177,16,1,0
BRDA:178,17,0,0
BRDA:178,17,1,0
BRDA:179,18,0,0
BRDA:179,18,1,0
BRDA:180,19,0,0
BRDA:180,19,1,0
BRDA:181,20,0,0
BRDA:181,20,1,0
BRDA:182,21,0,0
BRDA:182,21,1,0
BRDA:183,22,0,0
BRDA:183,22,1,0
BRDA:184,23,0,0
BRDA:184,23,1,0
BRDA:185,24,0,0
BRDA:185,24,1,0
BRDA:186,25,0,0
BRDA:186,25,1,0
BRDA:208,26,0,0
BRF:42
BRH:0
end_of_record
TN:
SF:src\services\permission.service.ts
FN:49,(anonymous_1)
FN:66,(anonymous_2)
FN:81,(anonymous_3)
FN:110,(anonymous_4)
FN:149,(anonymous_5)
FN:176,(anonymous_6)
FN:193,(anonymous_7)
FN:211,(anonymous_8)
FN:219,(anonymous_9)
FNF:9
FNH:7
FNDA:4,(anonymous_1)
FNDA:3,(anonymous_2)
FNDA:3,(anonymous_3)
FNDA:3,(anonymous_4)
FNDA:0,(anonymous_5)
FNDA:0,(anonymous_6)
FNDA:1,(anonymous_7)
FNDA:1,(anonymous_8)
FNDA:1,(anonymous_9)
DA:27,2
DA:29,2
DA:31,2
DA:32,2
DA:37,2
DA:39,2
DA:46,4
DA:49,4
DA:50,4
DA:70,3
DA:72,3
DA:73,0
DA:76,3
DA:82,3
DA:85,3
DA:86,3
DA:87,0
DA:88,0
DA:91,0
DA:92,0
DA:97,3
DA:100,2
DA:102,2
DA:111,3
DA:130,2
DA:132,2
DA:133,2
DA:134,66
DA:135,66
DA:137,66
DA:138,66
DA:139,66
DA:144,2
DA:150,0
DA:153,0
DA:154,0
DA:155,0
DA:156,0
DA:158,0
DA:159,0
DA:164,0
DA:169,0
DA:171,0
DA:172,0
DA:175,0
DA:176,0
DA:177,0
DA:179,0
DA:180,0
DA:194,1
DA:195,1
DA:197,1
DA:199,1
DA:212,1
DA:218,1
DA:219,1
DA:222,1
DA:223,1
LF:58
LH:37
BRDA:72,0,0,0
BRDA:86,1,0,0
BRDA:138,2,0,66
BRDA:138,3,0,66
BRDA:138,3,1,0
BRDA:138,4,0,0
BRDA:138,4,1,0
BRDA:138,5,0,0
BRDA:138,5,1,0
BRDA:154,6,0,0
BRDA:169,7,0,0
BRDA:197,8,0,1
BRF:12
BRH:3
end_of_record
TN:
SF:src\services\pipeline.service.ts
FN:23,(anonymous_1)
FN:25,(anonymous_2)
FN:30,(anonymous_3)
FN:36,(anonymous_4)
FN:42,(anonymous_5)
FN:48,(anonymous_6)
FN:57,(anonymous_7)
FN:72,(anonymous_8)
FN:115,(anonymous_9)
FN:137,(anonymous_10)
FNF:10
FNH:7
FNDA:7,(anonymous_1)
FNDA:6,(anonymous_2)
FNDA:1,(anonymous_3)
FNDA:2,(anonymous_4)
FNDA:0,(anonymous_5)
FNDA:1,(anonymous_6)
FNDA:2,(anonymous_7)
FNDA:12,(anonymous_8)
FNDA:0,(anonymous_9)
FNDA:0,(anonymous_10)
DA:1,2
DA:2,2
DA:22,7
DA:23,7
DA:26,6
DA:31,1
DA:32,1
DA:37,2
DA:38,2
DA:43,0
DA:44,0
DA:49,1
DA:50,1
DA:58,2
DA:66,2
DA:72,2
DA:73,12
DA:74,12
DA:77,2
DA:78,2
DA:80,2
DA:81,5
DA:83,5
DA:84,3
DA:86,3
DA:90,2
DA:93,2
DA:94,2
DA:95,2
DA:96,2
DA:99,2
DA:100,2
DA:102,2
DA:116,0
DA:117,0
DA:118,0
DA:120,0
DA:122,0
DA:123,0
DA:126,0
DA:133,0
DA:134,0
DA:136,0
DA:137,0
DA:139,0
DA:140,0
DA:141,0
DA:144,0
DA:145,0
DA:146,0
LF:50
LH:31
BRDA:81,0,0,5
BRDA:81,0,1,0
BRDA:83,1,0,3
BRDA:96,2,0,1
BRDA:96,2,1,1
BRDA:120,3,0,0
BRDA:123,4,0,0
BRDA:123,5,0,0
BRDA:123,5,1,0
BRDA:134,6,0,0
BRDA:141,7,0,0
BRDA:141,7,1,0
BRF:12
BRH:4
end_of_record
TN:
SF:src\services\policy-engine.service.ts
FN:12,(anonymous_1)
FN:14,(anonymous_2)
FN:80,(anonymous_3)
FN:121,(anonymous_4)
FN:156,(anonymous_5)
FN:159,(anonymous_6)
FN:194,(anonymous_7)
FNF:7
FNH:1
FNDA:4,(anonymous_1)
FNDA:0,(anonymous_2)
FNDA:0,(anonymous_3)
FNDA:0,(anonymous_4)
FNDA:0,(anonymous_5)
FNDA:0,(anonymous_6)
FNDA:0,(anonymous_7)
DA:4,2
DA:11,4
DA:12,4
DA:15,0
DA:18,0
DA:27,0
DA:29,0
DA:30,0
DA:31,0
DA:43,0
DA:44,0
DA:59,0
DA:80,0
DA:81,0
DA:82,0
DA:85,0
DA:86,0
DA:87,0
DA:88,0
DA:89,0
DA:90,0
DA:96,0
DA:97,0
DA:109,0
DA:122,0
DA:123,0
DA:125,0
DA:132,0
DA:156,0
DA:158,0
DA:159,0
DA:160,0
DA:161,0
DA:162,0
DA:172,0
DA:174,0
DA:175,0
DA:186,0
DA:190,0
DA:191,0
DA:193,0
DA:194,0
DA:195,0
DA:196,0
DA:197,0
DA:198,0
DA:199,0
DA:204,0
DA:205,0
DA:215,0
DA:228,0
LF:51
LH:3
BRDA:29,0,0,0
BRDA:29,1,0,0
BRDA:29,1,1,0
BRDA:29,1,2,0
BRDA:30,2,0,0
BRDA:39,3,0,0
BRDA:39,3,1,0
BRDA:43,4,0,0
BRDA:53,5,0,0
BRDA:53,5,1,0
BRDA:86,6,0,0
BRDA:89,7,0,0
BRDA:89,8,0,0
BRDA:89,8,1,0
BRDA:96,9,0,0
BRDA:160,10,0,0
BRDA:160,11,0,0
BRDA:160,11,1,0
BRDA:160,11,2,0
BRDA:161,12,0,0
BRDA:170,13,0,0
BRDA:170,13,1,0
BRDA:174,14,0,0
BRDA:184,15,0,0
BRDA:184,15,1,0
BRDA:195,16,0,0
BRDA:198,17,0,0
BRDA:198,18,0,0
BRDA:198,18,1,0
BRDA:204,19,0,0
BRDA:204,19,1,0
BRF:31
BRH:0
end_of_record
TN:
SF:src\services\token.service.ts
FN:17,(anonymous_2)
FN:30,(anonymous_3)
FNF:2
FNH:2
FNDA:3,(anonymous_2)
FNDA:4,(anonymous_3)
DA:1,2
DA:2,2
DA:5,2
DA:6,2
DA:8,2
DA:9,0
DA:12,7
DA:18,3
DA:31,4
LF:9
LH:8
BRDA:8,0,0,0
BRDA:8,1,0,2
BRDA:8,1,1,2
BRF:3
BRH:2
end_of_record
TN:
SF:src\services\user.service.ts
FN:11,(anonymous_1)
FN:23,(anonymous_2)
FN:90,(anonymous_3)
FN:151,(anonymous_4)
FN:179,(anonymous_5)
FNF:5
FNH:1
FNDA:1,(anonymous_1)
FNDA:0,(anonymous_2)
FNDA:0,(anonymous_3)
FNDA:0,(anonymous_4)
FNDA:0,(anonymous_5)
DA:1,1
DA:2,1
DA:6,1
DA:8,1
DA:11,1
DA:12,1
DA:29,0
DA:33,0
DA:36,0
DA:37,0
DA:38,0
DA:42,0
DA:56,0
DA:65,0
DA:79,0
DA:96,0
DA:100,0
DA:103,0
DA:104,0
DA:108,0
DA:122,0
DA:131,0
DA:145,0
DA:152,0
DA:172,0
DA:173,0
DA:180,0
LF:27
LH:6
BRDA:33,0,0,0
BRDA:37,1,0,0
BRDA:100,2,0,0
BRDA:103,3,0,0
BRDA:172,4,0,0
BRF:5
BRH:0
end_of_record
TN:
SF:src\types\exceptions.ts
FN:8,(anonymous_25)
FN:20,(anonymous_26)
FN:26,(anonymous_27)
FN:32,(anonymous_28)
FN:38,(anonymous_29)
FN:44,(anonymous_30)
FN:50,(anonymous_31)
FN:56,(anonymous_32)
FN:62,(anonymous_33)
FN:68,(anonymous_34)
FN:74,(anonymous_35)
FN:80,(anonymous_36)
FN:86,(anonymous_37)
FN:92,(anonymous_38)
FN:98,(anonymous_39)
FN:104,(anonymous_40)
FN:110,(anonymous_41)
FN:116,(anonymous_42)
FN:122,(anonymous_43)
FN:128,(anonymous_44)
FN:134,(anonymous_45)
FN:140,(anonymous_46)
FNF:22
FNH:5
FNDA:20,(anonymous_25)
FNDA:8,(anonymous_26)
FNDA:0,(anonymous_27)
FNDA:0,(anonymous_28)
FNDA:0,(anonymous_29)
FNDA:1,(anonymous_30)
FNDA:0,(anonymous_31)
FNDA:7,(anonymous_32)
FNDA:0,(anonymous_33)
FNDA:0,(anonymous_34)
FNDA:0,(anonymous_35)
FNDA:0,(anonymous_36)
FNDA:0,(anonymous_37)
FNDA:0,(anonymous_38)
FNDA:0,(anonymous_39)
FNDA:0,(anonymous_40)
FNDA:0,(anonymous_41)
FNDA:0,(anonymous_42)
FNDA:0,(anonymous_43)
FNDA:1,(anonymous_44)
FNDA:0,(anonymous_45)
FNDA:0,(anonymous_46)
DA:1,8
DA:7,4
DA:14,20
DA:15,20
DA:19,8
DA:21,8
DA:25,1
DA:27,0
DA:31,0
DA:33,0
DA:37,1
DA:39,0
DA:43,2
DA:45,1
DA:49,0
DA:51,0
DA:55,7
DA:57,7
DA:61,0
DA:63,0
DA:67,0
DA:69,0
DA:73,0
DA:75,0
DA:79,0
DA:81,0
DA:85,0
DA:87,0
DA:91,0
DA:93,0
DA:97,0
DA:99,0
DA:103,0
DA:105,0
DA:109,0
DA:111,0
DA:115,0
DA:117,0
DA:121,0
DA:123,0
DA:127,1
DA:129,1
DA:133,0
DA:135,0
DA:139,0
DA:141,0
LF:46
LH:14
BRDA:26,0,0,0
BRDA:128,1,0,1
BRF:2
BRH:1
end_of_record
TN:
SF:src\utils\logger.ts
FN:12,(anonymous_2)
FNF:1
FNH:1
FNDA:6,(anonymous_2)
DA:1,2
DA:2,2
DA:6,2
DA:8,6
DA:13,6
DA:14,6
LF:6
LH:6
BRDA:6,0,0,2
BRDA:6,0,1,2
BRDA:14,1,0,5
BRDA:14,1,1,1
BRDA:31,2,0,2
BRDA:31,2,1,0
BRF:6
BRH:5
end_of_record
TN:
SF:src\utils\requestContext.ts
FN:10,getCorrelationId
FNF:1
FNH:1
FNDA:7,getCorrelationId
DA:1,2
DA:8,7
DA:10,7
DA:11,7
LF:4
LH:4
BRF:0
BRH:0
end_of_record
TN:
SF:src\utils\scope.helper.ts
FN:29,buildOwnerFilter
FN:49,(anonymous_2)
FN:61,(anonymous_3)
FNF:3
FNH:0
FNDA:0,buildOwnerFilter
FNDA:0,(anonymous_2)
FNDA:0,(anonymous_3)
DA:29,0
DA:36,0
DA:38,0
DA:41,0
DA:43,0
DA:45,0
DA:49,0
DA:53,0
DA:55,0
DA:57,0
DA:61,0
DA:67,0
LF:12
LH:0
BRDA:36,0,0,0
BRDA:36,0,1,0
BRDA:36,0,2,0
BRDA:36,0,3,0
BRDA:36,0,4,0
BRDA:41,1,0,0
BRDA:53,2,0,0
BRF:7
BRH:0
end_of_record
TN:
SF:src\workers\outbox-worker.ts
FN:11,processOutbox
FN:74,startWorker
FN:80,(anonymous_2)
FN:86,(anonymous_3)
FNF:4
FNH:0
FNDA:0,processOutbox
FNDA:0,startWorker
FNDA:0,(anonymous_2)
FNDA:0,(anonymous_3)
DA:4,0
DA:5,0
DA:7,0
DA:8,0
DA:9,0
DA:12,0
DA:13,0
DA:23,0
DA:24,0
DA:25,0
DA:27,0
DA:28,0
DA:29,0
DA:31,0
DA:33,0
DA:34,0
DA:36,0
DA:41,0
DA:49,0
DA:51,0
DA:52,0
DA:53,0
DA:55,0
DA:66,0
DA:70,0
DA:75,0
DA:78,0
DA:79,0
DA:80,0
DA:85,0
DA:86,0
DA:87,0
DA:88,0
LF:33
LH:0
BRDA:25,0,0,0
BRDA:25,1,0,0
BRDA:25,1,1,0
BRDA:25,1,2,0
BRDA:29,2,0,0
BRDA:29,2,1,0
BRDA:31,3,0,0
BRDA:31,3,1,0
BRDA:34,4,0,0
BRDA:51,5,0,0
BRDA:51,5,1,0
BRDA:53,6,0,0
BRDA:53,6,1,0
BRDA:62,7,0,0
BRDA:62,7,1,0
BRDA:70,8,0,0
BRDA:70,8,1,0
BRDA:85,9,0,0
BRF:18
BRH:0
end_of_record
